0:0:0:0:0:0:0:1 - - [29/Dec/2021:10:28:43 +0530] "GET / HTTP/1.1" 200 1150
0:0:0:0:0:0:0:1 - - [29/Dec/2021:10:28:43 +0530] "GET /css/main.css HTTP/1.1" 200 1539
0:0:0:0:0:0:0:1 - - [29/Dec/2021:10:28:43 +0530] "GET /css/ledger.css HTTP/1.1" 200 750
0:0:0:0:0:0:0:1 - - [29/Dec/2021:10:28:43 +0530] "GET /css/index.css HTTP/1.1" 200 631
0:0:0:0:0:0:0:1 - - [29/Dec/2021:10:28:43 +0530] "GET /favicon.ico HTTP/1.1" 302 -
0:0:0:0:0:0:0:1 - - [29/Dec/2021:10:28:43 +0530] "GET /login HTTP/1.1" 200 1403
0:0:0:0:0:0:0:1 - - [29/Dec/2021:10:30:46 +0530] "GET / HTTP/1.1" 200 1150
0:0:0:0:0:0:0:1 - - [29/Dec/2021:10:30:46 +0530] "GET /css/index.css HTTP/1.1" 200 631
0:0:0:0:0:0:0:1 - - [29/Dec/2021:10:30:46 +0530] "GET /css/main.css HTTP/1.1" 200 1539
0:0:0:0:0:0:0:1 - - [29/Dec/2021:10:30:46 +0530] "GET /css/ledger.css HTTP/1.1" 200 750
0:0:0:0:0:0:0:1 - - [29/Dec/2021:10:30:46 +0530] "GET /favicon.ico HTTP/1.1" 302 -
0:0:0:0:0:0:0:1 - - [29/Dec/2021:10:30:46 +0530] "GET /login HTTP/1.1" 200 1403
0:0:0:0:0:0:0:1 - - [29/Dec/2021:11:16:25 +0530] "GET / HTTP/1.1" 200 1150
0:0:0:0:0:0:0:1 - - [29/Dec/2021:11:16:25 +0530] "GET /css/main.css HTTP/1.1" 200 1539
0:0:0:0:0:0:0:1 - - [29/Dec/2021:11:16:25 +0530] "GET /css/ledger.css HTTP/1.1" 200 750
0:0:0:0:0:0:0:1 - - [29/Dec/2021:11:16:25 +0530] "GET /css/index.css HTTP/1.1" 200 631
0:0:0:0:0:0:0:1 - - [29/Dec/2021:11:16:25 +0530] "GET /favicon.ico HTTP/1.1" 302 -
0:0:0:0:0:0:0:1 - - [29/Dec/2021:11:16:25 +0530] "GET /login HTTP/1.1" 200 1403
0:0:0:0:0:0:0:1 - - [29/Dec/2021:11:16:27 +0530] "GET /login HTTP/1.1" 200 1403
0:0:0:0:0:0:0:1 - - [29/Dec/2021:11:16:27 +0530] "GET /favicon.ico HTTP/1.1" 302 -
0:0:0:0:0:0:0:1 - - [29/Dec/2021:11:16:27 +0530] "GET /login HTTP/1.1" 200 1403
0:0:0:0:0:0:0:1 - - [29/Dec/2021:11:16:28 +0530] "POST /login HTTP/1.1" 302 -
0:0:0:0:0:0:0:1 - - [29/Dec/2021:11:16:28 +0530] "GET /company_selection HTTP/1.1" 200 2091
0:0:0:0:0:0:0:1 - - [29/Dec/2021:11:16:28 +0530] "GET /css/ledger.css HTTP/1.1" 200 750
0:0:0:0:0:0:0:1 - - [29/Dec/2021:11:16:28 +0530] "GET /css/main.css HTTP/1.1" 200 1539
0:0:0:0:0:0:0:1 - - [29/Dec/2021:11:16:28 +0530] "GET /css/index.css HTTP/1.1" 200 631
0:0:0:0:0:0:0:1 - - [29/Dec/2021:11:16:28 +0530] "GET /favicon.ico HTTP/1.1" 404 144
0:0:0:0:0:0:0:1 - - [29/Dec/2021:11:16:31 +0530] "POST /companyselect HTTP/1.1" 200 1932
0:0:0:0:0:0:0:1 - - [29/Dec/2021:11:16:31 +0530] "GET /css/ledger.css HTTP/1.1" 200 750
0:0:0:0:0:0:0:1 - - [29/Dec/2021:11:16:31 +0530] "GET /css/index.css HTTP/1.1" 200 631
0:0:0:0:0:0:0:1 - - [29/Dec/2021:11:16:31 +0530] "GET /css/main.css HTTP/1.1" 200 1539
0:0:0:0:0:0:0:1 - - [29/Dec/2021:11:16:33 +0530] "POST /StoreCompany HTTP/1.1" 302 -
0:0:0:0:0:0:0:1 - - [29/Dec/2021:11:16:33 +0530] "GET /reports HTTP/1.1" 200 1651
0:0:0:0:0:0:0:1 - - [29/Dec/2021:11:16:33 +0530] "GET /css/index.css HTTP/1.1" 200 631
0:0:0:0:0:0:0:1 - - [29/Dec/2021:11:16:33 +0530] "GET /css/main.css HTTP/1.1" 200 1539
0:0:0:0:0:0:0:1 - - [29/Dec/2021:11:16:33 +0530] "GET /css/ledger.css HTTP/1.1" 200 750
0:0:0:0:0:0:0:1 - - [29/Dec/2021:11:16:34 +0530] "GET /findDaybook HTTP/1.1" 200 2219
0:0:0:0:0:0:0:1 - - [29/Dec/2021:11:16:34 +0530] "GET /css/main.css HTTP/1.1" 200 1539
0:0:0:0:0:0:0:1 - - [29/Dec/2021:11:16:34 +0530] "GET /css/index.css HTTP/1.1" 200 631
0:0:0:0:0:0:0:1 - - [29/Dec/2021:11:16:34 +0530] "GET /css/ledger.css HTTP/1.1" 200 750
0:0:0:0:0:0:0:1 - - [29/Dec/2021:11:16:34 +0530] "GET /script/daybook.js HTTP/1.1" 200 270
0:0:0:0:0:0:0:1 - - [29/Dec/2021:11:16:36 +0530] "POST /daybooks HTTP/1.1" 200 53196
0:0:0:0:0:0:0:1 - - [29/Dec/2021:11:16:36 +0530] "GET /css/ledger.css HTTP/1.1" 200 750
0:0:0:0:0:0:0:1 - - [29/Dec/2021:11:16:36 +0530] "GET /css/index.css HTTP/1.1" 200 631
0:0:0:0:0:0:0:1 - - [29/Dec/2021:11:16:36 +0530] "GET /css/main.css HTTP/1.1" 200 1539
0:0:0:0:0:0:0:1 - - [29/Dec/2021:11:16:45 +0530] "GET /reports HTTP/1.1" 200 1651
0:0:0:0:0:0:0:1 - - [29/Dec/2021:11:16:45 +0530] "GET /css/index.css HTTP/1.1" 200 631
0:0:0:0:0:0:0:1 - - [29/Dec/2021:11:16:45 +0530] "GET /css/main.css HTTP/1.1" 200 1539
0:0:0:0:0:0:0:1 - - [29/Dec/2021:11:16:45 +0530] "GET /css/ledger.css HTTP/1.1" 200 750
0:0:0:0:0:0:0:1 - - [29/Dec/2021:11:16:46 +0530] "GET /findLedger HTTP/1.1" 200 12498
0:0:0:0:0:0:0:1 - - [29/Dec/2021:11:16:46 +0530] "GET /css/index.css HTTP/1.1" 200 631
0:0:0:0:0:0:0:1 - - [29/Dec/2021:11:16:46 +0530] "GET /css/ledger.css HTTP/1.1" 200 750
0:0:0:0:0:0:0:1 - - [29/Dec/2021:11:16:46 +0530] "GET /css/main.css HTTP/1.1" 200 1539
0:0:0:0:0:0:0:1 - - [29/Dec/2021:11:16:46 +0530] "GET /script/ledger_script.js HTTP/1.1" 200 1278
0:0:0:0:0:0:0:1 - - [29/Dec/2021:11:16:49 +0530] "POST /ledger HTTP/1.1" 200 91062
0:0:0:0:0:0:0:1 - - [29/Dec/2021:11:16:49 +0530] "GET /css/ledger.css HTTP/1.1" 200 750
0:0:0:0:0:0:0:1 - - [29/Dec/2021:11:16:49 +0530] "GET /css/main.css HTTP/1.1" 200 1539
0:0:0:0:0:0:0:1 - - [29/Dec/2021:11:16:49 +0530] "GET /css/index.css HTTP/1.1" 200 631
0:0:0:0:0:0:0:1 - - [29/Dec/2021:11:16:52 +0530] "GET /reports HTTP/1.1" 200 1651
0:0:0:0:0:0:0:1 - - [29/Dec/2021:11:16:52 +0530] "GET /css/main.css HTTP/1.1" 200 1539
0:0:0:0:0:0:0:1 - - [29/Dec/2021:11:16:52 +0530] "GET /css/index.css HTTP/1.1" 200 631
0:0:0:0:0:0:0:1 - - [29/Dec/2021:11:16:52 +0530] "GET /css/ledger.css HTTP/1.1" 200 750
0:0:0:0:0:0:0:1 - - [29/Dec/2021:11:16:53 +0530] "GET /findLedger HTTP/1.1" 200 12498
0:0:0:0:0:0:0:1 - - [29/Dec/2021:11:16:53 +0530] "GET /css/main.css HTTP/1.1" 200 1539
0:0:0:0:0:0:0:1 - - [29/Dec/2021:11:16:53 +0530] "GET /script/ledger_script.js HTTP/1.1" 200 1278
0:0:0:0:0:0:0:1 - - [29/Dec/2021:11:16:53 +0530] "GET /css/ledger.css HTTP/1.1" 200 750
0:0:0:0:0:0:0:1 - - [29/Dec/2021:11:16:53 +0530] "GET /css/index.css HTTP/1.1" 200 631
0:0:0:0:0:0:0:1 - - [29/Dec/2021:11:16:56 +0530] "POST /ledger HTTP/1.1" 200 82687
0:0:0:0:0:0:0:1 - - [29/Dec/2021:11:16:56 +0530] "GET /css/main.css HTTP/1.1" 200 1539
0:0:0:0:0:0:0:1 - - [29/Dec/2021:11:16:56 +0530] "GET /css/index.css HTTP/1.1" 200 631
0:0:0:0:0:0:0:1 - - [29/Dec/2021:11:16:56 +0530] "GET /css/ledger.css HTTP/1.1" 200 750
0:0:0:0:0:0:0:1 - - [29/Dec/2021:11:16:58 +0530] "GET /reports HTTP/1.1" 200 1651
0:0:0:0:0:0:0:1 - - [29/Dec/2021:11:16:58 +0530] "GET /css/main.css HTTP/1.1" 200 1539
0:0:0:0:0:0:0:1 - - [29/Dec/2021:11:16:58 +0530] "GET /css/index.css HTTP/1.1" 200 631
0:0:0:0:0:0:0:1 - - [29/Dec/2021:11:16:58 +0530] "GET /css/ledger.css HTTP/1.1" 200 750
0:0:0:0:0:0:0:1 - - [29/Dec/2021:11:16:59 +0530] "GET /findTrialBal HTTP/1.1" 200 12407
0:0:0:0:0:0:0:1 - - [29/Dec/2021:11:16:59 +0530] "GET /css/index.css HTTP/1.1" 200 631
0:0:0:0:0:0:0:1 - - [29/Dec/2021:11:16:59 +0530] "GET /css/ledger.css HTTP/1.1" 200 750
0:0:0:0:0:0:0:1 - - [29/Dec/2021:11:16:59 +0530] "GET /css/main.css HTTP/1.1" 200 1539
0:0:0:0:0:0:0:1 - - [29/Dec/2021:11:16:59 +0530] "GET /script/disableselect.js HTTP/1.1" 200 1385
0:0:0:0:0:0:0:1 - - [29/Dec/2021:11:17:00 +0530] "POST /trial HTTP/1.1" 200 13642
0:0:0:0:0:0:0:1 - - [29/Dec/2021:11:17:00 +0530] "GET /css/index.css HTTP/1.1" 200 631
0:0:0:0:0:0:0:1 - - [29/Dec/2021:11:17:00 +0530] "GET /css/ledger.css HTTP/1.1" 200 750
0:0:0:0:0:0:0:1 - - [29/Dec/2021:11:17:00 +0530] "GET /css/main.css HTTP/1.1" 200 1539
0:0:0:0:0:0:0:1 - - [29/Dec/2021:11:17:15 +0530] "GET /reports HTTP/1.1" 200 1651
0:0:0:0:0:0:0:1 - - [29/Dec/2021:11:17:15 +0530] "GET /css/main.css HTTP/1.1" 200 1539
0:0:0:0:0:0:0:1 - - [29/Dec/2021:11:17:15 +0530] "GET /css/index.css HTTP/1.1" 200 631
0:0:0:0:0:0:0:1 - - [29/Dec/2021:11:17:15 +0530] "GET /css/ledger.css HTTP/1.1" 200 750
0:0:0:0:0:0:0:1 - - [29/Dec/2021:11:17:17 +0530] "GET /findLedger HTTP/1.1" 200 12498
0:0:0:0:0:0:0:1 - - [29/Dec/2021:11:17:17 +0530] "GET /css/index.css HTTP/1.1" 200 631
0:0:0:0:0:0:0:1 - - [29/Dec/2021:11:17:17 +0530] "GET /css/ledger.css HTTP/1.1" 200 750
0:0:0:0:0:0:0:1 - - [29/Dec/2021:11:17:17 +0530] "GET /css/main.css HTTP/1.1" 200 1539
0:0:0:0:0:0:0:1 - - [29/Dec/2021:11:17:17 +0530] "GET /script/ledger_script.js HTTP/1.1" 200 1278
0:0:0:0:0:0:0:1 - - [29/Dec/2021:11:17:21 +0530] "GET /reports HTTP/1.1" 200 1651
0:0:0:0:0:0:0:1 - - [29/Dec/2021:11:17:21 +0530] "GET /css/ledger.css HTTP/1.1" 200 750
0:0:0:0:0:0:0:1 - - [29/Dec/2021:11:17:21 +0530] "GET /css/index.css HTTP/1.1" 200 631
0:0:0:0:0:0:0:1 - - [29/Dec/2021:11:17:21 +0530] "GET /css/main.css HTTP/1.1" 200 1539
0:0:0:0:0:0:0:1 - - [29/Dec/2021:11:17:22 +0530] "GET /findTrialBal HTTP/1.1" 200 12407
0:0:0:0:0:0:0:1 - - [29/Dec/2021:11:17:22 +0530] "GET /css/ledger.css HTTP/1.1" 200 750
0:0:0:0:0:0:0:1 - - [29/Dec/2021:11:17:22 +0530] "GET /css/main.css HTTP/1.1" 200 1539
0:0:0:0:0:0:0:1 - - [29/Dec/2021:11:17:22 +0530] "GET /script/disableselect.js HTTP/1.1" 200 1385
0:0:0:0:0:0:0:1 - - [29/Dec/2021:11:17:22 +0530] "GET /css/index.css HTTP/1.1" 200 631
0:0:0:0:0:0:0:1 - - [29/Dec/2021:11:17:26 +0530] "POST /trial HTTP/1.1" 200 3623
0:0:0:0:0:0:0:1 - - [29/Dec/2021:11:17:26 +0530] "GET /css/ledger.css HTTP/1.1" 200 750
0:0:0:0:0:0:0:1 - - [29/Dec/2021:11:17:26 +0530] "GET /css/index.css HTTP/1.1" 200 631
0:0:0:0:0:0:0:1 - - [29/Dec/2021:11:17:26 +0530] "GET /css/main.css HTTP/1.1" 200 1539
0:0:0:0:0:0:0:1 - - [29/Dec/2021:11:17:31 +0530] "GET /reports HTTP/1.1" 200 1651
0:0:0:0:0:0:0:1 - - [29/Dec/2021:11:17:31 +0530] "GET /css/main.css HTTP/1.1" 200 1539
0:0:0:0:0:0:0:1 - - [29/Dec/2021:11:17:31 +0530] "GET /css/index.css HTTP/1.1" 200 631
0:0:0:0:0:0:0:1 - - [29/Dec/2021:11:17:31 +0530] "GET /css/ledger.css HTTP/1.1" 200 750
0:0:0:0:0:0:0:1 - - [29/Dec/2021:11:17:33 +0530] "GET /findTrialBal HTTP/1.1" 200 12407
0:0:0:0:0:0:0:1 - - [29/Dec/2021:11:17:33 +0530] "GET /css/main.css HTTP/1.1" 200 1539
0:0:0:0:0:0:0:1 - - [29/Dec/2021:11:17:33 +0530] "GET /css/ledger.css HTTP/1.1" 200 750
0:0:0:0:0:0:0:1 - - [29/Dec/2021:11:17:33 +0530] "GET /script/disableselect.js HTTP/1.1" 200 1385
0:0:0:0:0:0:0:1 - - [29/Dec/2021:11:17:33 +0530] "GET /css/index.css HTTP/1.1" 200 631
0:0:0:0:0:0:0:1 - - [29/Dec/2021:11:17:38 +0530] "POST /trial HTTP/1.1" 200 11145
0:0:0:0:0:0:0:1 - - [29/Dec/2021:11:17:38 +0530] "GET /css/main.css HTTP/1.1" 200 1539
0:0:0:0:0:0:0:1 - - [29/Dec/2021:11:17:38 +0530] "GET /css/index.css HTTP/1.1" 200 631
0:0:0:0:0:0:0:1 - - [29/Dec/2021:11:17:38 +0530] "GET /css/ledger.css HTTP/1.1" 200 750
0:0:0:0:0:0:0:1 - - [29/Dec/2021:11:17:46 +0530] "GET /reports HTTP/1.1" 200 1651
0:0:0:0:0:0:0:1 - - [29/Dec/2021:11:17:46 +0530] "GET /css/main.css HTTP/1.1" 200 1539
0:0:0:0:0:0:0:1 - - [29/Dec/2021:11:17:46 +0530] "GET /css/ledger.css HTTP/1.1" 200 750
0:0:0:0:0:0:0:1 - - [29/Dec/2021:11:17:46 +0530] "GET /css/index.css HTTP/1.1" 200 631
0:0:0:0:0:0:0:1 - - [29/Dec/2021:11:17:47 +0530] "GET /findTrialBal HTTP/1.1" 200 12407
0:0:0:0:0:0:0:1 - - [29/Dec/2021:11:17:47 +0530] "GET /css/main.css HTTP/1.1" 200 1539
0:0:0:0:0:0:0:1 - - [29/Dec/2021:11:17:47 +0530] "GET /css/ledger.css HTTP/1.1" 200 750
0:0:0:0:0:0:0:1 - - [29/Dec/2021:11:17:47 +0530] "GET /script/disableselect.js HTTP/1.1" 200 1385
0:0:0:0:0:0:0:1 - - [29/Dec/2021:11:17:47 +0530] "GET /css/index.css HTTP/1.1" 200 631
0:0:0:0:0:0:0:1 - - [29/Dec/2021:11:17:53 +0530] "POST /trial HTTP/1.1" 200 10659
0:0:0:0:0:0:0:1 - - [29/Dec/2021:11:17:53 +0530] "GET /css/main.css HTTP/1.1" 200 1539
0:0:0:0:0:0:0:1 - - [29/Dec/2021:11:17:53 +0530] "GET /css/ledger.css HTTP/1.1" 200 750
0:0:0:0:0:0:0:1 - - [29/Dec/2021:11:17:53 +0530] "GET /css/index.css HTTP/1.1" 200 631
0:0:0:0:0:0:0:1 - - [29/Dec/2021:11:17:56 +0530] "GET /reports HTTP/1.1" 200 1651
0:0:0:0:0:0:0:1 - - [29/Dec/2021:11:17:56 +0530] "GET /css/index.css HTTP/1.1" 200 631
0:0:0:0:0:0:0:1 - - [29/Dec/2021:11:17:56 +0530] "GET /css/main.css HTTP/1.1" 200 1539
0:0:0:0:0:0:0:1 - - [29/Dec/2021:11:17:56 +0530] "GET /css/ledger.css HTTP/1.1" 200 750
0:0:0:0:0:0:0:1 - - [29/Dec/2021:11:17:56 +0530] "GET /findTradingPL HTTP/1.1" 200 7695
0:0:0:0:0:0:0:1 - - [29/Dec/2021:11:17:56 +0530] "GET /css/ledger.css HTTP/1.1" 200 750
0:0:0:0:0:0:0:1 - - [29/Dec/2021:11:17:56 +0530] "GET /script/disableselect.js HTTP/1.1" 200 1385
0:0:0:0:0:0:0:1 - - [29/Dec/2021:11:17:56 +0530] "GET /css/index.css HTTP/1.1" 200 631
0:0:0:0:0:0:0:1 - - [29/Dec/2021:11:17:56 +0530] "GET /css/main.css HTTP/1.1" 200 1539
0:0:0:0:0:0:0:1 - - [29/Dec/2021:11:18:00 +0530] "POST /tradingPL HTTP/1.1" 200 7031
0:0:0:0:0:0:0:1 - - [29/Dec/2021:11:18:00 +0530] "GET /css/main.css HTTP/1.1" 200 1539
0:0:0:0:0:0:0:1 - - [29/Dec/2021:11:18:00 +0530] "GET /css/index.css HTTP/1.1" 200 631
0:0:0:0:0:0:0:1 - - [29/Dec/2021:11:18:00 +0530] "GET /css/ledger.css HTTP/1.1" 200 750
0:0:0:0:0:0:0:1 - - [29/Dec/2021:11:18:01 +0530] "GET /reports HTTP/1.1" 200 1651
0:0:0:0:0:0:0:1 - - [29/Dec/2021:11:18:01 +0530] "GET /css/index.css HTTP/1.1" 200 631
0:0:0:0:0:0:0:1 - - [29/Dec/2021:11:18:01 +0530] "GET /css/ledger.css HTTP/1.1" 200 750
0:0:0:0:0:0:0:1 - - [29/Dec/2021:11:18:01 +0530] "GET /css/main.css HTTP/1.1" 200 1539
0:0:0:0:0:0:0:1 - - [29/Dec/2021:11:18:02 +0530] "GET /findTradingPL HTTP/1.1" 200 7695
0:0:0:0:0:0:0:1 - - [29/Dec/2021:11:18:02 +0530] "GET /script/disableselect.js HTTP/1.1" 200 1385
0:0:0:0:0:0:0:1 - - [29/Dec/2021:11:18:02 +0530] "GET /css/ledger.css HTTP/1.1" 200 750
0:0:0:0:0:0:0:1 - - [29/Dec/2021:11:18:02 +0530] "GET /css/index.css HTTP/1.1" 200 631
0:0:0:0:0:0:0:1 - - [29/Dec/2021:11:18:02 +0530] "GET /css/main.css HTTP/1.1" 200 1539
0:0:0:0:0:0:0:1 - - [29/Dec/2021:11:18:05 +0530] "POST /tradingPL HTTP/1.1" 200 8384
0:0:0:0:0:0:0:1 - - [29/Dec/2021:11:18:05 +0530] "GET /css/main.css HTTP/1.1" 200 1539
0:0:0:0:0:0:0:1 - - [29/Dec/2021:11:18:05 +0530] "GET /css/ledger.css HTTP/1.1" 200 750
0:0:0:0:0:0:0:1 - - [29/Dec/2021:11:18:05 +0530] "GET /css/index.css HTTP/1.1" 200 631
0:0:0:0:0:0:0:1 - - [29/Dec/2021:11:18:08 +0530] "GET /reports HTTP/1.1" 200 1651
0:0:0:0:0:0:0:1 - - [29/Dec/2021:11:18:08 +0530] "GET /css/main.css HTTP/1.1" 200 1539
0:0:0:0:0:0:0:1 - - [29/Dec/2021:11:18:08 +0530] "GET /css/index.css HTTP/1.1" 200 631
0:0:0:0:0:0:0:1 - - [29/Dec/2021:11:18:08 +0530] "GET /css/ledger.css HTTP/1.1" 200 750
0:0:0:0:0:0:0:1 - - [29/Dec/2021:11:18:09 +0530] "GET /findTradingPL HTTP/1.1" 200 7695
0:0:0:0:0:0:0:1 - - [29/Dec/2021:11:18:09 +0530] "GET /css/ledger.css HTTP/1.1" 200 750
0:0:0:0:0:0:0:1 - - [29/Dec/2021:11:18:09 +0530] "GET /css/main.css HTTP/1.1" 200 1539
0:0:0:0:0:0:0:1 - - [29/Dec/2021:11:18:09 +0530] "GET /css/index.css HTTP/1.1" 200 631
0:0:0:0:0:0:0:1 - - [29/Dec/2021:11:18:09 +0530] "GET /script/disableselect.js HTTP/1.1" 200 1385
0:0:0:0:0:0:0:1 - - [29/Dec/2021:11:18:37 +0530] "POST /tradingPL HTTP/1.1" 200 8384
0:0:0:0:0:0:0:1 - - [29/Dec/2021:11:18:37 +0530] "GET /css/main.css HTTP/1.1" 200 1539
0:0:0:0:0:0:0:1 - - [29/Dec/2021:11:18:37 +0530] "GET /css/index.css HTTP/1.1" 200 631
0:0:0:0:0:0:0:1 - - [29/Dec/2021:11:18:37 +0530] "GET /css/ledger.css HTTP/1.1" 200 750
0:0:0:0:0:0:0:1 - - [29/Dec/2021:11:18:39 +0530] "GET /reports HTTP/1.1" 200 1651
0:0:0:0:0:0:0:1 - - [29/Dec/2021:11:18:39 +0530] "GET /css/index.css HTTP/1.1" 200 631
0:0:0:0:0:0:0:1 - - [29/Dec/2021:11:18:39 +0530] "GET /css/ledger.css HTTP/1.1" 200 750
0:0:0:0:0:0:0:1 - - [29/Dec/2021:11:18:39 +0530] "GET /css/main.css HTTP/1.1" 200 1539
0:0:0:0:0:0:0:1 - - [29/Dec/2021:11:18:40 +0530] "GET /findTradingPL HTTP/1.1" 200 7695
0:0:0:0:0:0:0:1 - - [29/Dec/2021:11:18:40 +0530] "GET /css/ledger.css HTTP/1.1" 200 750
0:0:0:0:0:0:0:1 - - [29/Dec/2021:11:18:40 +0530] "GET /css/main.css HTTP/1.1" 200 1539
0:0:0:0:0:0:0:1 - - [29/Dec/2021:11:18:40 +0530] "GET /script/disableselect.js HTTP/1.1" 200 1385
0:0:0:0:0:0:0:1 - - [29/Dec/2021:11:18:40 +0530] "GET /css/index.css HTTP/1.1" 200 631
0:0:0:0:0:0:0:1 - - [29/Dec/2021:11:18:42 +0530] "POST /tradingPL HTTP/1.1" 200 7031
0:0:0:0:0:0:0:1 - - [29/Dec/2021:11:18:42 +0530] "GET /css/main.css HTTP/1.1" 200 1539
0:0:0:0:0:0:0:1 - - [29/Dec/2021:11:18:42 +0530] "GET /css/index.css HTTP/1.1" 200 631
0:0:0:0:0:0:0:1 - - [29/Dec/2021:11:18:42 +0530] "GET /css/ledger.css HTTP/1.1" 200 750
0:0:0:0:0:0:0:1 - - [29/Dec/2021:11:18:43 +0530] "GET /reports HTTP/1.1" 200 1651
0:0:0:0:0:0:0:1 - - [29/Dec/2021:11:18:43 +0530] "GET /css/index.css HTTP/1.1" 200 631
0:0:0:0:0:0:0:1 - - [29/Dec/2021:11:18:43 +0530] "GET /css/main.css HTTP/1.1" 200 1539
0:0:0:0:0:0:0:1 - - [29/Dec/2021:11:18:43 +0530] "GET /css/ledger.css HTTP/1.1" 200 750
0:0:0:0:0:0:0:1 - - [29/Dec/2021:11:18:44 +0530] "GET /findTradingPL HTTP/1.1" 200 7695
0:0:0:0:0:0:0:1 - - [29/Dec/2021:11:18:44 +0530] "GET /css/index.css HTTP/1.1" 200 631
0:0:0:0:0:0:0:1 - - [29/Dec/2021:11:18:44 +0530] "GET /css/main.css HTTP/1.1" 200 1539
0:0:0:0:0:0:0:1 - - [29/Dec/2021:11:18:44 +0530] "GET /css/ledger.css HTTP/1.1" 200 750
0:0:0:0:0:0:0:1 - - [29/Dec/2021:11:18:44 +0530] "GET /script/disableselect.js HTTP/1.1" 200 1385
0:0:0:0:0:0:0:1 - - [29/Dec/2021:11:18:50 +0530] "POST /tradingPL HTTP/1.1" 200 4380
0:0:0:0:0:0:0:1 - - [29/Dec/2021:11:18:50 +0530] "GET /css/index.css HTTP/1.1" 200 631
0:0:0:0:0:0:0:1 - - [29/Dec/2021:11:18:50 +0530] "GET /css/ledger.css HTTP/1.1" 200 750
0:0:0:0:0:0:0:1 - - [29/Dec/2021:11:18:50 +0530] "GET /css/main.css HTTP/1.1" 200 1539
0:0:0:0:0:0:0:1 - - [29/Dec/2021:11:19:07 +0530] "GET /reports HTTP/1.1" 200 1651
0:0:0:0:0:0:0:1 - - [29/Dec/2021:11:19:07 +0530] "GET /css/main.css HTTP/1.1" 200 1539
0:0:0:0:0:0:0:1 - - [29/Dec/2021:11:19:07 +0530] "GET /css/index.css HTTP/1.1" 200 631
0:0:0:0:0:0:0:1 - - [29/Dec/2021:11:19:07 +0530] "GET /css/ledger.css HTTP/1.1" 200 750
0:0:0:0:0:0:0:1 - - [29/Dec/2021:11:19:08 +0530] "GET /findBalSheet HTTP/1.1" 200 8669
0:0:0:0:0:0:0:1 - - [29/Dec/2021:11:19:08 +0530] "GET /script/disableselect.js HTTP/1.1" 200 1385
0:0:0:0:0:0:0:1 - - [29/Dec/2021:11:19:08 +0530] "GET /css/index.css HTTP/1.1" 200 631
0:0:0:0:0:0:0:1 - - [29/Dec/2021:11:19:08 +0530] "GET /css/ledger.css HTTP/1.1" 200 750
0:0:0:0:0:0:0:1 - - [29/Dec/2021:11:19:08 +0530] "GET /css/main.css HTTP/1.1" 200 1539
0:0:0:0:0:0:0:1 - - [29/Dec/2021:11:19:09 +0530] "POST /BalanceSheet HTTP/1.1" 200 7737
0:0:0:0:0:0:0:1 - - [29/Dec/2021:11:19:09 +0530] "GET /css/main.css HTTP/1.1" 200 1539
0:0:0:0:0:0:0:1 - - [29/Dec/2021:11:19:09 +0530] "GET /css/ledger.css HTTP/1.1" 200 750
0:0:0:0:0:0:0:1 - - [29/Dec/2021:11:19:09 +0530] "GET /css/index.css HTTP/1.1" 200 631
0:0:0:0:0:0:0:1 - - [29/Dec/2021:11:19:11 +0530] "GET /reports HTTP/1.1" 200 1651
0:0:0:0:0:0:0:1 - - [29/Dec/2021:11:19:11 +0530] "GET /css/index.css HTTP/1.1" 200 631
0:0:0:0:0:0:0:1 - - [29/Dec/2021:11:19:11 +0530] "GET /css/ledger.css HTTP/1.1" 200 750
0:0:0:0:0:0:0:1 - - [29/Dec/2021:11:19:11 +0530] "GET /css/main.css HTTP/1.1" 200 1539
0:0:0:0:0:0:0:1 - - [29/Dec/2021:11:19:12 +0530] "GET /findBalSheet HTTP/1.1" 200 8669
0:0:0:0:0:0:0:1 - - [29/Dec/2021:11:19:12 +0530] "GET /css/ledger.css HTTP/1.1" 200 750
0:0:0:0:0:0:0:1 - - [29/Dec/2021:11:19:12 +0530] "GET /css/index.css HTTP/1.1" 200 631
0:0:0:0:0:0:0:1 - - [29/Dec/2021:11:19:12 +0530] "GET /css/main.css HTTP/1.1" 200 1539
0:0:0:0:0:0:0:1 - - [29/Dec/2021:11:19:12 +0530] "GET /script/disableselect.js HTTP/1.1" 200 1385
0:0:0:0:0:0:0:1 - - [29/Dec/2021:11:19:16 +0530] "POST /BalanceSheet HTTP/1.1" 200 10516
0:0:0:0:0:0:0:1 - - [29/Dec/2021:11:19:16 +0530] "GET /css/ledger.css HTTP/1.1" 200 750
0:0:0:0:0:0:0:1 - - [29/Dec/2021:11:19:16 +0530] "GET /css/main.css HTTP/1.1" 200 1539
0:0:0:0:0:0:0:1 - - [29/Dec/2021:11:19:16 +0530] "GET /css/index.css HTTP/1.1" 200 631
0:0:0:0:0:0:0:1 - - [29/Dec/2021:11:19:24 +0530] "GET /reports HTTP/1.1" 200 1651
0:0:0:0:0:0:0:1 - - [29/Dec/2021:11:19:24 +0530] "GET /css/main.css HTTP/1.1" 200 1539
0:0:0:0:0:0:0:1 - - [29/Dec/2021:11:19:24 +0530] "GET /css/ledger.css HTTP/1.1" 200 750
0:0:0:0:0:0:0:1 - - [29/Dec/2021:11:19:24 +0530] "GET /css/index.css HTTP/1.1" 200 631
0:0:0:0:0:0:0:1 - - [29/Dec/2021:11:19:25 +0530] "GET /findBalSheet HTTP/1.1" 200 8669
0:0:0:0:0:0:0:1 - - [29/Dec/2021:11:19:25 +0530] "GET /css/index.css HTTP/1.1" 200 631
0:0:0:0:0:0:0:1 - - [29/Dec/2021:11:19:25 +0530] "GET /script/disableselect.js HTTP/1.1" 200 1385
0:0:0:0:0:0:0:1 - - [29/Dec/2021:11:19:25 +0530] "GET /css/ledger.css HTTP/1.1" 200 750
0:0:0:0:0:0:0:1 - - [29/Dec/2021:11:19:25 +0530] "GET /css/main.css HTTP/1.1" 200 1539
0:0:0:0:0:0:0:1 - - [29/Dec/2021:11:19:30 +0530] "POST /BalanceSheet HTTP/1.1" 200 3050
0:0:0:0:0:0:0:1 - - [29/Dec/2021:11:19:30 +0530] "GET /css/index.css HTTP/1.1" 200 631
0:0:0:0:0:0:0:1 - - [29/Dec/2021:11:19:30 +0530] "GET /css/ledger.css HTTP/1.1" 200 750
0:0:0:0:0:0:0:1 - - [29/Dec/2021:11:19:30 +0530] "GET /css/main.css HTTP/1.1" 200 1539
0:0:0:0:0:0:0:1 - - [29/Dec/2021:11:19:55 +0530] "GET /reports HTTP/1.1" 200 1651
0:0:0:0:0:0:0:1 - - [29/Dec/2021:11:19:55 +0530] "GET /css/ledger.css HTTP/1.1" 200 750
0:0:0:0:0:0:0:1 - - [29/Dec/2021:11:19:55 +0530] "GET /css/main.css HTTP/1.1" 200 1539
0:0:0:0:0:0:0:1 - - [29/Dec/2021:11:19:55 +0530] "GET /css/index.css HTTP/1.1" 200 631
0:0:0:0:0:0:0:1 - - [29/Dec/2021:11:19:56 +0530] "GET /findTradingPL HTTP/1.1" 200 7695
0:0:0:0:0:0:0:1 - - [29/Dec/2021:11:19:56 +0530] "GET /css/main.css HTTP/1.1" 200 1539
0:0:0:0:0:0:0:1 - - [29/Dec/2021:11:19:56 +0530] "GET /css/ledger.css HTTP/1.1" 200 750
0:0:0:0:0:0:0:1 - - [29/Dec/2021:11:19:56 +0530] "GET /css/index.css HTTP/1.1" 200 631
0:0:0:0:0:0:0:1 - - [29/Dec/2021:11:19:56 +0530] "GET /script/disableselect.js HTTP/1.1" 200 1385
0:0:0:0:0:0:0:1 - - [29/Dec/2021:11:19:59 +0530] "POST /tradingPL HTTP/1.1" 200 8384
0:0:0:0:0:0:0:1 - - [29/Dec/2021:11:19:59 +0530] "GET /css/main.css HTTP/1.1" 200 1539
0:0:0:0:0:0:0:1 - - [29/Dec/2021:11:19:59 +0530] "GET /css/index.css HTTP/1.1" 200 631
0:0:0:0:0:0:0:1 - - [29/Dec/2021:11:19:59 +0530] "GET /css/ledger.css HTTP/1.1" 200 750
0:0:0:0:0:0:0:1 - - [29/Dec/2021:11:20:00 +0530] "GET /reports HTTP/1.1" 200 1651
0:0:0:0:0:0:0:1 - - [29/Dec/2021:11:20:00 +0530] "GET /css/main.css HTTP/1.1" 200 1539
0:0:0:0:0:0:0:1 - - [29/Dec/2021:11:20:00 +0530] "GET /css/index.css HTTP/1.1" 200 631
0:0:0:0:0:0:0:1 - - [29/Dec/2021:11:20:00 +0530] "GET /css/ledger.css HTTP/1.1" 200 750
0:0:0:0:0:0:0:1 - - [29/Dec/2021:11:20:02 +0530] "GET /findTradingPL HTTP/1.1" 200 7695
0:0:0:0:0:0:0:1 - - [29/Dec/2021:11:20:02 +0530] "GET /css/main.css HTTP/1.1" 200 1539
0:0:0:0:0:0:0:1 - - [29/Dec/2021:11:20:02 +0530] "GET /css/ledger.css HTTP/1.1" 200 750
0:0:0:0:0:0:0:1 - - [29/Dec/2021:11:20:02 +0530] "GET /css/index.css HTTP/1.1" 200 631
0:0:0:0:0:0:0:1 - - [29/Dec/2021:11:20:02 +0530] "GET /script/disableselect.js HTTP/1.1" 200 1385
0:0:0:0:0:0:0:1 - - [29/Dec/2021:11:20:03 +0530] "POST /tradingPL HTTP/1.1" 200 7031
0:0:0:0:0:0:0:1 - - [29/Dec/2021:11:20:03 +0530] "GET /css/main.css HTTP/1.1" 200 1539
0:0:0:0:0:0:0:1 - - [29/Dec/2021:11:20:03 +0530] "GET /css/index.css HTTP/1.1" 200 631
0:0:0:0:0:0:0:1 - - [29/Dec/2021:11:20:03 +0530] "GET /css/ledger.css HTTP/1.1" 200 750
0:0:0:0:0:0:0:1 - - [29/Dec/2021:11:20:50 +0530] "GET /reports HTTP/1.1" 200 1651
0:0:0:0:0:0:0:1 - - [29/Dec/2021:11:20:50 +0530] "GET /css/index.css HTTP/1.1" 200 631
0:0:0:0:0:0:0:1 - - [29/Dec/2021:11:20:50 +0530] "GET /css/ledger.css HTTP/1.1" 200 750
0:0:0:0:0:0:0:1 - - [29/Dec/2021:11:20:50 +0530] "GET /css/main.css HTTP/1.1" 200 1539
0:0:0:0:0:0:0:1 - - [29/Dec/2021:11:21:14 +0530] "GET /company_selection HTTP/1.1" 200 2091
0:0:0:0:0:0:0:1 - - [29/Dec/2021:11:21:14 +0530] "GET /css/ledger.css HTTP/1.1" 200 750
0:0:0:0:0:0:0:1 - - [29/Dec/2021:11:21:14 +0530] "GET /css/index.css HTTP/1.1" 200 631
0:0:0:0:0:0:0:1 - - [29/Dec/2021:11:21:14 +0530] "GET /css/main.css HTTP/1.1" 200 1539
0:0:0:0:0:0:0:1 - - [29/Dec/2021:11:23:02 +0530] "POST /companyselect HTTP/1.1" 200 1932
0:0:0:0:0:0:0:1 - - [29/Dec/2021:11:23:03 +0530] "GET /css/ledger.css HTTP/1.1" 200 750
0:0:0:0:0:0:0:1 - - [29/Dec/2021:11:23:03 +0530] "GET /css/main.css HTTP/1.1" 200 1539
0:0:0:0:0:0:0:1 - - [29/Dec/2021:11:23:03 +0530] "GET /css/index.css HTTP/1.1" 200 631
0:0:0:0:0:0:0:1 - - [29/Dec/2021:11:23:07 +0530] "POST /StoreCompany HTTP/1.1" 302 -
0:0:0:0:0:0:0:1 - - [29/Dec/2021:11:23:07 +0530] "GET /reports HTTP/1.1" 200 1651
0:0:0:0:0:0:0:1 - - [29/Dec/2021:11:23:07 +0530] "GET /css/ledger.css HTTP/1.1" 200 750
0:0:0:0:0:0:0:1 - - [29/Dec/2021:11:23:07 +0530] "GET /css/index.css HTTP/1.1" 200 631
0:0:0:0:0:0:0:1 - - [29/Dec/2021:11:23:07 +0530] "GET /css/main.css HTTP/1.1" 200 1539
0:0:0:0:0:0:0:1 - - [29/Dec/2021:11:23:38 +0530] "GET /company_selection HTTP/1.1" 200 2091
0:0:0:0:0:0:0:1 - - [29/Dec/2021:11:23:38 +0530] "GET /css/index.css HTTP/1.1" 200 631
0:0:0:0:0:0:0:1 - - [29/Dec/2021:11:23:38 +0530] "GET /css/ledger.css HTTP/1.1" 200 750
0:0:0:0:0:0:0:1 - - [29/Dec/2021:11:23:38 +0530] "GET /css/main.css HTTP/1.1" 200 1539
0:0:0:0:0:0:0:1 - - [29/Dec/2021:11:23:40 +0530] "GET / HTTP/1.1" 200 1150
0:0:0:0:0:0:0:1 - - [29/Dec/2021:11:23:40 +0530] "GET /css/index.css HTTP/1.1" 200 631
0:0:0:0:0:0:0:1 - - [29/Dec/2021:11:23:40 +0530] "GET /css/main.css HTTP/1.1" 200 1539
0:0:0:0:0:0:0:1 - - [29/Dec/2021:11:23:40 +0530] "GET /css/ledger.css HTTP/1.1" 200 750
0:0:0:0:0:0:0:1 - - [29/Dec/2021:11:23:44 +0530] "GET /login HTTP/1.1" 200 1403
0:0:0:0:0:0:0:1 - - [29/Dec/2021:11:23:45 +0530] "POST /login HTTP/1.1" 302 -
0:0:0:0:0:0:0:1 - - [29/Dec/2021:11:23:45 +0530] "GET /company_selection HTTP/1.1" 200 2091
0:0:0:0:0:0:0:1 - - [29/Dec/2021:11:23:45 +0530] "GET /css/main.css HTTP/1.1" 200 1539
0:0:0:0:0:0:0:1 - - [29/Dec/2021:11:23:45 +0530] "GET /css/index.css HTTP/1.1" 200 631
0:0:0:0:0:0:0:1 - - [29/Dec/2021:11:23:45 +0530] "GET /css/ledger.css HTTP/1.1" 200 750
0:0:0:0:0:0:0:1 - - [29/Dec/2021:11:23:50 +0530] "POST /companyselect HTTP/1.1" 200 1888
0:0:0:0:0:0:0:1 - - [29/Dec/2021:11:23:50 +0530] "GET /css/main.css HTTP/1.1" 200 1539
0:0:0:0:0:0:0:1 - - [29/Dec/2021:11:23:50 +0530] "GET /css/ledger.css HTTP/1.1" 200 750
0:0:0:0:0:0:0:1 - - [29/Dec/2021:11:23:50 +0530] "GET /css/index.css HTTP/1.1" 200 631
0:0:0:0:0:0:0:1 - - [29/Dec/2021:11:23:52 +0530] "POST /StoreCompany HTTP/1.1" 302 -
0:0:0:0:0:0:0:1 - - [29/Dec/2021:11:23:52 +0530] "GET /reports HTTP/1.1" 200 1648
0:0:0:0:0:0:0:1 - - [29/Dec/2021:11:23:52 +0530] "GET /css/main.css HTTP/1.1" 200 1539
0:0:0:0:0:0:0:1 - - [29/Dec/2021:11:23:52 +0530] "GET /css/ledger.css HTTP/1.1" 200 750
0:0:0:0:0:0:0:1 - - [29/Dec/2021:11:23:52 +0530] "GET /css/index.css HTTP/1.1" 200 631
0:0:0:0:0:0:0:1 - - [29/Dec/2021:11:23:53 +0530] "GET /findDaybook HTTP/1.1" 200 2219
0:0:0:0:0:0:0:1 - - [29/Dec/2021:11:23:53 +0530] "GET /css/index.css HTTP/1.1" 200 631
0:0:0:0:0:0:0:1 - - [29/Dec/2021:11:23:53 +0530] "GET /css/main.css HTTP/1.1" 200 1539
0:0:0:0:0:0:0:1 - - [29/Dec/2021:11:23:53 +0530] "GET /css/ledger.css HTTP/1.1" 200 750
0:0:0:0:0:0:0:1 - - [29/Dec/2021:11:23:53 +0530] "GET /script/daybook.js HTTP/1.1" 200 270
0:0:0:0:0:0:0:1 - - [29/Dec/2021:11:23:54 +0530] "POST /daybooks HTTP/1.1" 500 9048
0:0:0:0:0:0:0:1 - - [29/Dec/2021:11:23:57 +0530] "GET /findDaybook HTTP/1.1" 200 2219
0:0:0:0:0:0:0:1 - - [29/Dec/2021:11:23:57 +0530] "GET /css/main.css HTTP/1.1" 200 1539
0:0:0:0:0:0:0:1 - - [29/Dec/2021:11:23:57 +0530] "GET /css/index.css HTTP/1.1" 200 631
0:0:0:0:0:0:0:1 - - [29/Dec/2021:11:23:57 +0530] "GET /script/daybook.js HTTP/1.1" 200 270
0:0:0:0:0:0:0:1 - - [29/Dec/2021:11:23:57 +0530] "GET /css/ledger.css HTTP/1.1" 200 750
0:0:0:0:0:0:0:1 - - [29/Dec/2021:12:10:40 +0530] "POST /daybooks HTTP/1.1" 302 -
0:0:0:0:0:0:0:1 - - [29/Dec/2021:12:10:40 +0530] "GET /login HTTP/1.1" 200 1403
0:0:0:0:0:0:0:1 - - [29/Dec/2021:12:10:41 +0530] "POST /login HTTP/1.1" 302 -
0:0:0:0:0:0:0:1 - - [29/Dec/2021:12:10:41 +0530] "GET /company_selection HTTP/1.1" 200 2091
0:0:0:0:0:0:0:1 - - [29/Dec/2021:12:10:41 +0530] "GET /css/ledger.css HTTP/1.1" 200 750
0:0:0:0:0:0:0:1 - - [29/Dec/2021:12:10:41 +0530] "GET /css/main.css HTTP/1.1" 200 1539
0:0:0:0:0:0:0:1 - - [29/Dec/2021:12:10:41 +0530] "GET /css/index.css HTTP/1.1" 200 631
0:0:0:0:0:0:0:1 - - [29/Dec/2021:12:10:45 +0530] "POST /companyselect HTTP/1.1" 200 1888
0:0:0:0:0:0:0:1 - - [29/Dec/2021:12:10:45 +0530] "GET /css/ledger.css HTTP/1.1" 200 750
0:0:0:0:0:0:0:1 - - [29/Dec/2021:12:10:45 +0530] "GET /css/index.css HTTP/1.1" 200 631
0:0:0:0:0:0:0:1 - - [29/Dec/2021:12:10:45 +0530] "GET /css/main.css HTTP/1.1" 200 1539
0:0:0:0:0:0:0:1 - - [29/Dec/2021:12:10:46 +0530] "POST /StoreCompany HTTP/1.1" 302 -
0:0:0:0:0:0:0:1 - - [29/Dec/2021:12:10:46 +0530] "GET /reports HTTP/1.1" 200 1648
0:0:0:0:0:0:0:1 - - [29/Dec/2021:12:10:46 +0530] "GET /css/index.css HTTP/1.1" 200 631
0:0:0:0:0:0:0:1 - - [29/Dec/2021:12:10:46 +0530] "GET /css/main.css HTTP/1.1" 200 1539
0:0:0:0:0:0:0:1 - - [29/Dec/2021:12:10:46 +0530] "GET /css/ledger.css HTTP/1.1" 200 750
0:0:0:0:0:0:0:1 - - [29/Dec/2021:12:10:47 +0530] "GET /findDaybook HTTP/1.1" 200 2219
0:0:0:0:0:0:0:1 - - [29/Dec/2021:12:10:47 +0530] "GET /css/main.css HTTP/1.1" 200 1539
0:0:0:0:0:0:0:1 - - [29/Dec/2021:12:10:47 +0530] "GET /css/ledger.css HTTP/1.1" 200 750
0:0:0:0:0:0:0:1 - - [29/Dec/2021:12:10:47 +0530] "GET /script/daybook.js HTTP/1.1" 200 270
0:0:0:0:0:0:0:1 - - [29/Dec/2021:12:10:47 +0530] "GET /css/index.css HTTP/1.1" 200 631
0:0:0:0:0:0:0:1 - - [29/Dec/2021:12:10:48 +0530] "POST /daybooks HTTP/1.1" 500 9048
0:0:0:0:0:0:0:1 - - [29/Dec/2021:12:14:56 +0530] "POST /daybooks HTTP/1.1" 302 -
0:0:0:0:0:0:0:1 - - [29/Dec/2021:12:14:56 +0530] "GET /login HTTP/1.1" 200 1403
0:0:0:0:0:0:0:1 - - [29/Dec/2021:12:14:58 +0530] "POST /login HTTP/1.1" 302 -
0:0:0:0:0:0:0:1 - - [29/Dec/2021:12:14:58 +0530] "GET /company_selection HTTP/1.1" 200 2091
0:0:0:0:0:0:0:1 - - [29/Dec/2021:12:14:58 +0530] "GET /css/index.css HTTP/1.1" 200 631
0:0:0:0:0:0:0:1 - - [29/Dec/2021:12:14:58 +0530] "GET /css/main.css HTTP/1.1" 200 1539
0:0:0:0:0:0:0:1 - - [29/Dec/2021:12:14:58 +0530] "GET /css/ledger.css HTTP/1.1" 200 750
0:0:0:0:0:0:0:1 - - [29/Dec/2021:12:15:00 +0530] "POST /companyselect HTTP/1.1" 200 1888
0:0:0:0:0:0:0:1 - - [29/Dec/2021:12:15:00 +0530] "GET /css/ledger.css HTTP/1.1" 200 750
0:0:0:0:0:0:0:1 - - [29/Dec/2021:12:15:00 +0530] "GET /css/main.css HTTP/1.1" 200 1539
0:0:0:0:0:0:0:1 - - [29/Dec/2021:12:15:00 +0530] "GET /css/index.css HTTP/1.1" 200 631
0:0:0:0:0:0:0:1 - - [29/Dec/2021:12:15:02 +0530] "POST /StoreCompany HTTP/1.1" 302 -
0:0:0:0:0:0:0:1 - - [29/Dec/2021:12:15:02 +0530] "GET /reports HTTP/1.1" 200 1648
0:0:0:0:0:0:0:1 - - [29/Dec/2021:12:15:02 +0530] "GET /css/index.css HTTP/1.1" 200 631
0:0:0:0:0:0:0:1 - - [29/Dec/2021:12:15:02 +0530] "GET /css/main.css HTTP/1.1" 200 1539
0:0:0:0:0:0:0:1 - - [29/Dec/2021:12:15:02 +0530] "GET /css/ledger.css HTTP/1.1" 200 750
0:0:0:0:0:0:0:1 - - [29/Dec/2021:12:15:03 +0530] "GET /findDaybook HTTP/1.1" 200 2219
0:0:0:0:0:0:0:1 - - [29/Dec/2021:12:15:03 +0530] "GET /css/main.css HTTP/1.1" 200 1539
0:0:0:0:0:0:0:1 - - [29/Dec/2021:12:15:03 +0530] "GET /css/ledger.css HTTP/1.1" 200 750
0:0:0:0:0:0:0:1 - - [29/Dec/2021:12:15:03 +0530] "GET /css/index.css HTTP/1.1" 200 631
0:0:0:0:0:0:0:1 - - [29/Dec/2021:12:15:03 +0530] "GET /script/daybook.js HTTP/1.1" 200 270
0:0:0:0:0:0:0:1 - - [29/Dec/2021:12:15:04 +0530] "POST /daybooks HTTP/1.1" 500 9048
0:0:0:0:0:0:0:1 - - [29/Dec/2021:12:17:59 +0530] "POST /daybooks HTTP/1.1" 302 -
0:0:0:0:0:0:0:1 - - [29/Dec/2021:12:17:59 +0530] "GET /login HTTP/1.1" 200 1403
0:0:0:0:0:0:0:1 - - [29/Dec/2021:12:18:01 +0530] "POST /login HTTP/1.1" 302 -
0:0:0:0:0:0:0:1 - - [29/Dec/2021:12:18:01 +0530] "GET /company_selection HTTP/1.1" 200 2091
0:0:0:0:0:0:0:1 - - [29/Dec/2021:12:18:01 +0530] "GET /css/index.css HTTP/1.1" 200 631
0:0:0:0:0:0:0:1 - - [29/Dec/2021:12:18:01 +0530] "GET /css/main.css HTTP/1.1" 200 1539
0:0:0:0:0:0:0:1 - - [29/Dec/2021:12:18:01 +0530] "GET /css/ledger.css HTTP/1.1" 200 750
0:0:0:0:0:0:0:1 - - [29/Dec/2021:12:18:03 +0530] "POST /companyselect HTTP/1.1" 200 1932
0:0:0:0:0:0:0:1 - - [29/Dec/2021:12:18:03 +0530] "GET /css/ledger.css HTTP/1.1" 200 750
0:0:0:0:0:0:0:1 - - [29/Dec/2021:12:18:03 +0530] "GET /css/main.css HTTP/1.1" 200 1539
0:0:0:0:0:0:0:1 - - [29/Dec/2021:12:18:03 +0530] "GET /css/index.css HTTP/1.1" 200 631
0:0:0:0:0:0:0:1 - - [29/Dec/2021:12:18:04 +0530] "POST /StoreCompany HTTP/1.1" 302 -
0:0:0:0:0:0:0:1 - - [29/Dec/2021:12:18:04 +0530] "GET /reports HTTP/1.1" 200 1651
0:0:0:0:0:0:0:1 - - [29/Dec/2021:12:18:04 +0530] "GET /css/main.css HTTP/1.1" 200 1539
0:0:0:0:0:0:0:1 - - [29/Dec/2021:12:18:04 +0530] "GET /css/ledger.css HTTP/1.1" 200 750
0:0:0:0:0:0:0:1 - - [29/Dec/2021:12:18:04 +0530] "GET /css/index.css HTTP/1.1" 200 631
0:0:0:0:0:0:0:1 - - [29/Dec/2021:12:18:06 +0530] "GET /company_selection HTTP/1.1" 200 2091
0:0:0:0:0:0:0:1 - - [29/Dec/2021:12:18:06 +0530] "GET /css/index.css HTTP/1.1" 200 631
0:0:0:0:0:0:0:1 - - [29/Dec/2021:12:18:06 +0530] "GET /css/main.css HTTP/1.1" 200 1539
0:0:0:0:0:0:0:1 - - [29/Dec/2021:12:18:06 +0530] "GET /css/ledger.css HTTP/1.1" 200 750
0:0:0:0:0:0:0:1 - - [29/Dec/2021:12:18:08 +0530] "POST /companyselect HTTP/1.1" 200 1888
0:0:0:0:0:0:0:1 - - [29/Dec/2021:12:18:08 +0530] "GET /css/index.css HTTP/1.1" 200 631
0:0:0:0:0:0:0:1 - - [29/Dec/2021:12:18:08 +0530] "GET /css/main.css HTTP/1.1" 200 1539
0:0:0:0:0:0:0:1 - - [29/Dec/2021:12:18:08 +0530] "GET /css/ledger.css HTTP/1.1" 200 750
0:0:0:0:0:0:0:1 - - [29/Dec/2021:12:18:09 +0530] "POST /StoreCompany HTTP/1.1" 302 -
0:0:0:0:0:0:0:1 - - [29/Dec/2021:12:18:09 +0530] "GET /reports HTTP/1.1" 200 1640
0:0:0:0:0:0:0:1 - - [29/Dec/2021:12:18:09 +0530] "GET /css/main.css HTTP/1.1" 200 1539
0:0:0:0:0:0:0:1 - - [29/Dec/2021:12:18:09 +0530] "GET /css/ledger.css HTTP/1.1" 200 750
0:0:0:0:0:0:0:1 - - [29/Dec/2021:12:18:09 +0530] "GET /css/index.css HTTP/1.1" 200 631
0:0:0:0:0:0:0:1 - - [29/Dec/2021:12:18:10 +0530] "GET /findDaybook HTTP/1.1" 200 2219
0:0:0:0:0:0:0:1 - - [29/Dec/2021:12:18:10 +0530] "GET /css/index.css HTTP/1.1" 200 631
0:0:0:0:0:0:0:1 - - [29/Dec/2021:12:18:10 +0530] "GET /css/ledger.css HTTP/1.1" 200 750
0:0:0:0:0:0:0:1 - - [29/Dec/2021:12:18:10 +0530] "GET /css/main.css HTTP/1.1" 200 1539
0:0:0:0:0:0:0:1 - - [29/Dec/2021:12:18:10 +0530] "GET /script/daybook.js HTTP/1.1" 200 270
0:0:0:0:0:0:0:1 - - [29/Dec/2021:12:18:11 +0530] "POST /daybooks HTTP/1.1" 200 1747
0:0:0:0:0:0:0:1 - - [29/Dec/2021:12:18:11 +0530] "GET /css/ledger.css HTTP/1.1" 200 750
0:0:0:0:0:0:0:1 - - [29/Dec/2021:12:18:11 +0530] "GET /css/index.css HTTP/1.1" 200 631
0:0:0:0:0:0:0:1 - - [29/Dec/2021:12:18:11 +0530] "GET /css/main.css HTTP/1.1" 200 1539
0:0:0:0:0:0:0:1 - - [29/Dec/2021:12:18:46 +0530] "GET /reports HTTP/1.1" 302 -
0:0:0:0:0:0:0:1 - - [29/Dec/2021:12:18:46 +0530] "GET /login HTTP/1.1" 200 1403
0:0:0:0:0:0:0:1 - - [29/Dec/2021:12:18:47 +0530] "POST /login HTTP/1.1" 302 -
0:0:0:0:0:0:0:1 - - [29/Dec/2021:12:18:47 +0530] "GET /reports HTTP/1.1" 200 1640
0:0:0:0:0:0:0:1 - - [29/Dec/2021:12:18:47 +0530] "GET /css/index.css HTTP/1.1" 200 631
0:0:0:0:0:0:0:1 - - [29/Dec/2021:12:18:47 +0530] "GET /css/ledger.css HTTP/1.1" 200 750
0:0:0:0:0:0:0:1 - - [29/Dec/2021:12:18:47 +0530] "GET /css/main.css HTTP/1.1" 200 1539
0:0:0:0:0:0:0:1 - - [29/Dec/2021:12:18:49 +0530] "GET /findDaybook HTTP/1.1" 200 2219
0:0:0:0:0:0:0:1 - - [29/Dec/2021:12:18:49 +0530] "GET /css/ledger.css HTTP/1.1" 200 750
0:0:0:0:0:0:0:1 - - [29/Dec/2021:12:18:49 +0530] "GET /css/index.css HTTP/1.1" 200 631
0:0:0:0:0:0:0:1 - - [29/Dec/2021:12:18:49 +0530] "GET /css/main.css HTTP/1.1" 200 1539
0:0:0:0:0:0:0:1 - - [29/Dec/2021:12:18:49 +0530] "GET /script/daybook.js HTTP/1.1" 200 270
0:0:0:0:0:0:0:1 - - [29/Dec/2021:12:18:51 +0530] "POST /daybooks HTTP/1.1" 200 1747
0:0:0:0:0:0:0:1 - - [29/Dec/2021:12:18:51 +0530] "GET /css/index.css HTTP/1.1" 200 631
0:0:0:0:0:0:0:1 - - [29/Dec/2021:12:18:51 +0530] "GET /css/ledger.css HTTP/1.1" 200 750
0:0:0:0:0:0:0:1 - - [29/Dec/2021:12:18:51 +0530] "GET /css/main.css HTTP/1.1" 200 1539
0:0:0:0:0:0:0:1 - - [29/Dec/2021:12:21:46 +0530] "GET /reports HTTP/1.1" 302 -
0:0:0:0:0:0:0:1 - - [29/Dec/2021:12:21:46 +0530] "GET /login HTTP/1.1" 200 1403
0:0:0:0:0:0:0:1 - - [29/Dec/2021:12:21:47 +0530] "POST /login HTTP/1.1" 302 -
0:0:0:0:0:0:0:1 - - [29/Dec/2021:12:21:47 +0530] "GET /reports HTTP/1.1" 200 1640
0:0:0:0:0:0:0:1 - - [29/Dec/2021:12:21:47 +0530] "GET /css/main.css HTTP/1.1" 200 1539
0:0:0:0:0:0:0:1 - - [29/Dec/2021:12:21:47 +0530] "GET /css/index.css HTTP/1.1" 200 631
0:0:0:0:0:0:0:1 - - [29/Dec/2021:12:21:47 +0530] "GET /css/ledger.css HTTP/1.1" 200 750
0:0:0:0:0:0:0:1 - - [29/Dec/2021:12:21:49 +0530] "GET /findDaybook HTTP/1.1" 200 2219
0:0:0:0:0:0:0:1 - - [29/Dec/2021:12:21:49 +0530] "GET /css/ledger.css HTTP/1.1" 200 750
0:0:0:0:0:0:0:1 - - [29/Dec/2021:12:21:49 +0530] "GET /script/daybook.js HTTP/1.1" 200 270
0:0:0:0:0:0:0:1 - - [29/Dec/2021:12:21:49 +0530] "GET /css/main.css HTTP/1.1" 200 1539
0:0:0:0:0:0:0:1 - - [29/Dec/2021:12:21:49 +0530] "GET /css/index.css HTTP/1.1" 200 631
0:0:0:0:0:0:0:1 - - [29/Dec/2021:12:21:50 +0530] "POST /daybooks HTTP/1.1" 200 1747
0:0:0:0:0:0:0:1 - - [29/Dec/2021:12:21:50 +0530] "GET /css/index.css HTTP/1.1" 200 631
0:0:0:0:0:0:0:1 - - [29/Dec/2021:12:21:50 +0530] "GET /css/ledger.css HTTP/1.1" 200 750
0:0:0:0:0:0:0:1 - - [29/Dec/2021:12:21:50 +0530] "GET /css/main.css HTTP/1.1" 200 1539
0:0:0:0:0:0:0:1 - - [29/Dec/2021:12:23:51 +0530] "GET /reports HTTP/1.1" 302 -
0:0:0:0:0:0:0:1 - - [29/Dec/2021:12:23:51 +0530] "GET /login HTTP/1.1" 200 1403
0:0:0:0:0:0:0:1 - - [29/Dec/2021:12:23:52 +0530] "POST /login HTTP/1.1" 302 -
0:0:0:0:0:0:0:1 - - [29/Dec/2021:12:23:52 +0530] "GET /reports HTTP/1.1" 200 1640
0:0:0:0:0:0:0:1 - - [29/Dec/2021:12:23:52 +0530] "GET /css/index.css HTTP/1.1" 200 631
0:0:0:0:0:0:0:1 - - [29/Dec/2021:12:23:52 +0530] "GET /css/ledger.css HTTP/1.1" 200 750
0:0:0:0:0:0:0:1 - - [29/Dec/2021:12:23:52 +0530] "GET /css/main.css HTTP/1.1" 200 1539
0:0:0:0:0:0:0:1 - - [29/Dec/2021:12:23:54 +0530] "GET /findLedger HTTP/1.1" 200 3627
0:0:0:0:0:0:0:1 - - [29/Dec/2021:12:23:54 +0530] "GET /css/main.css HTTP/1.1" 200 1539
0:0:0:0:0:0:0:1 - - [29/Dec/2021:12:23:54 +0530] "GET /script/ledger_script.js HTTP/1.1" 200 1278
0:0:0:0:0:0:0:1 - - [29/Dec/2021:12:23:54 +0530] "GET /css/ledger.css HTTP/1.1" 200 750
0:0:0:0:0:0:0:1 - - [29/Dec/2021:12:23:54 +0530] "GET /css/index.css HTTP/1.1" 200 631
0:0:0:0:0:0:0:1 - - [29/Dec/2021:12:23:58 +0530] "POST /ledger HTTP/1.1" 200 1926
0:0:0:0:0:0:0:1 - - [29/Dec/2021:12:23:58 +0530] "GET /css/index.css HTTP/1.1" 200 631
0:0:0:0:0:0:0:1 - - [29/Dec/2021:12:23:58 +0530] "GET /css/main.css HTTP/1.1" 200 1539
0:0:0:0:0:0:0:1 - - [29/Dec/2021:12:23:58 +0530] "GET /css/ledger.css HTTP/1.1" 200 750
0:0:0:0:0:0:0:1 - - [29/Dec/2021:12:24:08 +0530] "GET /reports HTTP/1.1" 200 1640
0:0:0:0:0:0:0:1 - - [29/Dec/2021:12:24:08 +0530] "GET /css/main.css HTTP/1.1" 200 1539
0:0:0:0:0:0:0:1 - - [29/Dec/2021:12:24:08 +0530] "GET /css/index.css HTTP/1.1" 200 631
0:0:0:0:0:0:0:1 - - [29/Dec/2021:12:24:08 +0530] "GET /css/ledger.css HTTP/1.1" 200 750
0:0:0:0:0:0:0:1 - - [29/Dec/2021:12:24:09 +0530] "GET /findTrialBal HTTP/1.1" 200 3536
0:0:0:0:0:0:0:1 - - [29/Dec/2021:12:24:09 +0530] "GET /css/index.css HTTP/1.1" 200 631
0:0:0:0:0:0:0:1 - - [29/Dec/2021:12:24:09 +0530] "GET /css/main.css HTTP/1.1" 200 1539
0:0:0:0:0:0:0:1 - - [29/Dec/2021:12:24:09 +0530] "GET /css/ledger.css HTTP/1.1" 200 750
0:0:0:0:0:0:0:1 - - [29/Dec/2021:12:24:09 +0530] "GET /script/disableselect.js HTTP/1.1" 200 1385
0:0:0:0:0:0:0:1 - - [29/Dec/2021:12:24:11 +0530] "POST /trial HTTP/1.1" 200 2105
0:0:0:0:0:0:0:1 - - [29/Dec/2021:12:24:11 +0530] "GET /css/ledger.css HTTP/1.1" 200 750
0:0:0:0:0:0:0:1 - - [29/Dec/2021:12:24:11 +0530] "GET /css/index.css HTTP/1.1" 200 631
0:0:0:0:0:0:0:1 - - [29/Dec/2021:12:24:11 +0530] "GET /css/main.css HTTP/1.1" 200 1539
0:0:0:0:0:0:0:1 - - [29/Dec/2021:12:24:14 +0530] "GET /reports HTTP/1.1" 200 1640
0:0:0:0:0:0:0:1 - - [29/Dec/2021:12:24:14 +0530] "GET /css/main.css HTTP/1.1" 200 1539
0:0:0:0:0:0:0:1 - - [29/Dec/2021:12:24:14 +0530] "GET /css/index.css HTTP/1.1" 200 631
0:0:0:0:0:0:0:1 - - [29/Dec/2021:12:24:14 +0530] "GET /css/ledger.css HTTP/1.1" 200 750
0:0:0:0:0:0:0:1 - - [29/Dec/2021:12:24:15 +0530] "GET /findTradingPL HTTP/1.1" 200 3778
0:0:0:0:0:0:0:1 - - [29/Dec/2021:12:24:15 +0530] "GET /css/main.css HTTP/1.1" 200 1539
0:0:0:0:0:0:0:1 - - [29/Dec/2021:12:24:15 +0530] "GET /css/index.css HTTP/1.1" 200 631
0:0:0:0:0:0:0:1 - - [29/Dec/2021:12:24:15 +0530] "GET /script/disableselect.js HTTP/1.1" 200 1385
0:0:0:0:0:0:0:1 - - [29/Dec/2021:12:24:15 +0530] "GET /css/ledger.css HTTP/1.1" 200 750
0:0:0:0:0:0:0:1 - - [29/Dec/2021:12:24:16 +0530] "POST /tradingPL HTTP/1.1" 200 2871
0:0:0:0:0:0:0:1 - - [29/Dec/2021:12:24:16 +0530] "GET /css/index.css HTTP/1.1" 200 631
0:0:0:0:0:0:0:1 - - [29/Dec/2021:12:24:16 +0530] "GET /css/main.css HTTP/1.1" 200 1539
0:0:0:0:0:0:0:1 - - [29/Dec/2021:12:24:16 +0530] "GET /css/ledger.css HTTP/1.1" 200 750
0:0:0:0:0:0:0:1 - - [29/Dec/2021:12:24:18 +0530] "GET /reports HTTP/1.1" 200 1640
0:0:0:0:0:0:0:1 - - [29/Dec/2021:12:24:18 +0530] "GET /css/index.css HTTP/1.1" 200 631
0:0:0:0:0:0:0:1 - - [29/Dec/2021:12:24:18 +0530] "GET /css/ledger.css HTTP/1.1" 200 750
0:0:0:0:0:0:0:1 - - [29/Dec/2021:12:24:18 +0530] "GET /css/main.css HTTP/1.1" 200 1539
0:0:0:0:0:0:0:1 - - [29/Dec/2021:12:24:19 +0530] "GET /findTradingPL HTTP/1.1" 200 3778
0:0:0:0:0:0:0:1 - - [29/Dec/2021:12:24:19 +0530] "GET /script/disableselect.js HTTP/1.1" 200 1385
0:0:0:0:0:0:0:1 - - [29/Dec/2021:12:24:19 +0530] "GET /css/ledger.css HTTP/1.1" 200 750
0:0:0:0:0:0:0:1 - - [29/Dec/2021:12:24:19 +0530] "GET /css/index.css HTTP/1.1" 200 631
0:0:0:0:0:0:0:1 - - [29/Dec/2021:12:24:19 +0530] "GET /css/main.css HTTP/1.1" 200 1539
0:0:0:0:0:0:0:1 - - [29/Dec/2021:12:24:22 +0530] "POST /tradingPL HTTP/1.1" 200 2368
0:0:0:0:0:0:0:1 - - [29/Dec/2021:12:24:22 +0530] "GET /css/ledger.css HTTP/1.1" 200 750
0:0:0:0:0:0:0:1 - - [29/Dec/2021:12:24:22 +0530] "GET /css/main.css HTTP/1.1" 200 1539
0:0:0:0:0:0:0:1 - - [29/Dec/2021:12:24:22 +0530] "GET /css/index.css HTTP/1.1" 200 631
0:0:0:0:0:0:0:1 - - [29/Dec/2021:12:24:23 +0530] "GET /reports HTTP/1.1" 200 1640
0:0:0:0:0:0:0:1 - - [29/Dec/2021:12:24:23 +0530] "GET /css/ledger.css HTTP/1.1" 200 750
0:0:0:0:0:0:0:1 - - [29/Dec/2021:12:24:23 +0530] "GET /css/main.css HTTP/1.1" 200 1539
0:0:0:0:0:0:0:1 - - [29/Dec/2021:12:24:23 +0530] "GET /css/index.css HTTP/1.1" 200 631
0:0:0:0:0:0:0:1 - - [29/Dec/2021:12:24:24 +0530] "GET /findBalSheet HTTP/1.1" 200 3724
0:0:0:0:0:0:0:1 - - [29/Dec/2021:12:24:24 +0530] "GET /css/index.css HTTP/1.1" 200 631
0:0:0:0:0:0:0:1 - - [29/Dec/2021:12:24:24 +0530] "GET /css/ledger.css HTTP/1.1" 200 750
0:0:0:0:0:0:0:1 - - [29/Dec/2021:12:24:24 +0530] "GET /css/main.css HTTP/1.1" 200 1539
0:0:0:0:0:0:0:1 - - [29/Dec/2021:12:24:24 +0530] "GET /script/disableselect.js HTTP/1.1" 200 1385
0:0:0:0:0:0:0:1 - - [29/Dec/2021:12:24:25 +0530] "POST /BalanceSheet HTTP/1.1" 200 2886
0:0:0:0:0:0:0:1 - - [29/Dec/2021:12:24:25 +0530] "GET /css/ledger.css HTTP/1.1" 200 750
0:0:0:0:0:0:0:1 - - [29/Dec/2021:12:24:25 +0530] "GET /css/index.css HTTP/1.1" 200 631
0:0:0:0:0:0:0:1 - - [29/Dec/2021:12:24:25 +0530] "GET /css/main.css HTTP/1.1" 200 1539
0:0:0:0:0:0:0:1 - - [29/Dec/2021:12:24:27 +0530] "GET /reports HTTP/1.1" 200 1640
0:0:0:0:0:0:0:1 - - [29/Dec/2021:12:24:27 +0530] "GET /css/ledger.css HTTP/1.1" 200 750
0:0:0:0:0:0:0:1 - - [29/Dec/2021:12:24:27 +0530] "GET /css/main.css HTTP/1.1" 200 1539
0:0:0:0:0:0:0:1 - - [29/Dec/2021:12:24:27 +0530] "GET /css/index.css HTTP/1.1" 200 631
0:0:0:0:0:0:0:1 - - [29/Dec/2021:12:24:27 +0530] "GET /findBalSheet HTTP/1.1" 200 3724
0:0:0:0:0:0:0:1 - - [29/Dec/2021:12:24:27 +0530] "GET /script/disableselect.js HTTP/1.1" 200 1385
0:0:0:0:0:0:0:1 - - [29/Dec/2021:12:24:27 +0530] "GET /css/main.css HTTP/1.1" 200 1539
0:0:0:0:0:0:0:1 - - [29/Dec/2021:12:24:27 +0530] "GET /css/index.css HTTP/1.1" 200 631
0:0:0:0:0:0:0:1 - - [29/Dec/2021:12:24:27 +0530] "GET /css/ledger.css HTTP/1.1" 200 750
0:0:0:0:0:0:0:1 - - [29/Dec/2021:12:24:29 +0530] "POST /BalanceSheet HTTP/1.1" 200 2450
0:0:0:0:0:0:0:1 - - [29/Dec/2021:12:24:29 +0530] "GET /css/index.css HTTP/1.1" 200 631
0:0:0:0:0:0:0:1 - - [29/Dec/2021:12:24:29 +0530] "GET /css/main.css HTTP/1.1" 200 1539
0:0:0:0:0:0:0:1 - - [29/Dec/2021:12:24:29 +0530] "GET /css/ledger.css HTTP/1.1" 200 750
0:0:0:0:0:0:0:1 - - [29/Dec/2021:12:24:32 +0530] "GET /reports HTTP/1.1" 200 1640
0:0:0:0:0:0:0:1 - - [29/Dec/2021:12:24:32 +0530] "GET /css/index.css HTTP/1.1" 200 631
0:0:0:0:0:0:0:1 - - [29/Dec/2021:12:24:32 +0530] "GET /css/main.css HTTP/1.1" 200 1539
0:0:0:0:0:0:0:1 - - [29/Dec/2021:12:24:32 +0530] "GET /css/ledger.css HTTP/1.1" 200 750
0:0:0:0:0:0:0:1 - - [29/Dec/2021:12:24:44 +0530] "GET /company_selection HTTP/1.1" 200 2091
0:0:0:0:0:0:0:1 - - [29/Dec/2021:12:24:44 +0530] "GET /css/ledger.css HTTP/1.1" 200 750
0:0:0:0:0:0:0:1 - - [29/Dec/2021:12:24:44 +0530] "GET /css/index.css HTTP/1.1" 200 631
0:0:0:0:0:0:0:1 - - [29/Dec/2021:12:24:44 +0530] "GET /css/main.css HTTP/1.1" 200 1539
0:0:0:0:0:0:0:1 - - [29/Dec/2021:12:24:45 +0530] "POST /companyselect HTTP/1.1" 200 1932
0:0:0:0:0:0:0:1 - - [29/Dec/2021:12:24:45 +0530] "GET /css/main.css HTTP/1.1" 200 1539
0:0:0:0:0:0:0:1 - - [29/Dec/2021:12:24:45 +0530] "GET /css/index.css HTTP/1.1" 200 631
0:0:0:0:0:0:0:1 - - [29/Dec/2021:12:24:45 +0530] "GET /css/ledger.css HTTP/1.1" 200 750
0:0:0:0:0:0:0:1 - - [29/Dec/2021:12:24:47 +0530] "POST /StoreCompany HTTP/1.1" 302 -
0:0:0:0:0:0:0:1 - - [29/Dec/2021:12:24:47 +0530] "GET /reports HTTP/1.1" 200 1651
0:0:0:0:0:0:0:1 - - [29/Dec/2021:12:24:47 +0530] "GET /css/ledger.css HTTP/1.1" 200 750
0:0:0:0:0:0:0:1 - - [29/Dec/2021:12:24:47 +0530] "GET /css/main.css HTTP/1.1" 200 1539
0:0:0:0:0:0:0:1 - - [29/Dec/2021:12:24:47 +0530] "GET /css/index.css HTTP/1.1" 200 631
0:0:0:0:0:0:0:1 - - [29/Dec/2021:12:24:48 +0530] "GET /findDaybook HTTP/1.1" 200 2219
0:0:0:0:0:0:0:1 - - [29/Dec/2021:12:24:48 +0530] "GET /css/main.css HTTP/1.1" 200 1539
0:0:0:0:0:0:0:1 - - [29/Dec/2021:12:24:48 +0530] "GET /css/ledger.css HTTP/1.1" 200 750
0:0:0:0:0:0:0:1 - - [29/Dec/2021:12:24:48 +0530] "GET /script/daybook.js HTTP/1.1" 200 270
0:0:0:0:0:0:0:1 - - [29/Dec/2021:12:24:48 +0530] "GET /css/index.css HTTP/1.1" 200 631
0:0:0:0:0:0:0:1 - - [29/Dec/2021:12:24:49 +0530] "POST /daybooks HTTP/1.1" 200 53196
0:0:0:0:0:0:0:1 - - [29/Dec/2021:12:24:49 +0530] "GET /css/index.css HTTP/1.1" 200 631
0:0:0:0:0:0:0:1 - - [29/Dec/2021:12:24:49 +0530] "GET /css/ledger.css HTTP/1.1" 200 750
0:0:0:0:0:0:0:1 - - [29/Dec/2021:12:24:49 +0530] "GET /css/main.css HTTP/1.1" 200 1539
0:0:0:0:0:0:0:1 - - [29/Dec/2021:12:25:15 +0530] "GET /reports HTTP/1.1" 200 1651
0:0:0:0:0:0:0:1 - - [29/Dec/2021:12:25:15 +0530] "GET /css/index.css HTTP/1.1" 200 631
0:0:0:0:0:0:0:1 - - [29/Dec/2021:12:25:15 +0530] "GET /css/ledger.css HTTP/1.1" 200 750
0:0:0:0:0:0:0:1 - - [29/Dec/2021:12:25:15 +0530] "GET /css/main.css HTTP/1.1" 200 1539
0:0:0:0:0:0:0:1 - - [29/Dec/2021:12:25:27 +0530] "GET /findTradingPL HTTP/1.1" 200 7695
0:0:0:0:0:0:0:1 - - [29/Dec/2021:12:25:27 +0530] "GET /css/index.css HTTP/1.1" 200 631
0:0:0:0:0:0:0:1 - - [29/Dec/2021:12:25:27 +0530] "GET /css/main.css HTTP/1.1" 200 1539
0:0:0:0:0:0:0:1 - - [29/Dec/2021:12:25:27 +0530] "GET /css/ledger.css HTTP/1.1" 200 750
0:0:0:0:0:0:0:1 - - [29/Dec/2021:12:25:27 +0530] "GET /script/disableselect.js HTTP/1.1" 200 1385
0:0:0:0:0:0:0:1 - - [29/Dec/2021:12:25:30 +0530] "POST /tradingPL HTTP/1.1" 200 7031
0:0:0:0:0:0:0:1 - - [29/Dec/2021:12:25:30 +0530] "GET /css/main.css HTTP/1.1" 200 1539
0:0:0:0:0:0:0:1 - - [29/Dec/2021:12:25:30 +0530] "GET /css/ledger.css HTTP/1.1" 200 750
0:0:0:0:0:0:0:1 - - [29/Dec/2021:12:25:30 +0530] "GET /css/index.css HTTP/1.1" 200 631
0:0:0:0:0:0:0:1 - - [29/Dec/2021:12:26:28 +0530] "GET /css/index.css HTTP/1.1" 200 631
0:0:0:0:0:0:0:1 - - [29/Dec/2021:12:26:28 +0530] "GET /css/main.css HTTP/1.1" 200 1539
0:0:0:0:0:0:0:1 - - [29/Dec/2021:12:26:28 +0530] "GET /css/ledger.css HTTP/1.1" 200 750
0:0:0:0:0:0:0:1 - - [29/Dec/2021:12:27:58 +0530] "GET /reports HTTP/1.1" 200 1651
0:0:0:0:0:0:0:1 - - [29/Dec/2021:12:27:58 +0530] "GET /css/index.css HTTP/1.1" 200 631
0:0:0:0:0:0:0:1 - - [29/Dec/2021:12:27:58 +0530] "GET /css/ledger.css HTTP/1.1" 200 750
0:0:0:0:0:0:0:1 - - [29/Dec/2021:12:27:58 +0530] "GET /css/main.css HTTP/1.1" 200 1539
0:0:0:0:0:0:0:1 - - [29/Dec/2021:12:27:59 +0530] "GET /findTradingPL HTTP/1.1" 200 7695
0:0:0:0:0:0:0:1 - - [29/Dec/2021:12:27:59 +0530] "GET /css/main.css HTTP/1.1" 200 1539
0:0:0:0:0:0:0:1 - - [29/Dec/2021:12:27:59 +0530] "GET /css/index.css HTTP/1.1" 200 631
0:0:0:0:0:0:0:1 - - [29/Dec/2021:12:27:59 +0530] "GET /css/ledger.css HTTP/1.1" 200 750
0:0:0:0:0:0:0:1 - - [29/Dec/2021:12:27:59 +0530] "GET /script/disableselect.js HTTP/1.1" 200 1385
0:0:0:0:0:0:0:1 - - [29/Dec/2021:12:28:00 +0530] "POST /tradingPL HTTP/1.1" 200 7058
0:0:0:0:0:0:0:1 - - [29/Dec/2021:12:28:00 +0530] "GET /css/main.css HTTP/1.1" 200 1539
0:0:0:0:0:0:0:1 - - [29/Dec/2021:12:28:00 +0530] "GET /css/ledger.css HTTP/1.1" 200 750
0:0:0:0:0:0:0:1 - - [29/Dec/2021:12:28:00 +0530] "GET /css/index.css HTTP/1.1" 200 631
0:0:0:0:0:0:0:1 - - [29/Dec/2021:12:34:08 +0530] "GET /reports HTTP/1.1" 200 1651
0:0:0:0:0:0:0:1 - - [29/Dec/2021:12:34:08 +0530] "GET /css/index.css HTTP/1.1" 200 631
0:0:0:0:0:0:0:1 - - [29/Dec/2021:12:34:08 +0530] "GET /css/main.css HTTP/1.1" 200 1539
0:0:0:0:0:0:0:1 - - [29/Dec/2021:12:34:08 +0530] "GET /css/ledger.css HTTP/1.1" 200 750
0:0:0:0:0:0:0:1 - - [29/Dec/2021:12:34:09 +0530] "GET /findTradingPL HTTP/1.1" 200 7695
0:0:0:0:0:0:0:1 - - [29/Dec/2021:12:34:09 +0530] "GET /css/index.css HTTP/1.1" 200 631
0:0:0:0:0:0:0:1 - - [29/Dec/2021:12:34:09 +0530] "GET /css/main.css HTTP/1.1" 200 1539
0:0:0:0:0:0:0:1 - - [29/Dec/2021:12:34:09 +0530] "GET /css/ledger.css HTTP/1.1" 200 750
0:0:0:0:0:0:0:1 - - [29/Dec/2021:12:34:09 +0530] "GET /script/disableselect.js HTTP/1.1" 200 1385
0:0:0:0:0:0:0:1 - - [29/Dec/2021:12:34:10 +0530] "POST /tradingPL HTTP/1.1" 200 7215
0:0:0:0:0:0:0:1 - - [29/Dec/2021:12:34:10 +0530] "GET /css/index.css HTTP/1.1" 200 631
0:0:0:0:0:0:0:1 - - [29/Dec/2021:12:34:10 +0530] "GET /css/main.css HTTP/1.1" 200 1539
0:0:0:0:0:0:0:1 - - [29/Dec/2021:12:34:10 +0530] "GET /css/ledger.css HTTP/1.1" 200 750
0:0:0:0:0:0:0:1 - - [29/Dec/2021:12:34:12 +0530] "GET /css/main.css HTTP/1.1" 200 1539
0:0:0:0:0:0:0:1 - - [29/Dec/2021:12:34:12 +0530] "GET /css/index.css HTTP/1.1" 200 631
0:0:0:0:0:0:0:1 - - [29/Dec/2021:12:34:12 +0530] "GET /css/ledger.css HTTP/1.1" 200 750
0:0:0:0:0:0:0:1 - - [29/Dec/2021:12:35:18 +0530] "POST /tradingPL HTTP/1.1" 200 7215
0:0:0:0:0:0:0:1 - - [29/Dec/2021:12:35:18 +0530] "GET /css/index.css HTTP/1.1" 200 631
0:0:0:0:0:0:0:1 - - [29/Dec/2021:12:35:18 +0530] "GET /css/main.css HTTP/1.1" 200 1539
0:0:0:0:0:0:0:1 - - [29/Dec/2021:12:35:18 +0530] "GET /css/ledger.css HTTP/1.1" 200 750
0:0:0:0:0:0:0:1 - - [29/Dec/2021:12:35:36 +0530] "POST /tradingPL HTTP/1.1" 200 7208
0:0:0:0:0:0:0:1 - - [29/Dec/2021:12:35:36 +0530] "GET /css/ledger.css HTTP/1.1" 200 750
0:0:0:0:0:0:0:1 - - [29/Dec/2021:12:35:36 +0530] "GET /css/index.css HTTP/1.1" 200 631
0:0:0:0:0:0:0:1 - - [29/Dec/2021:12:35:36 +0530] "GET /css/main.css HTTP/1.1" 200 1539
0:0:0:0:0:0:0:1 - - [29/Dec/2021:12:39:16 +0530] "POST /tradingPL HTTP/1.1" 200 7219
0:0:0:0:0:0:0:1 - - [29/Dec/2021:12:39:16 +0530] "GET /css/index.css HTTP/1.1" 200 631
0:0:0:0:0:0:0:1 - - [29/Dec/2021:12:39:16 +0530] "GET /css/main.css HTTP/1.1" 200 1539
0:0:0:0:0:0:0:1 - - [29/Dec/2021:12:39:16 +0530] "GET /css/ledger.css HTTP/1.1" 200 750
0:0:0:0:0:0:0:1 - - [29/Dec/2021:12:39:24 +0530] "POST /tradingPL HTTP/1.1" 200 7224
0:0:0:0:0:0:0:1 - - [29/Dec/2021:12:39:24 +0530] "GET /css/ledger.css HTTP/1.1" 200 750
0:0:0:0:0:0:0:1 - - [29/Dec/2021:12:39:24 +0530] "GET /css/main.css HTTP/1.1" 200 1539
0:0:0:0:0:0:0:1 - - [29/Dec/2021:12:39:24 +0530] "GET /css/index.css HTTP/1.1" 200 631
0:0:0:0:0:0:0:1 - - [29/Dec/2021:12:39:41 +0530] "POST /tradingPL HTTP/1.1" 200 7226
0:0:0:0:0:0:0:1 - - [29/Dec/2021:12:39:41 +0530] "GET /css/index.css HTTP/1.1" 200 631
0:0:0:0:0:0:0:1 - - [29/Dec/2021:12:39:41 +0530] "GET /css/main.css HTTP/1.1" 200 1539
0:0:0:0:0:0:0:1 - - [29/Dec/2021:12:39:41 +0530] "GET /css/ledger.css HTTP/1.1" 200 750
0:0:0:0:0:0:0:1 - - [29/Dec/2021:12:39:49 +0530] "POST /tradingPL HTTP/1.1" 200 7228
0:0:0:0:0:0:0:1 - - [29/Dec/2021:12:39:49 +0530] "GET /css/index.css HTTP/1.1" 200 631
0:0:0:0:0:0:0:1 - - [29/Dec/2021:12:39:49 +0530] "GET /css/ledger.css HTTP/1.1" 200 750
0:0:0:0:0:0:0:1 - - [29/Dec/2021:12:39:49 +0530] "GET /css/main.css HTTP/1.1" 200 1539
0:0:0:0:0:0:0:1 - - [29/Dec/2021:12:52:00 +0530] "GET /css/ledger.css HTTP/1.1" 200 750
0:0:0:0:0:0:0:1 - - [29/Dec/2021:12:52:00 +0530] "GET /css/main.css HTTP/1.1" 200 1539
0:0:0:0:0:0:0:1 - - [29/Dec/2021:12:52:00 +0530] "GET /css/index.css HTTP/1.1" 200 631
0:0:0:0:0:0:0:1 - - [29/Dec/2021:12:52:03 +0530] "POST /tradingPL HTTP/1.1" 200 7226
0:0:0:0:0:0:0:1 - - [29/Dec/2021:12:52:03 +0530] "GET /css/index.css HTTP/1.1" 200 631
0:0:0:0:0:0:0:1 - - [29/Dec/2021:12:52:03 +0530] "GET /css/main.css HTTP/1.1" 200 1539
0:0:0:0:0:0:0:1 - - [29/Dec/2021:12:52:03 +0530] "GET /css/ledger.css HTTP/1.1" 200 750
0:0:0:0:0:0:0:1 - - [29/Dec/2021:12:53:45 +0530] "POST /tradingPL HTTP/1.1" 200 7335
0:0:0:0:0:0:0:1 - - [29/Dec/2021:12:53:45 +0530] "GET /css/index.css HTTP/1.1" 200 631
0:0:0:0:0:0:0:1 - - [29/Dec/2021:12:53:45 +0530] "GET /css/main.css HTTP/1.1" 200 1539
0:0:0:0:0:0:0:1 - - [29/Dec/2021:12:53:45 +0530] "GET /css/ledger.css HTTP/1.1" 200 750
0:0:0:0:0:0:0:1 - - [29/Dec/2021:12:57:05 +0530] "POST /tradingPL HTTP/1.1" 200 7455
0:0:0:0:0:0:0:1 - - [29/Dec/2021:12:57:05 +0530] "GET /css/index.css HTTP/1.1" 200 631
0:0:0:0:0:0:0:1 - - [29/Dec/2021:12:57:05 +0530] "GET /css/main.css HTTP/1.1" 200 1539
0:0:0:0:0:0:0:1 - - [29/Dec/2021:12:57:05 +0530] "GET /css/ledger.css HTTP/1.1" 200 750
0:0:0:0:0:0:0:1 - - [29/Dec/2021:12:57:14 +0530] "POST /tradingPL HTTP/1.1" 200 7455
0:0:0:0:0:0:0:1 - - [29/Dec/2021:12:57:14 +0530] "GET /css/index.css HTTP/1.1" 200 631
0:0:0:0:0:0:0:1 - - [29/Dec/2021:12:57:14 +0530] "GET /css/ledger.css HTTP/1.1" 200 750
0:0:0:0:0:0:0:1 - - [29/Dec/2021:12:57:14 +0530] "GET /css/main.css HTTP/1.1" 200 1539
0:0:0:0:0:0:0:1 - - [29/Dec/2021:13:00:37 +0530] "POST /tradingPL HTTP/1.1" 200 7465
0:0:0:0:0:0:0:1 - - [29/Dec/2021:13:00:38 +0530] "GET /css/index.css HTTP/1.1" 200 631
0:0:0:0:0:0:0:1 - - [29/Dec/2021:13:00:38 +0530] "GET /css/main.css HTTP/1.1" 200 1539
0:0:0:0:0:0:0:1 - - [29/Dec/2021:13:00:38 +0530] "GET /css/ledger.css HTTP/1.1" 200 750
0:0:0:0:0:0:0:1 - - [29/Dec/2021:13:03:44 +0530] "POST /tradingPL HTTP/1.1" 200 7483
0:0:0:0:0:0:0:1 - - [29/Dec/2021:13:03:44 +0530] "GET /css/index.css HTTP/1.1" 200 631
0:0:0:0:0:0:0:1 - - [29/Dec/2021:13:03:44 +0530] "GET /css/main.css HTTP/1.1" 200 1539
0:0:0:0:0:0:0:1 - - [29/Dec/2021:13:03:44 +0530] "GET /css/ledger.css HTTP/1.1" 200 750
0:0:0:0:0:0:0:1 - - [29/Dec/2021:13:10:12 +0530] "POST /tradingPL HTTP/1.1" 200 7594
0:0:0:0:0:0:0:1 - - [29/Dec/2021:13:10:12 +0530] "GET /css/index.css HTTP/1.1" 200 631
0:0:0:0:0:0:0:1 - - [29/Dec/2021:13:10:12 +0530] "GET /css/main.css HTTP/1.1" 200 1539
0:0:0:0:0:0:0:1 - - [29/Dec/2021:13:10:12 +0530] "GET /css/ledger.css HTTP/1.1" 200 750
0:0:0:0:0:0:0:1 - - [29/Dec/2021:13:14:29 +0530] "POST /tradingPL HTTP/1.1" 200 7602
0:0:0:0:0:0:0:1 - - [29/Dec/2021:13:14:29 +0530] "GET /css/index.css HTTP/1.1" 200 631
0:0:0:0:0:0:0:1 - - [29/Dec/2021:13:14:29 +0530] "GET /css/main.css HTTP/1.1" 200 1539
0:0:0:0:0:0:0:1 - - [29/Dec/2021:13:14:29 +0530] "GET /css/ledger.css HTTP/1.1" 200 750
0:0:0:0:0:0:0:1 - - [29/Dec/2021:13:14:43 +0530] "POST /tradingPL HTTP/1.1" 200 7599
0:0:0:0:0:0:0:1 - - [29/Dec/2021:13:14:43 +0530] "GET /css/index.css HTTP/1.1" 200 631
0:0:0:0:0:0:0:1 - - [29/Dec/2021:13:14:43 +0530] "GET /css/main.css HTTP/1.1" 200 1539
0:0:0:0:0:0:0:1 - - [29/Dec/2021:13:14:43 +0530] "GET /css/ledger.css HTTP/1.1" 200 750
0:0:0:0:0:0:0:1 - - [29/Dec/2021:15:50:29 +0530] "POST /tradingPL HTTP/1.1" 302 -
0:0:0:0:0:0:0:1 - - [29/Dec/2021:15:50:29 +0530] "GET /login HTTP/1.1" 200 1403
0:0:0:0:0:0:0:1 - - [29/Dec/2021:15:50:30 +0530] "POST /login HTTP/1.1" 302 -
0:0:0:0:0:0:0:1 - - [29/Dec/2021:15:50:31 +0530] "GET /company_selection HTTP/1.1" 200 2091
0:0:0:0:0:0:0:1 - - [29/Dec/2021:15:50:31 +0530] "GET /css/index.css HTTP/1.1" 200 631
0:0:0:0:0:0:0:1 - - [29/Dec/2021:15:50:31 +0530] "GET /css/ledger.css HTTP/1.1" 200 750
0:0:0:0:0:0:0:1 - - [29/Dec/2021:15:50:31 +0530] "GET /css/main.css HTTP/1.1" 200 1539
0:0:0:0:0:0:0:1 - - [29/Dec/2021:15:50:34 +0530] "POST /companyselect HTTP/1.1" 200 1932
0:0:0:0:0:0:0:1 - - [29/Dec/2021:15:50:34 +0530] "GET /css/index.css HTTP/1.1" 200 631
0:0:0:0:0:0:0:1 - - [29/Dec/2021:15:50:34 +0530] "GET /css/main.css HTTP/1.1" 200 1539
0:0:0:0:0:0:0:1 - - [29/Dec/2021:15:50:34 +0530] "GET /css/ledger.css HTTP/1.1" 200 750
0:0:0:0:0:0:0:1 - - [29/Dec/2021:15:50:35 +0530] "POST /StoreCompany HTTP/1.1" 302 -
0:0:0:0:0:0:0:1 - - [29/Dec/2021:15:50:35 +0530] "GET /reports HTTP/1.1" 200 1651
0:0:0:0:0:0:0:1 - - [29/Dec/2021:15:50:35 +0530] "GET /css/main.css HTTP/1.1" 200 1539
0:0:0:0:0:0:0:1 - - [29/Dec/2021:15:50:35 +0530] "GET /css/index.css HTTP/1.1" 200 631
0:0:0:0:0:0:0:1 - - [29/Dec/2021:15:50:35 +0530] "GET /css/ledger.css HTTP/1.1" 200 750
0:0:0:0:0:0:0:1 - - [29/Dec/2021:15:50:37 +0530] "GET /findTradingPL HTTP/1.1" 200 7695
0:0:0:0:0:0:0:1 - - [29/Dec/2021:15:50:37 +0530] "GET /css/main.css HTTP/1.1" 200 1539
0:0:0:0:0:0:0:1 - - [29/Dec/2021:15:50:37 +0530] "GET /css/index.css HTTP/1.1" 200 631
0:0:0:0:0:0:0:1 - - [29/Dec/2021:15:50:37 +0530] "GET /css/ledger.css HTTP/1.1" 200 750
0:0:0:0:0:0:0:1 - - [29/Dec/2021:15:50:37 +0530] "GET /script/disableselect.js HTTP/1.1" 200 1385
0:0:0:0:0:0:0:1 - - [29/Dec/2021:15:50:38 +0530] "POST /tradingPL HTTP/1.1" 200 7689
0:0:0:0:0:0:0:1 - - [29/Dec/2021:15:50:38 +0530] "GET /css/index.css HTTP/1.1" 200 631
0:0:0:0:0:0:0:1 - - [29/Dec/2021:15:50:38 +0530] "GET /css/ledger.css HTTP/1.1" 200 750
0:0:0:0:0:0:0:1 - - [29/Dec/2021:15:50:38 +0530] "GET /css/main.css HTTP/1.1" 200 1539
0:0:0:0:0:0:0:1 - - [29/Dec/2021:15:51:06 +0530] "POST /tradingPL HTTP/1.1" 200 7689
0:0:0:0:0:0:0:1 - - [29/Dec/2021:15:51:06 +0530] "GET /css/index.css HTTP/1.1" 200 631
0:0:0:0:0:0:0:1 - - [29/Dec/2021:15:51:06 +0530] "GET /css/ledger.css HTTP/1.1" 200 750
0:0:0:0:0:0:0:1 - - [29/Dec/2021:15:51:06 +0530] "GET /css/main.css HTTP/1.1" 200 1539
0:0:0:0:0:0:0:1 - - [29/Dec/2021:15:52:41 +0530] "POST /tradingPL HTTP/1.1" 200 7740
0:0:0:0:0:0:0:1 - - [29/Dec/2021:15:52:41 +0530] "GET /css/index.css HTTP/1.1" 200 631
0:0:0:0:0:0:0:1 - - [29/Dec/2021:15:52:41 +0530] "GET /css/main.css HTTP/1.1" 200 1539
0:0:0:0:0:0:0:1 - - [29/Dec/2021:15:52:41 +0530] "GET /css/ledger.css HTTP/1.1" 200 750
0:0:0:0:0:0:0:1 - - [29/Dec/2021:16:01:09 +0530] "GET / HTTP/1.1" 200 1150
0:0:0:0:0:0:0:1 - - [29/Dec/2021:16:01:09 +0530] "GET /css/index.css HTTP/1.1" 200 631
0:0:0:0:0:0:0:1 - - [29/Dec/2021:16:01:09 +0530] "GET /css/main.css HTTP/1.1" 200 1539
0:0:0:0:0:0:0:1 - - [29/Dec/2021:16:01:09 +0530] "GET /css/ledger.css HTTP/1.1" 200 750
0:0:0:0:0:0:0:1 - - [29/Dec/2021:16:01:09 +0530] "GET /favicon.ico HTTP/1.1" 302 -
0:0:0:0:0:0:0:1 - - [29/Dec/2021:16:01:09 +0530] "GET /login HTTP/1.1" 200 1403
0:0:0:0:0:0:0:1 - - [29/Dec/2021:16:01:11 +0530] "GET /login HTTP/1.1" 200 1403
0:0:0:0:0:0:0:1 - - [29/Dec/2021:16:01:11 +0530] "GET /favicon.ico HTTP/1.1" 302 -
0:0:0:0:0:0:0:1 - - [29/Dec/2021:16:01:11 +0530] "GET /login HTTP/1.1" 200 1403
0:0:0:0:0:0:0:1 - - [29/Dec/2021:16:01:12 +0530] "POST /login HTTP/1.1" 302 -
0:0:0:0:0:0:0:1 - - [29/Dec/2021:16:01:12 +0530] "GET /company_selection HTTP/1.1" 200 2091
0:0:0:0:0:0:0:1 - - [29/Dec/2021:16:01:12 +0530] "GET /css/index.css HTTP/1.1" 200 631
0:0:0:0:0:0:0:1 - - [29/Dec/2021:16:01:12 +0530] "GET /css/main.css HTTP/1.1" 200 1539
0:0:0:0:0:0:0:1 - - [29/Dec/2021:16:01:12 +0530] "GET /css/ledger.css HTTP/1.1" 200 750
0:0:0:0:0:0:0:1 - - [29/Dec/2021:16:01:12 +0530] "GET /favicon.ico HTTP/1.1" 404 144
0:0:0:0:0:0:0:1 - - [29/Dec/2021:16:01:15 +0530] "POST /companyselect HTTP/1.1" 200 1932
0:0:0:0:0:0:0:1 - - [29/Dec/2021:16:01:15 +0530] "GET /css/index.css HTTP/1.1" 200 631
0:0:0:0:0:0:0:1 - - [29/Dec/2021:16:01:15 +0530] "GET /css/ledger.css HTTP/1.1" 200 750
0:0:0:0:0:0:0:1 - - [29/Dec/2021:16:01:15 +0530] "GET /css/main.css HTTP/1.1" 200 1539
0:0:0:0:0:0:0:1 - - [29/Dec/2021:16:01:17 +0530] "POST /StoreCompany HTTP/1.1" 302 -
0:0:0:0:0:0:0:1 - - [29/Dec/2021:16:01:17 +0530] "GET /reports HTTP/1.1" 200 1651
0:0:0:0:0:0:0:1 - - [29/Dec/2021:16:01:17 +0530] "GET /css/index.css HTTP/1.1" 200 631
0:0:0:0:0:0:0:1 - - [29/Dec/2021:16:01:17 +0530] "GET /css/ledger.css HTTP/1.1" 200 750
0:0:0:0:0:0:0:1 - - [29/Dec/2021:16:01:17 +0530] "GET /css/main.css HTTP/1.1" 200 1539
0:0:0:0:0:0:0:1 - - [29/Dec/2021:16:01:18 +0530] "GET /findTradingPL HTTP/1.1" 200 7695
0:0:0:0:0:0:0:1 - - [29/Dec/2021:16:01:18 +0530] "GET /css/main.css HTTP/1.1" 200 1539
0:0:0:0:0:0:0:1 - - [29/Dec/2021:16:01:18 +0530] "GET /css/ledger.css HTTP/1.1" 200 750
0:0:0:0:0:0:0:1 - - [29/Dec/2021:16:01:18 +0530] "GET /css/index.css HTTP/1.1" 200 631
0:0:0:0:0:0:0:1 - - [29/Dec/2021:16:01:18 +0530] "GET /script/disableselect.js HTTP/1.1" 200 1385
0:0:0:0:0:0:0:1 - - [29/Dec/2021:16:01:19 +0530] "POST /tradingPL HTTP/1.1" 200 7740
0:0:0:0:0:0:0:1 - - [29/Dec/2021:16:01:19 +0530] "GET /css/main.css HTTP/1.1" 200 1539
0:0:0:0:0:0:0:1 - - [29/Dec/2021:16:01:19 +0530] "GET /css/ledger.css HTTP/1.1" 200 750
0:0:0:0:0:0:0:1 - - [29/Dec/2021:16:01:19 +0530] "GET /css/index.css HTTP/1.1" 200 631
0:0:0:0:0:0:0:1 - - [29/Dec/2021:16:01:22 +0530] "GET /css/index.css HTTP/1.1" 200 631
0:0:0:0:0:0:0:1 - - [29/Dec/2021:16:01:22 +0530] "GET /css/main.css HTTP/1.1" 200 1539
0:0:0:0:0:0:0:1 - - [29/Dec/2021:16:01:22 +0530] "GET /css/ledger.css HTTP/1.1" 200 750
0:0:0:0:0:0:0:1 - - [29/Dec/2021:16:04:41 +0530] "POST /tradingPL HTTP/1.1" 200 7831
0:0:0:0:0:0:0:1 - - [29/Dec/2021:16:04:41 +0530] "GET /css/index.css HTTP/1.1" 200 631
0:0:0:0:0:0:0:1 - - [29/Dec/2021:16:04:41 +0530] "GET /css/ledger.css HTTP/1.1" 200 750
0:0:0:0:0:0:0:1 - - [29/Dec/2021:16:04:41 +0530] "GET /css/main.css HTTP/1.1" 200 1539
0:0:0:0:0:0:0:1 - - [29/Dec/2021:16:05:14 +0530] "POST /tradingPL HTTP/1.1" 200 7849
0:0:0:0:0:0:0:1 - - [29/Dec/2021:16:05:15 +0530] "GET /css/ledger.css HTTP/1.1" 200 750
0:0:0:0:0:0:0:1 - - [29/Dec/2021:16:05:15 +0530] "GET /css/index.css HTTP/1.1" 200 631
0:0:0:0:0:0:0:1 - - [29/Dec/2021:16:05:15 +0530] "GET /css/main.css HTTP/1.1" 200 1539
0:0:0:0:0:0:0:1 - - [29/Dec/2021:16:17:54 +0530] "GET /css/main.css HTTP/1.1" 200 1539
0:0:0:0:0:0:0:1 - - [29/Dec/2021:16:17:54 +0530] "GET /css/index.css HTTP/1.1" 200 631
0:0:0:0:0:0:0:1 - - [29/Dec/2021:16:17:54 +0530] "GET /css/ledger.css HTTP/1.1" 200 750
0:0:0:0:0:0:0:1 - - [29/Dec/2021:16:17:59 +0530] "POST /tradingPL HTTP/1.1" 200 7851
0:0:0:0:0:0:0:1 - - [29/Dec/2021:16:17:59 +0530] "GET /css/main.css HTTP/1.1" 200 1539
0:0:0:0:0:0:0:1 - - [29/Dec/2021:16:17:59 +0530] "GET /css/ledger.css HTTP/1.1" 200 750
0:0:0:0:0:0:0:1 - - [29/Dec/2021:16:17:59 +0530] "GET /css/index.css HTTP/1.1" 200 631
0:0:0:0:0:0:0:1 - - [29/Dec/2021:16:18:06 +0530] "POST /tradingPL HTTP/1.1" 200 8137
0:0:0:0:0:0:0:1 - - [29/Dec/2021:16:18:06 +0530] "GET /css/ledger.css HTTP/1.1" 200 750
0:0:0:0:0:0:0:1 - - [29/Dec/2021:16:18:06 +0530] "GET /css/index.css HTTP/1.1" 200 631
0:0:0:0:0:0:0:1 - - [29/Dec/2021:16:18:06 +0530] "GET /css/main.css HTTP/1.1" 200 1539
0:0:0:0:0:0:0:1 - - [29/Dec/2021:16:22:33 +0530] "POST /tradingPL HTTP/1.1" 200 8247
0:0:0:0:0:0:0:1 - - [29/Dec/2021:16:22:33 +0530] "GET /css/index.css HTTP/1.1" 200 631
0:0:0:0:0:0:0:1 - - [29/Dec/2021:16:22:33 +0530] "GET /css/main.css HTTP/1.1" 200 1539
0:0:0:0:0:0:0:1 - - [29/Dec/2021:16:22:33 +0530] "GET /css/ledger.css HTTP/1.1" 200 750
0:0:0:0:0:0:0:1 - - [29/Dec/2021:16:24:27 +0530] "POST /tradingPL HTTP/1.1" 200 8291
0:0:0:0:0:0:0:1 - - [29/Dec/2021:16:24:27 +0530] "GET /css/index.css HTTP/1.1" 200 631
0:0:0:0:0:0:0:1 - - [29/Dec/2021:16:24:27 +0530] "GET /css/ledger.css HTTP/1.1" 200 750
0:0:0:0:0:0:0:1 - - [29/Dec/2021:16:24:27 +0530] "GET /css/main.css HTTP/1.1" 200 1539
0:0:0:0:0:0:0:1 - - [29/Dec/2021:16:24:56 +0530] "POST /tradingPL HTTP/1.1" 200 8291
0:0:0:0:0:0:0:1 - - [29/Dec/2021:16:24:56 +0530] "GET /css/main.css HTTP/1.1" 200 1539
0:0:0:0:0:0:0:1 - - [29/Dec/2021:16:24:56 +0530] "GET /css/index.css HTTP/1.1" 200 631
0:0:0:0:0:0:0:1 - - [29/Dec/2021:16:24:56 +0530] "GET /css/ledger.css HTTP/1.1" 200 750
0:0:0:0:0:0:0:1 - - [29/Dec/2021:16:25:00 +0530] "POST /tradingPL HTTP/1.1" 200 8291
0:0:0:0:0:0:0:1 - - [29/Dec/2021:16:25:00 +0530] "GET /css/index.css HTTP/1.1" 200 631
0:0:0:0:0:0:0:1 - - [29/Dec/2021:16:25:00 +0530] "GET /css/ledger.css HTTP/1.1" 200 750
0:0:0:0:0:0:0:1 - - [29/Dec/2021:16:25:00 +0530] "GET /css/main.css HTTP/1.1" 200 1539
0:0:0:0:0:0:0:1 - - [29/Dec/2021:16:25:35 +0530] "POST /tradingPL HTTP/1.1" 200 8286
0:0:0:0:0:0:0:1 - - [29/Dec/2021:16:25:35 +0530] "GET /css/ledger.css HTTP/1.1" 200 750
0:0:0:0:0:0:0:1 - - [29/Dec/2021:16:25:35 +0530] "GET /css/main.css HTTP/1.1" 200 1539
0:0:0:0:0:0:0:1 - - [29/Dec/2021:16:25:35 +0530] "GET /css/index.css HTTP/1.1" 200 631
0:0:0:0:0:0:0:1 - - [29/Dec/2021:16:26:04 +0530] "POST /tradingPL HTTP/1.1" 200 8273
0:0:0:0:0:0:0:1 - - [29/Dec/2021:16:26:04 +0530] "GET /css/ledger.css HTTP/1.1" 200 750
0:0:0:0:0:0:0:1 - - [29/Dec/2021:16:26:04 +0530] "GET /css/index.css HTTP/1.1" 200 631
0:0:0:0:0:0:0:1 - - [29/Dec/2021:16:26:04 +0530] "GET /css/main.css HTTP/1.1" 200 1539
0:0:0:0:0:0:0:1 - - [29/Dec/2021:16:26:06 +0530] "POST /tradingPL HTTP/1.1" 200 8273
0:0:0:0:0:0:0:1 - - [29/Dec/2021:16:26:06 +0530] "GET /css/index.css HTTP/1.1" 200 631
0:0:0:0:0:0:0:1 - - [29/Dec/2021:16:26:06 +0530] "GET /css/main.css HTTP/1.1" 200 1539
0:0:0:0:0:0:0:1 - - [29/Dec/2021:16:26:06 +0530] "GET /css/ledger.css HTTP/1.1" 200 750
0:0:0:0:0:0:0:1 - - [29/Dec/2021:16:27:49 +0530] "POST /tradingPL HTTP/1.1" 200 8197
0:0:0:0:0:0:0:1 - - [29/Dec/2021:16:27:49 +0530] "GET /css/index.css HTTP/1.1" 200 631
0:0:0:0:0:0:0:1 - - [29/Dec/2021:16:27:49 +0530] "GET /css/ledger.css HTTP/1.1" 200 750
0:0:0:0:0:0:0:1 - - [29/Dec/2021:16:27:49 +0530] "GET /css/main.css HTTP/1.1" 200 1539
0:0:0:0:0:0:0:1 - - [29/Dec/2021:16:36:17 +0530] "POST /tradingPL HTTP/1.1" 200 8120
0:0:0:0:0:0:0:1 - - [29/Dec/2021:16:36:17 +0530] "GET /css/index.css HTTP/1.1" 200 631
0:0:0:0:0:0:0:1 - - [29/Dec/2021:16:36:17 +0530] "GET /css/main.css HTTP/1.1" 200 1539
0:0:0:0:0:0:0:1 - - [29/Dec/2021:16:36:17 +0530] "GET /css/ledger.css HTTP/1.1" 200 750
0:0:0:0:0:0:0:1 - - [29/Dec/2021:16:36:47 +0530] "POST /tradingPL HTTP/1.1" 200 8120
0:0:0:0:0:0:0:1 - - [29/Dec/2021:16:36:47 +0530] "GET /css/ledger.css HTTP/1.1" 200 750
0:0:0:0:0:0:0:1 - - [29/Dec/2021:16:36:47 +0530] "GET /css/main.css HTTP/1.1" 200 1539
0:0:0:0:0:0:0:1 - - [29/Dec/2021:16:36:47 +0530] "GET /css/index.css HTTP/1.1" 200 631
0:0:0:0:0:0:0:1 - - [29/Dec/2021:16:37:10 +0530] "POST /tradingPL HTTP/1.1" 200 8123
0:0:0:0:0:0:0:1 - - [29/Dec/2021:16:37:10 +0530] "GET /css/main.css HTTP/1.1" 200 1539
0:0:0:0:0:0:0:1 - - [29/Dec/2021:16:37:10 +0530] "GET /css/index.css HTTP/1.1" 200 631
0:0:0:0:0:0:0:1 - - [29/Dec/2021:16:37:10 +0530] "GET /css/ledger.css HTTP/1.1" 200 750
0:0:0:0:0:0:0:1 - - [29/Dec/2021:16:39:02 +0530] "POST /tradingPL HTTP/1.1" 200 8312
0:0:0:0:0:0:0:1 - - [29/Dec/2021:16:39:02 +0530] "GET /css/index.css HTTP/1.1" 200 631
0:0:0:0:0:0:0:1 - - [29/Dec/2021:16:39:02 +0530] "GET /css/ledger.css HTTP/1.1" 200 750
0:0:0:0:0:0:0:1 - - [29/Dec/2021:16:39:02 +0530] "GET /css/main.css HTTP/1.1" 200 1539
0:0:0:0:0:0:0:1 - - [29/Dec/2021:16:39:14 +0530] "POST /tradingPL HTTP/1.1" 200 8312
0:0:0:0:0:0:0:1 - - [29/Dec/2021:16:39:14 +0530] "GET /css/ledger.css HTTP/1.1" 200 750
0:0:0:0:0:0:0:1 - - [29/Dec/2021:16:39:14 +0530] "GET /css/index.css HTTP/1.1" 200 631
0:0:0:0:0:0:0:1 - - [29/Dec/2021:16:39:14 +0530] "GET /css/main.css HTTP/1.1" 200 1539
0:0:0:0:0:0:0:1 - - [29/Dec/2021:16:42:17 +0530] "POST /tradingPL HTTP/1.1" 200 8176
0:0:0:0:0:0:0:1 - - [29/Dec/2021:16:42:17 +0530] "GET /css/index.css HTTP/1.1" 200 631
0:0:0:0:0:0:0:1 - - [29/Dec/2021:16:42:17 +0530] "GET /css/main.css HTTP/1.1" 200 1539
0:0:0:0:0:0:0:1 - - [29/Dec/2021:16:42:17 +0530] "GET /css/ledger.css HTTP/1.1" 200 750
0:0:0:0:0:0:0:1 - - [29/Dec/2021:16:42:41 +0530] "POST /tradingPL HTTP/1.1" 200 8179
0:0:0:0:0:0:0:1 - - [29/Dec/2021:16:42:41 +0530] "GET /css/index.css HTTP/1.1" 200 631
0:0:0:0:0:0:0:1 - - [29/Dec/2021:16:42:41 +0530] "GET /css/ledger.css HTTP/1.1" 200 750
0:0:0:0:0:0:0:1 - - [29/Dec/2021:16:42:41 +0530] "GET /css/main.css HTTP/1.1" 200 1539
0:0:0:0:0:0:0:1 - - [29/Dec/2021:16:45:48 +0530] "POST /tradingPL HTTP/1.1" 200 8417
0:0:0:0:0:0:0:1 - - [29/Dec/2021:16:45:48 +0530] "GET /css/index.css HTTP/1.1" 200 631
0:0:0:0:0:0:0:1 - - [29/Dec/2021:16:45:48 +0530] "GET /css/ledger.css HTTP/1.1" 200 750
0:0:0:0:0:0:0:1 - - [29/Dec/2021:16:45:48 +0530] "GET /css/main.css HTTP/1.1" 200 1539
0:0:0:0:0:0:0:1 - - [29/Dec/2021:16:46:38 +0530] "POST /tradingPL HTTP/1.1" 200 8448
0:0:0:0:0:0:0:1 - - [29/Dec/2021:16:46:38 +0530] "GET /css/index.css HTTP/1.1" 200 631
0:0:0:0:0:0:0:1 - - [29/Dec/2021:16:46:38 +0530] "GET /css/main.css HTTP/1.1" 200 1539
0:0:0:0:0:0:0:1 - - [29/Dec/2021:16:46:38 +0530] "GET /css/ledger.css HTTP/1.1" 200 750
0:0:0:0:0:0:0:1 - - [29/Dec/2021:16:46:40 +0530] "POST /tradingPL HTTP/1.1" 200 8448
0:0:0:0:0:0:0:1 - - [29/Dec/2021:16:46:40 +0530] "GET /css/ledger.css HTTP/1.1" 200 750
0:0:0:0:0:0:0:1 - - [29/Dec/2021:16:46:40 +0530] "GET /css/index.css HTTP/1.1" 200 631
0:0:0:0:0:0:0:1 - - [29/Dec/2021:16:46:40 +0530] "GET /css/main.css HTTP/1.1" 200 1539
0:0:0:0:0:0:0:1 - - [29/Dec/2021:16:48:49 +0530] "POST /tradingPL HTTP/1.1" 200 8489
0:0:0:0:0:0:0:1 - - [29/Dec/2021:16:48:49 +0530] "GET /css/index.css HTTP/1.1" 200 631
0:0:0:0:0:0:0:1 - - [29/Dec/2021:16:48:49 +0530] "GET /css/ledger.css HTTP/1.1" 200 750
0:0:0:0:0:0:0:1 - - [29/Dec/2021:16:48:49 +0530] "GET /css/main.css HTTP/1.1" 200 1539
0:0:0:0:0:0:0:1 - - [29/Dec/2021:16:49:17 +0530] "POST /tradingPL HTTP/1.1" 200 8532
0:0:0:0:0:0:0:1 - - [29/Dec/2021:16:49:17 +0530] "GET /css/ledger.css HTTP/1.1" 200 750
0:0:0:0:0:0:0:1 - - [29/Dec/2021:16:49:17 +0530] "GET /css/index.css HTTP/1.1" 200 631
0:0:0:0:0:0:0:1 - - [29/Dec/2021:16:49:17 +0530] "GET /css/main.css HTTP/1.1" 200 1539
0:0:0:0:0:0:0:1 - - [29/Dec/2021:16:49:19 +0530] "POST /tradingPL HTTP/1.1" 200 8532
0:0:0:0:0:0:0:1 - - [29/Dec/2021:16:49:19 +0530] "GET /css/ledger.css HTTP/1.1" 200 750
0:0:0:0:0:0:0:1 - - [29/Dec/2021:16:49:19 +0530] "GET /css/main.css HTTP/1.1" 200 1539
0:0:0:0:0:0:0:1 - - [29/Dec/2021:16:49:19 +0530] "GET /css/index.css HTTP/1.1" 200 631
0:0:0:0:0:0:0:1 - - [29/Dec/2021:16:49:37 +0530] "POST /tradingPL HTTP/1.1" 200 8535
0:0:0:0:0:0:0:1 - - [29/Dec/2021:16:49:37 +0530] "GET /css/ledger.css HTTP/1.1" 200 750
0:0:0:0:0:0:0:1 - - [29/Dec/2021:16:49:37 +0530] "GET /css/index.css HTTP/1.1" 200 631
0:0:0:0:0:0:0:1 - - [29/Dec/2021:16:49:37 +0530] "GET /css/main.css HTTP/1.1" 200 1539
0:0:0:0:0:0:0:1 - - [29/Dec/2021:16:49:40 +0530] "POST /tradingPL HTTP/1.1" 200 8535
0:0:0:0:0:0:0:1 - - [29/Dec/2021:16:49:40 +0530] "GET /css/main.css HTTP/1.1" 200 1539
0:0:0:0:0:0:0:1 - - [29/Dec/2021:16:49:40 +0530] "GET /css/index.css HTTP/1.1" 200 631
0:0:0:0:0:0:0:1 - - [29/Dec/2021:16:49:40 +0530] "GET /css/ledger.css HTTP/1.1" 200 750
0:0:0:0:0:0:0:1 - - [29/Dec/2021:16:49:40 +0530] "POST /tradingPL HTTP/1.1" 200 8535
0:0:0:0:0:0:0:1 - - [29/Dec/2021:16:49:40 +0530] "GET /css/index.css HTTP/1.1" 200 631
0:0:0:0:0:0:0:1 - - [29/Dec/2021:16:49:40 +0530] "GET /css/main.css HTTP/1.1" 200 1539
0:0:0:0:0:0:0:1 - - [29/Dec/2021:16:49:40 +0530] "GET /css/ledger.css HTTP/1.1" 200 750
0:0:0:0:0:0:0:1 - - [29/Dec/2021:16:50:18 +0530] "POST /tradingPL HTTP/1.1" 200 8541
0:0:0:0:0:0:0:1 - - [29/Dec/2021:16:50:18 +0530] "GET /css/main.css HTTP/1.1" 200 1539
0:0:0:0:0:0:0:1 - - [29/Dec/2021:16:50:18 +0530] "GET /css/index.css HTTP/1.1" 200 631
0:0:0:0:0:0:0:1 - - [29/Dec/2021:16:50:18 +0530] "GET /css/ledger.css HTTP/1.1" 200 750
0:0:0:0:0:0:0:1 - - [29/Dec/2021:16:52:15 +0530] "POST /tradingPL HTTP/1.1" 200 8541
0:0:0:0:0:0:0:1 - - [29/Dec/2021:16:52:15 +0530] "GET /css/index.css HTTP/1.1" 200 631
0:0:0:0:0:0:0:1 - - [29/Dec/2021:16:52:15 +0530] "GET /css/main.css HTTP/1.1" 200 1539
0:0:0:0:0:0:0:1 - - [29/Dec/2021:16:52:15 +0530] "GET /css/ledger.css HTTP/1.1" 200 750
0:0:0:0:0:0:0:1 - - [29/Dec/2021:16:52:16 +0530] "POST /tradingPL HTTP/1.1" 200 8541
0:0:0:0:0:0:0:1 - - [29/Dec/2021:16:52:16 +0530] "GET /css/index.css HTTP/1.1" 200 631
0:0:0:0:0:0:0:1 - - [29/Dec/2021:16:52:16 +0530] "GET /css/main.css HTTP/1.1" 200 1539
0:0:0:0:0:0:0:1 - - [29/Dec/2021:16:52:16 +0530] "GET /css/ledger.css HTTP/1.1" 200 750
0:0:0:0:0:0:0:1 - - [29/Dec/2021:16:53:03 +0530] "POST /tradingPL HTTP/1.1" 200 8542
0:0:0:0:0:0:0:1 - - [29/Dec/2021:16:53:03 +0530] "GET /css/index.css HTTP/1.1" 200 631
0:0:0:0:0:0:0:1 - - [29/Dec/2021:16:53:03 +0530] "GET /css/ledger.css HTTP/1.1" 200 750
0:0:0:0:0:0:0:1 - - [29/Dec/2021:16:53:03 +0530] "GET /css/main.css HTTP/1.1" 200 1539
0:0:0:0:0:0:0:1 - - [29/Dec/2021:16:53:04 +0530] "POST /tradingPL HTTP/1.1" 200 8542
0:0:0:0:0:0:0:1 - - [29/Dec/2021:16:53:04 +0530] "GET /css/index.css HTTP/1.1" 200 631
0:0:0:0:0:0:0:1 - - [29/Dec/2021:16:53:04 +0530] "GET /css/ledger.css HTTP/1.1" 200 750
0:0:0:0:0:0:0:1 - - [29/Dec/2021:16:53:04 +0530] "GET /css/main.css HTTP/1.1" 200 1539
0:0:0:0:0:0:0:1 - - [29/Dec/2021:16:53:27 +0530] "POST /tradingPL HTTP/1.1" 200 8494
0:0:0:0:0:0:0:1 - - [29/Dec/2021:16:53:27 +0530] "GET /css/index.css HTTP/1.1" 200 631
0:0:0:0:0:0:0:1 - - [29/Dec/2021:16:53:27 +0530] "GET /css/main.css HTTP/1.1" 200 1539
0:0:0:0:0:0:0:1 - - [29/Dec/2021:16:53:27 +0530] "GET /css/ledger.css HTTP/1.1" 200 750
0:0:0:0:0:0:0:1 - - [29/Dec/2021:16:53:33 +0530] "POST /tradingPL HTTP/1.1" 200 8463
0:0:0:0:0:0:0:1 - - [29/Dec/2021:16:53:33 +0530] "GET /css/index.css HTTP/1.1" 200 631
0:0:0:0:0:0:0:1 - - [29/Dec/2021:16:53:33 +0530] "GET /css/main.css HTTP/1.1" 200 1539
0:0:0:0:0:0:0:1 - - [29/Dec/2021:16:53:33 +0530] "GET /css/ledger.css HTTP/1.1" 200 750
0:0:0:0:0:0:0:1 - - [29/Dec/2021:16:55:07 +0530] "POST /tradingPL HTTP/1.1" 200 8495
0:0:0:0:0:0:0:1 - - [29/Dec/2021:16:55:07 +0530] "GET /css/main.css HTTP/1.1" 200 1539
0:0:0:0:0:0:0:1 - - [29/Dec/2021:16:55:07 +0530] "GET /css/index.css HTTP/1.1" 200 631
0:0:0:0:0:0:0:1 - - [29/Dec/2021:16:55:07 +0530] "GET /css/ledger.css HTTP/1.1" 200 750
0:0:0:0:0:0:0:1 - - [29/Dec/2021:16:55:09 +0530] "POST /tradingPL HTTP/1.1" 200 8495
0:0:0:0:0:0:0:1 - - [29/Dec/2021:16:55:09 +0530] "GET /css/index.css HTTP/1.1" 200 631
0:0:0:0:0:0:0:1 - - [29/Dec/2021:16:55:09 +0530] "GET /css/ledger.css HTTP/1.1" 200 750
0:0:0:0:0:0:0:1 - - [29/Dec/2021:16:55:09 +0530] "GET /css/main.css HTTP/1.1" 200 1539
0:0:0:0:0:0:0:1 - - [29/Dec/2021:16:58:33 +0530] "POST /tradingPL HTTP/1.1" 200 8370
0:0:0:0:0:0:0:1 - - [29/Dec/2021:16:58:33 +0530] "GET /css/ledger.css HTTP/1.1" 200 750
0:0:0:0:0:0:0:1 - - [29/Dec/2021:16:58:33 +0530] "GET /css/main.css HTTP/1.1" 200 1539
0:0:0:0:0:0:0:1 - - [29/Dec/2021:16:58:33 +0530] "GET /css/index.css HTTP/1.1" 200 631
0:0:0:0:0:0:0:1 - - [29/Dec/2021:17:07:21 +0530] "GET /reports HTTP/1.1" 200 1651
0:0:0:0:0:0:0:1 - - [29/Dec/2021:17:07:21 +0530] "GET /css/index.css HTTP/1.1" 200 631
0:0:0:0:0:0:0:1 - - [29/Dec/2021:17:07:21 +0530] "GET /css/main.css HTTP/1.1" 200 1539
0:0:0:0:0:0:0:1 - - [29/Dec/2021:17:07:21 +0530] "GET /css/ledger.css HTTP/1.1" 200 750
0:0:0:0:0:0:0:1 - - [29/Dec/2021:17:07:22 +0530] "GET /findBalSheet HTTP/1.1" 200 8669
0:0:0:0:0:0:0:1 - - [29/Dec/2021:17:07:22 +0530] "GET /css/main.css HTTP/1.1" 200 1539
0:0:0:0:0:0:0:1 - - [29/Dec/2021:17:07:22 +0530] "GET /css/index.css HTTP/1.1" 200 631
0:0:0:0:0:0:0:1 - - [29/Dec/2021:17:07:22 +0530] "GET /script/disableselect.js HTTP/1.1" 200 1385
0:0:0:0:0:0:0:1 - - [29/Dec/2021:17:07:22 +0530] "GET /css/ledger.css HTTP/1.1" 200 750
0:0:0:0:0:0:0:1 - - [29/Dec/2021:17:07:24 +0530] "POST /BalanceSheet HTTP/1.1" 200 7898
0:0:0:0:0:0:0:1 - - [29/Dec/2021:17:07:24 +0530] "GET /css/index.css HTTP/1.1" 200 631
0:0:0:0:0:0:0:1 - - [29/Dec/2021:17:07:24 +0530] "GET /css/main.css HTTP/1.1" 200 1539
0:0:0:0:0:0:0:1 - - [29/Dec/2021:17:07:24 +0530] "GET /css/ledger.css HTTP/1.1" 200 750
0:0:0:0:0:0:0:1 - - [29/Dec/2021:17:09:02 +0530] "GET /reports HTTP/1.1" 200 1651
0:0:0:0:0:0:0:1 - - [29/Dec/2021:17:09:02 +0530] "GET /css/index.css HTTP/1.1" 200 631
0:0:0:0:0:0:0:1 - - [29/Dec/2021:17:09:02 +0530] "GET /css/main.css HTTP/1.1" 200 1539
0:0:0:0:0:0:0:1 - - [29/Dec/2021:17:09:02 +0530] "GET /css/ledger.css HTTP/1.1" 200 750
0:0:0:0:0:0:0:1 - - [29/Dec/2021:17:09:03 +0530] "GET /findTradingPL HTTP/1.1" 200 7695
0:0:0:0:0:0:0:1 - - [29/Dec/2021:17:09:03 +0530] "GET /css/ledger.css HTTP/1.1" 200 750
0:0:0:0:0:0:0:1 - - [29/Dec/2021:17:09:03 +0530] "GET /css/main.css HTTP/1.1" 200 1539
0:0:0:0:0:0:0:1 - - [29/Dec/2021:17:09:03 +0530] "GET /css/index.css HTTP/1.1" 200 631
0:0:0:0:0:0:0:1 - - [29/Dec/2021:17:09:03 +0530] "GET /script/disableselect.js HTTP/1.1" 200 1385
0:0:0:0:0:0:0:1 - - [29/Dec/2021:17:09:05 +0530] "POST /tradingPL HTTP/1.1" 200 8472
0:0:0:0:0:0:0:1 - - [29/Dec/2021:17:09:05 +0530] "GET /css/index.css HTTP/1.1" 200 631
0:0:0:0:0:0:0:1 - - [29/Dec/2021:17:09:05 +0530] "GET /css/main.css HTTP/1.1" 200 1539
0:0:0:0:0:0:0:1 - - [29/Dec/2021:17:09:05 +0530] "GET /css/ledger.css HTTP/1.1" 200 750
0:0:0:0:0:0:0:1 - - [29/Dec/2021:17:09:10 +0530] "GET /reports HTTP/1.1" 200 1651
0:0:0:0:0:0:0:1 - - [29/Dec/2021:17:09:10 +0530] "GET /css/ledger.css HTTP/1.1" 200 750
0:0:0:0:0:0:0:1 - - [29/Dec/2021:17:09:10 +0530] "GET /css/main.css HTTP/1.1" 200 1539
0:0:0:0:0:0:0:1 - - [29/Dec/2021:17:09:10 +0530] "GET /css/index.css HTTP/1.1" 200 631
0:0:0:0:0:0:0:1 - - [29/Dec/2021:17:09:17 +0530] "GET / HTTP/1.1" 200 1150
0:0:0:0:0:0:0:1 - - [29/Dec/2021:17:09:17 +0530] "GET /css/index.css HTTP/1.1" 200 631
0:0:0:0:0:0:0:1 - - [29/Dec/2021:17:09:17 +0530] "GET /css/main.css HTTP/1.1" 200 1539
0:0:0:0:0:0:0:1 - - [29/Dec/2021:17:09:17 +0530] "GET /css/ledger.css HTTP/1.1" 200 750
0:0:0:0:0:0:0:1 - - [29/Dec/2021:17:09:17 +0530] "GET /favicon.ico HTTP/1.1" 302 -
0:0:0:0:0:0:0:1 - - [29/Dec/2021:17:09:17 +0530] "GET /login HTTP/1.1" 200 1403
0:0:0:0:0:0:0:1 - - [29/Dec/2021:17:09:19 +0530] "GET /login HTTP/1.1" 200 1403
0:0:0:0:0:0:0:1 - - [29/Dec/2021:17:09:19 +0530] "GET /favicon.ico HTTP/1.1" 302 -
0:0:0:0:0:0:0:1 - - [29/Dec/2021:17:09:19 +0530] "GET /login HTTP/1.1" 200 1403
0:0:0:0:0:0:0:1 - - [29/Dec/2021:17:09:19 +0530] "POST /login HTTP/1.1" 302 -
0:0:0:0:0:0:0:1 - - [29/Dec/2021:17:09:19 +0530] "GET /company_selection HTTP/1.1" 200 2091
0:0:0:0:0:0:0:1 - - [29/Dec/2021:17:09:20 +0530] "GET /css/main.css HTTP/1.1" 200 1539
0:0:0:0:0:0:0:1 - - [29/Dec/2021:17:09:20 +0530] "GET /css/ledger.css HTTP/1.1" 200 750
0:0:0:0:0:0:0:1 - - [29/Dec/2021:17:09:20 +0530] "GET /css/index.css HTTP/1.1" 200 631
0:0:0:0:0:0:0:1 - - [29/Dec/2021:17:09:20 +0530] "GET /favicon.ico HTTP/1.1" 404 144
0:0:0:0:0:0:0:1 - - [29/Dec/2021:17:09:22 +0530] "POST /companyselect HTTP/1.1" 200 1932
0:0:0:0:0:0:0:1 - - [29/Dec/2021:17:09:22 +0530] "GET /css/main.css HTTP/1.1" 200 1539
0:0:0:0:0:0:0:1 - - [29/Dec/2021:17:09:22 +0530] "GET /css/ledger.css HTTP/1.1" 200 750
0:0:0:0:0:0:0:1 - - [29/Dec/2021:17:09:22 +0530] "GET /css/index.css HTTP/1.1" 200 631
0:0:0:0:0:0:0:1 - - [29/Dec/2021:17:09:23 +0530] "POST /StoreCompany HTTP/1.1" 302 -
0:0:0:0:0:0:0:1 - - [29/Dec/2021:17:09:23 +0530] "GET /reports HTTP/1.1" 200 1651
0:0:0:0:0:0:0:1 - - [29/Dec/2021:17:09:23 +0530] "GET /css/ledger.css HTTP/1.1" 200 750
0:0:0:0:0:0:0:1 - - [29/Dec/2021:17:09:23 +0530] "GET /css/main.css HTTP/1.1" 200 1539
0:0:0:0:0:0:0:1 - - [29/Dec/2021:17:09:23 +0530] "GET /css/index.css HTTP/1.1" 200 631
0:0:0:0:0:0:0:1 - - [29/Dec/2021:17:09:28 +0530] "GET /findBalSheet HTTP/1.1" 200 8669
0:0:0:0:0:0:0:1 - - [29/Dec/2021:17:09:28 +0530] "GET /css/ledger.css HTTP/1.1" 200 750
0:0:0:0:0:0:0:1 - - [29/Dec/2021:17:09:28 +0530] "GET /css/main.css HTTP/1.1" 200 1539
0:0:0:0:0:0:0:1 - - [29/Dec/2021:17:09:28 +0530] "GET /css/index.css HTTP/1.1" 200 631
0:0:0:0:0:0:0:1 - - [29/Dec/2021:17:09:28 +0530] "GET /script/disableselect.js HTTP/1.1" 200 1385
0:0:0:0:0:0:0:1 - - [29/Dec/2021:17:09:29 +0530] "POST /BalanceSheet HTTP/1.1" 200 7898
0:0:0:0:0:0:0:1 - - [29/Dec/2021:17:09:29 +0530] "GET /css/ledger.css HTTP/1.1" 200 750
0:0:0:0:0:0:0:1 - - [29/Dec/2021:17:09:29 +0530] "GET /css/index.css HTTP/1.1" 200 631
0:0:0:0:0:0:0:1 - - [29/Dec/2021:17:09:29 +0530] "GET /css/main.css HTTP/1.1" 200 1539
0:0:0:0:0:0:0:1 - - [29/Dec/2021:17:10:19 +0530] "GET /reports HTTP/1.1" 200 1651
0:0:0:0:0:0:0:1 - - [29/Dec/2021:17:10:19 +0530] "GET /css/index.css HTTP/1.1" 200 631
0:0:0:0:0:0:0:1 - - [29/Dec/2021:17:10:19 +0530] "GET /css/main.css HTTP/1.1" 200 1539
0:0:0:0:0:0:0:1 - - [29/Dec/2021:17:10:19 +0530] "GET /css/ledger.css HTTP/1.1" 200 750
0:0:0:0:0:0:0:1 - - [29/Dec/2021:17:10:20 +0530] "GET /findTradingPL HTTP/1.1" 200 7695
0:0:0:0:0:0:0:1 - - [29/Dec/2021:17:10:20 +0530] "GET /css/main.css HTTP/1.1" 200 1539
0:0:0:0:0:0:0:1 - - [29/Dec/2021:17:10:20 +0530] "GET /css/index.css HTTP/1.1" 200 631
0:0:0:0:0:0:0:1 - - [29/Dec/2021:17:10:20 +0530] "GET /script/disableselect.js HTTP/1.1" 200 1385
0:0:0:0:0:0:0:1 - - [29/Dec/2021:17:10:20 +0530] "GET /css/ledger.css HTTP/1.1" 200 750
0:0:0:0:0:0:0:1 - - [29/Dec/2021:17:10:21 +0530] "POST /tradingPL HTTP/1.1" 200 8472
0:0:0:0:0:0:0:1 - - [29/Dec/2021:17:10:21 +0530] "GET /css/index.css HTTP/1.1" 200 631
0:0:0:0:0:0:0:1 - - [29/Dec/2021:17:10:21 +0530] "GET /css/main.css HTTP/1.1" 200 1539
0:0:0:0:0:0:0:1 - - [29/Dec/2021:17:10:21 +0530] "GET /css/ledger.css HTTP/1.1" 200 750
0:0:0:0:0:0:0:1 - - [29/Dec/2021:17:10:33 +0530] "GET /css/ledger.css HTTP/1.1" 200 750
0:0:0:0:0:0:0:1 - - [29/Dec/2021:17:10:33 +0530] "GET /css/index.css HTTP/1.1" 200 631
0:0:0:0:0:0:0:1 - - [29/Dec/2021:17:10:33 +0530] "GET /css/main.css HTTP/1.1" 200 1539
0:0:0:0:0:0:0:1 - - [29/Dec/2021:17:12:04 +0530] "GET /reports HTTP/1.1" 200 1651
0:0:0:0:0:0:0:1 - - [29/Dec/2021:17:12:04 +0530] "GET /css/index.css HTTP/1.1" 200 631
0:0:0:0:0:0:0:1 - - [29/Dec/2021:17:12:04 +0530] "GET /css/main.css HTTP/1.1" 200 1539
0:0:0:0:0:0:0:1 - - [29/Dec/2021:17:12:04 +0530] "GET /css/ledger.css HTTP/1.1" 200 750
0:0:0:0:0:0:0:1 - - [29/Dec/2021:17:38:04 +0530] "GET /company_selection HTTP/1.1" 302 -
0:0:0:0:0:0:0:1 - - [29/Dec/2021:17:38:04 +0530] "GET /login HTTP/1.1" 200 1403
0:0:0:0:0:0:0:1 - - [29/Dec/2021:17:38:05 +0530] "POST /login HTTP/1.1" 302 -
0:0:0:0:0:0:0:1 - - [29/Dec/2021:17:38:05 +0530] "GET /company_selection HTTP/1.1" 200 2091
0:0:0:0:0:0:0:1 - - [29/Dec/2021:17:38:05 +0530] "GET /css/main.css HTTP/1.1" 200 1539
0:0:0:0:0:0:0:1 - - [29/Dec/2021:17:38:05 +0530] "GET /css/index.css HTTP/1.1" 200 631
0:0:0:0:0:0:0:1 - - [29/Dec/2021:17:38:05 +0530] "GET /css/ledger.css HTTP/1.1" 200 750
0:0:0:0:0:0:0:1 - - [29/Dec/2021:17:38:09 +0530] "POST /companyselect HTTP/1.1" 200 1932
0:0:0:0:0:0:0:1 - - [29/Dec/2021:17:38:09 +0530] "GET /css/ledger.css HTTP/1.1" 200 750
0:0:0:0:0:0:0:1 - - [29/Dec/2021:17:38:09 +0530] "GET /css/main.css HTTP/1.1" 200 1539
0:0:0:0:0:0:0:1 - - [29/Dec/2021:17:38:09 +0530] "GET /css/index.css HTTP/1.1" 200 631
0:0:0:0:0:0:0:1 - - [29/Dec/2021:17:38:10 +0530] "POST /StoreCompany HTTP/1.1" 302 -
0:0:0:0:0:0:0:1 - - [29/Dec/2021:17:38:10 +0530] "GET /reports HTTP/1.1" 200 1651
0:0:0:0:0:0:0:1 - - [29/Dec/2021:17:38:10 +0530] "GET /css/main.css HTTP/1.1" 200 1539
0:0:0:0:0:0:0:1 - - [29/Dec/2021:17:38:10 +0530] "GET /css/ledger.css HTTP/1.1" 200 750
0:0:0:0:0:0:0:1 - - [29/Dec/2021:17:38:10 +0530] "GET /css/index.css HTTP/1.1" 200 631
0:0:0:0:0:0:0:1 - - [29/Dec/2021:17:38:15 +0530] "GET /access HTTP/1.1" 500 9048
0:0:0:0:0:0:0:1 - - [29/Dec/2021:17:44:52 +0530] "GET /access HTTP/1.1" 302 -
0:0:0:0:0:0:0:1 - - [29/Dec/2021:17:44:52 +0530] "GET /login HTTP/1.1" 200 1403
0:0:0:0:0:0:0:1 - - [29/Dec/2021:17:44:54 +0530] "POST /login HTTP/1.1" 302 -
0:0:0:0:0:0:0:1 - - [29/Dec/2021:17:44:54 +0530] "GET /access HTTP/1.1" 500 9048
0:0:0:0:0:0:0:1 - - [29/Dec/2021:17:50:42 +0530] "GET /access HTTP/1.1" 302 -
0:0:0:0:0:0:0:1 - - [29/Dec/2021:17:50:42 +0530] "GET /login HTTP/1.1" 200 1403
0:0:0:0:0:0:0:1 - - [29/Dec/2021:17:50:43 +0530] "POST /login HTTP/1.1" 302 -
0:0:0:0:0:0:0:1 - - [29/Dec/2021:17:50:43 +0530] "GET /access HTTP/1.1" 500 9048
0:0:0:0:0:0:0:1 - - [29/Dec/2021:17:54:49 +0530] "GET /access HTTP/1.1" 302 -
0:0:0:0:0:0:0:1 - - [29/Dec/2021:17:54:49 +0530] "GET /login HTTP/1.1" 200 1403
0:0:0:0:0:0:0:1 - - [29/Dec/2021:17:54:51 +0530] "POST /login HTTP/1.1" 302 -
0:0:0:0:0:0:0:1 - - [29/Dec/2021:17:54:52 +0530] "GET /access HTTP/1.1" 500 9048
0:0:0:0:0:0:0:1 - - [29/Dec/2021:17:55:34 +0530] "GET /access HTTP/1.1" 302 -
0:0:0:0:0:0:0:1 - - [29/Dec/2021:17:55:34 +0530] "GET /login HTTP/1.1" 200 1403
0:0:0:0:0:0:0:1 - - [29/Dec/2021:17:55:36 +0530] "POST /login HTTP/1.1" 302 -
0:0:0:0:0:0:0:1 - - [29/Dec/2021:17:55:36 +0530] "GET /access HTTP/1.1" 500 9048
0:0:0:0:0:0:0:1 - - [29/Dec/2021:18:04:39 +0530] "GET /access HTTP/1.1" 302 -
0:0:0:0:0:0:0:1 - - [29/Dec/2021:18:04:39 +0530] "GET /login HTTP/1.1" 200 1403
0:0:0:0:0:0:0:1 - - [29/Dec/2021:18:04:40 +0530] "POST /login HTTP/1.1" 302 -
0:0:0:0:0:0:0:1 - - [29/Dec/2021:18:04:40 +0530] "GET /access HTTP/1.1" 500 9048
0:0:0:0:0:0:0:1 - - [29/Dec/2021:18:05:52 +0530] "GET /access HTTP/1.1" 302 -
0:0:0:0:0:0:0:1 - - [29/Dec/2021:18:05:52 +0530] "GET /login HTTP/1.1" 200 1403
0:0:0:0:0:0:0:1 - - [29/Dec/2021:18:05:52 +0530] "POST /login HTTP/1.1" 302 -
0:0:0:0:0:0:0:1 - - [29/Dec/2021:18:05:52 +0530] "GET /access HTTP/1.1" 500 9048
0:0:0:0:0:0:0:1 - - [29/Dec/2021:18:06:54 +0530] "GET /access HTTP/1.1" 302 -
0:0:0:0:0:0:0:1 - - [29/Dec/2021:18:06:54 +0530] "GET /login HTTP/1.1" 200 1403
0:0:0:0:0:0:0:1 - - [29/Dec/2021:18:06:55 +0530] "POST /login HTTP/1.1" 302 -
0:0:0:0:0:0:0:1 - - [29/Dec/2021:18:06:55 +0530] "GET /access HTTP/1.1" 500 9048
127.0.0.1 - - [29/Dec/2021:18:10:57 +0530] "GET /access HTTP/1.1" 302 -
127.0.0.1 - - [29/Dec/2021:18:10:57 +0530] "GET /login HTTP/1.1" 200 1403
127.0.0.1 - - [29/Dec/2021:18:10:58 +0530] "POST /login HTTP/1.1" 302 -
127.0.0.1 - - [29/Dec/2021:18:10:58 +0530] "GET /access HTTP/1.1" 500 9048
0:0:0:0:0:0:0:1 - - [29/Dec/2021:18:13:03 +0530] "GET /access HTTP/1.1" 302 -
0:0:0:0:0:0:0:1 - - [29/Dec/2021:18:13:03 +0530] "GET /login HTTP/1.1" 200 1403
0:0:0:0:0:0:0:1 - - [29/Dec/2021:18:13:04 +0530] "POST /login HTTP/1.1" 302 -
0:0:0:0:0:0:0:1 - - [29/Dec/2021:18:13:04 +0530] "GET /access HTTP/1.1" 500 9048
