0:0:0:0:0:0:0:1 - - [09/Jan/2022:21:02:15 +0530] "GET / HTTP/1.1" 200 1150
0:0:0:0:0:0:0:1 - - [09/Jan/2022:21:02:15 +0530] "GET /css/index.css HTTP/1.1" 200 631
0:0:0:0:0:0:0:1 - - [09/Jan/2022:21:02:15 +0530] "GET /css/ledger.css HTTP/1.1" 200 750
0:0:0:0:0:0:0:1 - - [09/Jan/2022:21:02:15 +0530] "GET /css/main.css HTTP/1.1" 200 1539
0:0:0:0:0:0:0:1 - - [09/Jan/2022:21:02:16 +0530] "GET /favicon.ico HTTP/1.1" 302 -
0:0:0:0:0:0:0:1 - - [09/Jan/2022:21:02:16 +0530] "GET /login HTTP/1.1" 200 1403
0:0:0:0:0:0:0:1 - - [09/Jan/2022:21:02:17 +0530] "GET /login HTTP/1.1" 200 1403
0:0:0:0:0:0:0:1 - - [09/Jan/2022:21:02:17 +0530] "GET /favicon.ico HTTP/1.1" 302 -
0:0:0:0:0:0:0:1 - - [09/Jan/2022:21:02:17 +0530] "GET /login HTTP/1.1" 200 1403
0:0:0:0:0:0:0:1 - - [09/Jan/2022:21:02:19 +0530] "POST /login HTTP/1.1" 302 -
0:0:0:0:0:0:0:1 - - [09/Jan/2022:21:02:19 +0530] "GET /company_selection HTTP/1.1" 200 2091
0:0:0:0:0:0:0:1 - - [09/Jan/2022:21:02:19 +0530] "GET /css/main.css HTTP/1.1" 200 1539
0:0:0:0:0:0:0:1 - - [09/Jan/2022:21:02:19 +0530] "GET /css/ledger.css HTTP/1.1" 200 750
0:0:0:0:0:0:0:1 - - [09/Jan/2022:21:02:19 +0530] "GET /css/index.css HTTP/1.1" 200 631
0:0:0:0:0:0:0:1 - - [09/Jan/2022:21:02:19 +0530] "GET /favicon.ico HTTP/1.1" 404 144
0:0:0:0:0:0:0:1 - - [09/Jan/2022:21:02:28 +0530] "GET /upload HTTP/1.1" 404 9041
0:0:0:0:0:0:0:1 - - [09/Jan/2022:21:04:23 +0530] "GET /upload HTTP/1.1" 302 -
0:0:0:0:0:0:0:1 - - [09/Jan/2022:21:04:23 +0530] "GET /login HTTP/1.1" 200 1403
0:0:0:0:0:0:0:1 - - [09/Jan/2022:21:04:24 +0530] "POST /login HTTP/1.1" 302 -
0:0:0:0:0:0:0:1 - - [09/Jan/2022:21:04:24 +0530] "GET /upload HTTP/1.1" 200 1612
0:0:0:0:0:0:0:1 - - [09/Jan/2022:21:04:24 +0530] "GET /css/index.css HTTP/1.1" 200 631
0:0:0:0:0:0:0:1 - - [09/Jan/2022:21:04:24 +0530] "GET /css/main.css HTTP/1.1" 200 1539
0:0:0:0:0:0:0:1 - - [09/Jan/2022:21:04:24 +0530] "GET /css/ledger.css HTTP/1.1" 200 750
0:0:0:0:0:0:0:1 - - [09/Jan/2022:21:04:41 +0530] "POST /uploaded HTTP/1.1" 500 9048
0:0:0:0:0:0:0:1 - - [09/Jan/2022:21:07:02 +0530] "GET /upload HTTP/1.1" 200 1612
0:0:0:0:0:0:0:1 - - [09/Jan/2022:21:07:02 +0530] "GET /css/index.css HTTP/1.1" 200 631
0:0:0:0:0:0:0:1 - - [09/Jan/2022:21:07:02 +0530] "GET /css/ledger.css HTTP/1.1" 200 750
0:0:0:0:0:0:0:1 - - [09/Jan/2022:21:07:02 +0530] "GET /css/main.css HTTP/1.1" 200 1539
0:0:0:0:0:0:0:1 - - [09/Jan/2022:21:07:16 +0530] "POST /uploaded HTTP/1.1" 500 9048
0:0:0:0:0:0:0:1 - - [09/Jan/2022:21:09:52 +0530] "GET /upload HTTP/1.1" 302 -
0:0:0:0:0:0:0:1 - - [09/Jan/2022:21:09:52 +0530] "GET /login HTTP/1.1" 200 1403
0:0:0:0:0:0:0:1 - - [09/Jan/2022:21:09:53 +0530] "POST /login HTTP/1.1" 302 -
0:0:0:0:0:0:0:1 - - [09/Jan/2022:21:09:53 +0530] "GET /upload HTTP/1.1" 200 1612
0:0:0:0:0:0:0:1 - - [09/Jan/2022:21:09:53 +0530] "GET /css/index.css HTTP/1.1" 200 631
0:0:0:0:0:0:0:1 - - [09/Jan/2022:21:09:53 +0530] "GET /css/main.css HTTP/1.1" 200 1539
0:0:0:0:0:0:0:1 - - [09/Jan/2022:21:09:53 +0530] "GET /css/ledger.css HTTP/1.1" 200 750
0:0:0:0:0:0:0:1 - - [09/Jan/2022:21:09:59 +0530] "POST /uploaded HTTP/1.1" 500 9048
0:0:0:0:0:0:0:1 - - [09/Jan/2022:21:15:57 +0530] "GET /upload HTTP/1.1" 302 -
0:0:0:0:0:0:0:1 - - [09/Jan/2022:21:15:57 +0530] "GET /login HTTP/1.1" 200 1403
0:0:0:0:0:0:0:1 - - [09/Jan/2022:21:15:59 +0530] "POST /login HTTP/1.1" 302 -
0:0:0:0:0:0:0:1 - - [09/Jan/2022:21:15:59 +0530] "GET /upload HTTP/1.1" 200 1612
0:0:0:0:0:0:0:1 - - [09/Jan/2022:21:15:59 +0530] "GET /css/index.css HTTP/1.1" 200 631
0:0:0:0:0:0:0:1 - - [09/Jan/2022:21:15:59 +0530] "GET /css/ledger.css HTTP/1.1" 200 750
0:0:0:0:0:0:0:1 - - [09/Jan/2022:21:15:59 +0530] "GET /css/main.css HTTP/1.1" 200 1539
0:0:0:0:0:0:0:1 - - [09/Jan/2022:21:16:03 +0530] "POST /uploaded HTTP/1.1" 500 9048
0:0:0:0:0:0:0:1 - - [09/Jan/2022:21:18:17 +0530] "GET /upload HTTP/1.1" 302 -
0:0:0:0:0:0:0:1 - - [09/Jan/2022:21:18:17 +0530] "GET /login HTTP/1.1" 200 1403
0:0:0:0:0:0:0:1 - - [09/Jan/2022:21:18:18 +0530] "POST /login HTTP/1.1" 302 -
0:0:0:0:0:0:0:1 - - [09/Jan/2022:21:18:18 +0530] "GET /upload HTTP/1.1" 200 1612
0:0:0:0:0:0:0:1 - - [09/Jan/2022:21:18:18 +0530] "GET /css/index.css HTTP/1.1" 200 631
0:0:0:0:0:0:0:1 - - [09/Jan/2022:21:18:18 +0530] "GET /css/main.css HTTP/1.1" 200 1539
0:0:0:0:0:0:0:1 - - [09/Jan/2022:21:18:18 +0530] "GET /css/ledger.css HTTP/1.1" 200 750
0:0:0:0:0:0:0:1 - - [09/Jan/2022:21:18:24 +0530] "POST /uploaded HTTP/1.1" 200 1231
0:0:0:0:0:0:0:1 - - [09/Jan/2022:21:18:24 +0530] "GET /css/ledger.css HTTP/1.1" 200 750
0:0:0:0:0:0:0:1 - - [09/Jan/2022:21:18:24 +0530] "GET /css/index.css HTTP/1.1" 200 631
0:0:0:0:0:0:0:1 - - [09/Jan/2022:21:18:24 +0530] "GET /css/main.css HTTP/1.1" 200 1539
0:0:0:0:0:0:0:1 - - [09/Jan/2022:21:20:31 +0530] "GET /upload HTTP/1.1" 302 -
0:0:0:0:0:0:0:1 - - [09/Jan/2022:21:20:31 +0530] "GET /login HTTP/1.1" 200 1403
0:0:0:0:0:0:0:1 - - [09/Jan/2022:21:20:32 +0530] "POST /login HTTP/1.1" 302 -
0:0:0:0:0:0:0:1 - - [09/Jan/2022:21:20:32 +0530] "GET /upload HTTP/1.1" 200 1612
0:0:0:0:0:0:0:1 - - [09/Jan/2022:21:20:32 +0530] "GET /css/ledger.css HTTP/1.1" 200 750
0:0:0:0:0:0:0:1 - - [09/Jan/2022:21:20:32 +0530] "GET /css/main.css HTTP/1.1" 200 1539
0:0:0:0:0:0:0:1 - - [09/Jan/2022:21:20:32 +0530] "GET /css/index.css HTTP/1.1" 200 631
0:0:0:0:0:0:0:1 - - [09/Jan/2022:21:20:37 +0530] "POST /uploaded HTTP/1.1" 200 1231
0:0:0:0:0:0:0:1 - - [09/Jan/2022:21:20:37 +0530] "GET /css/ledger.css HTTP/1.1" 200 750
0:0:0:0:0:0:0:1 - - [09/Jan/2022:21:20:37 +0530] "GET /css/main.css HTTP/1.1" 200 1539
0:0:0:0:0:0:0:1 - - [09/Jan/2022:21:20:37 +0530] "GET /css/index.css HTTP/1.1" 200 631
0:0:0:0:0:0:0:1 - - [09/Jan/2022:21:21:04 +0530] "GET /upload HTTP/1.1" 302 -
0:0:0:0:0:0:0:1 - - [09/Jan/2022:21:21:04 +0530] "GET /login HTTP/1.1" 200 1403
0:0:0:0:0:0:0:1 - - [09/Jan/2022:21:21:05 +0530] "POST /login HTTP/1.1" 302 -
0:0:0:0:0:0:0:1 - - [09/Jan/2022:21:21:05 +0530] "GET /upload HTTP/1.1" 200 1612
0:0:0:0:0:0:0:1 - - [09/Jan/2022:21:21:05 +0530] "GET /css/index.css HTTP/1.1" 200 631
0:0:0:0:0:0:0:1 - - [09/Jan/2022:21:21:05 +0530] "GET /css/ledger.css HTTP/1.1" 200 750
0:0:0:0:0:0:0:1 - - [09/Jan/2022:21:21:05 +0530] "GET /css/main.css HTTP/1.1" 200 1539
0:0:0:0:0:0:0:1 - - [09/Jan/2022:21:21:10 +0530] "POST /uploaded HTTP/1.1" 200 1215
0:0:0:0:0:0:0:1 - - [09/Jan/2022:21:21:10 +0530] "GET /css/main.css HTTP/1.1" 200 1539
0:0:0:0:0:0:0:1 - - [09/Jan/2022:21:21:10 +0530] "GET /css/index.css HTTP/1.1" 200 631
0:0:0:0:0:0:0:1 - - [09/Jan/2022:21:21:10 +0530] "GET /css/ledger.css HTTP/1.1" 200 750
0:0:0:0:0:0:0:1 - - [09/Jan/2022:21:26:26 +0530] "GET /upload HTTP/1.1" 302 -
0:0:0:0:0:0:0:1 - - [09/Jan/2022:21:26:26 +0530] "GET /login HTTP/1.1" 200 1403
0:0:0:0:0:0:0:1 - - [09/Jan/2022:21:26:27 +0530] "POST /login HTTP/1.1" 302 -
0:0:0:0:0:0:0:1 - - [09/Jan/2022:21:26:27 +0530] "GET /upload HTTP/1.1" 200 1612
0:0:0:0:0:0:0:1 - - [09/Jan/2022:21:26:27 +0530] "GET /css/index.css HTTP/1.1" 200 631
0:0:0:0:0:0:0:1 - - [09/Jan/2022:21:26:27 +0530] "GET /css/ledger.css HTTP/1.1" 200 750
0:0:0:0:0:0:0:1 - - [09/Jan/2022:21:26:27 +0530] "GET /css/main.css HTTP/1.1" 200 1539
0:0:0:0:0:0:0:1 - - [09/Jan/2022:21:26:33 +0530] "POST /uploaded HTTP/1.1" 200 1215
0:0:0:0:0:0:0:1 - - [09/Jan/2022:21:26:33 +0530] "GET /css/index.css HTTP/1.1" 200 631
0:0:0:0:0:0:0:1 - - [09/Jan/2022:21:26:33 +0530] "GET /css/main.css HTTP/1.1" 200 1539
0:0:0:0:0:0:0:1 - - [09/Jan/2022:21:26:33 +0530] "GET /css/ledger.css HTTP/1.1" 200 750
0:0:0:0:0:0:0:1 - - [09/Jan/2022:21:27:09 +0530] "GET /upload HTTP/1.1" 200 1612
0:0:0:0:0:0:0:1 - - [09/Jan/2022:21:27:09 +0530] "GET /css/main.css HTTP/1.1" 200 1539
0:0:0:0:0:0:0:1 - - [09/Jan/2022:21:27:09 +0530] "GET /css/index.css HTTP/1.1" 200 631
0:0:0:0:0:0:0:1 - - [09/Jan/2022:21:27:09 +0530] "GET /css/ledger.css HTTP/1.1" 200 750
0:0:0:0:0:0:0:1 - - [09/Jan/2022:21:27:13 +0530] "POST /uploaded HTTP/1.1" 500 9048
0:0:0:0:0:0:0:1 - - [09/Jan/2022:21:56:38 +0530] "GET /upload HTTP/1.1" 302 -
0:0:0:0:0:0:0:1 - - [09/Jan/2022:21:56:38 +0530] "GET /login HTTP/1.1" 200 1403
0:0:0:0:0:0:0:1 - - [09/Jan/2022:21:56:40 +0530] "POST /login HTTP/1.1" 302 -
0:0:0:0:0:0:0:1 - - [09/Jan/2022:21:56:40 +0530] "GET /upload HTTP/1.1" 200 1612
0:0:0:0:0:0:0:1 - - [09/Jan/2022:21:56:40 +0530] "GET /css/index.css HTTP/1.1" 200 631
0:0:0:0:0:0:0:1 - - [09/Jan/2022:21:56:40 +0530] "GET /css/ledger.css HTTP/1.1" 200 750
0:0:0:0:0:0:0:1 - - [09/Jan/2022:21:56:40 +0530] "GET /css/main.css HTTP/1.1" 200 1539
0:0:0:0:0:0:0:1 - - [09/Jan/2022:21:56:44 +0530] "POST /uploaded HTTP/1.1" 200 1215
0:0:0:0:0:0:0:1 - - [09/Jan/2022:21:56:44 +0530] "GET /css/ledger.css HTTP/1.1" 200 750
0:0:0:0:0:0:0:1 - - [09/Jan/2022:21:56:44 +0530] "GET /css/main.css HTTP/1.1" 200 1539
0:0:0:0:0:0:0:1 - - [09/Jan/2022:21:56:44 +0530] "GET /css/index.css HTTP/1.1" 200 631
0:0:0:0:0:0:0:1 - - [09/Jan/2022:21:57:11 +0530] "GET /upload HTTP/1.1" 200 1612
0:0:0:0:0:0:0:1 - - [09/Jan/2022:21:57:11 +0530] "GET /css/index.css HTTP/1.1" 200 631
0:0:0:0:0:0:0:1 - - [09/Jan/2022:21:57:11 +0530] "GET /css/main.css HTTP/1.1" 200 1539
0:0:0:0:0:0:0:1 - - [09/Jan/2022:21:57:11 +0530] "GET /css/ledger.css HTTP/1.1" 200 750
0:0:0:0:0:0:0:1 - - [09/Jan/2022:21:57:13 +0530] "POST /uploaded HTTP/1.1" 200 1215
0:0:0:0:0:0:0:1 - - [09/Jan/2022:21:57:13 +0530] "GET /css/main.css HTTP/1.1" 200 1539
0:0:0:0:0:0:0:1 - - [09/Jan/2022:21:57:13 +0530] "GET /css/ledger.css HTTP/1.1" 200 750
0:0:0:0:0:0:0:1 - - [09/Jan/2022:21:57:13 +0530] "GET /css/index.css HTTP/1.1" 200 631
0:0:0:0:0:0:0:1 - - [09/Jan/2022:21:58:37 +0530] "GET /upload HTTP/1.1" 200 1612
0:0:0:0:0:0:0:1 - - [09/Jan/2022:21:58:37 +0530] "GET /css/ledger.css HTTP/1.1" 200 750
0:0:0:0:0:0:0:1 - - [09/Jan/2022:21:58:37 +0530] "GET /css/main.css HTTP/1.1" 200 1539
0:0:0:0:0:0:0:1 - - [09/Jan/2022:21:58:37 +0530] "GET /css/index.css HTTP/1.1" 200 631
0:0:0:0:0:0:0:1 - - [09/Jan/2022:21:58:41 +0530] "POST /uploaded HTTP/1.1" 200 1215
0:0:0:0:0:0:0:1 - - [09/Jan/2022:21:58:42 +0530] "GET /css/index.css HTTP/1.1" 200 631
0:0:0:0:0:0:0:1 - - [09/Jan/2022:21:58:42 +0530] "GET /css/ledger.css HTTP/1.1" 200 750
0:0:0:0:0:0:0:1 - - [09/Jan/2022:21:58:42 +0530] "GET /css/main.css HTTP/1.1" 200 1539
