0:0:0:0:0:0:0:1 - - [24/Dec/2021:12:48:52 +0530] "POST /login HTTP/1.1" 302 -
0:0:0:0:0:0:0:1 - - [24/Dec/2021:12:48:52 +0530] "GET /company_selection HTTP/1.1" 200 2091
0:0:0:0:0:0:0:1 - - [24/Dec/2021:12:48:52 +0530] "GET /css/index.css HTTP/1.1" 200 631
0:0:0:0:0:0:0:1 - - [24/Dec/2021:12:48:52 +0530] "GET /css/ledger.css HTTP/1.1" 200 750
0:0:0:0:0:0:0:1 - - [24/Dec/2021:12:48:52 +0530] "GET /css/main.css HTTP/1.1" 200 1539
0:0:0:0:0:0:0:1 - - [24/Dec/2021:13:01:28 +0530] "GET / HTTP/1.1" 200 1150
0:0:0:0:0:0:0:1 - - [24/Dec/2021:13:01:28 +0530] "GET /css/index.css HTTP/1.1" 200 631
0:0:0:0:0:0:0:1 - - [24/Dec/2021:13:01:28 +0530] "GET /css/main.css HTTP/1.1" 200 1539
0:0:0:0:0:0:0:1 - - [24/Dec/2021:13:01:28 +0530] "GET /css/ledger.css HTTP/1.1" 200 750
0:0:0:0:0:0:0:1 - - [24/Dec/2021:13:01:57 +0530] "GET /login HTTP/1.1" 200 1403
0:0:0:0:0:0:0:1 - - [24/Dec/2021:13:01:58 +0530] "POST /login HTTP/1.1" 302 -
0:0:0:0:0:0:0:1 - - [24/Dec/2021:13:01:58 +0530] "GET /company_selection HTTP/1.1" 200 2091
0:0:0:0:0:0:0:1 - - [24/Dec/2021:13:01:58 +0530] "GET /css/ledger.css HTTP/1.1" 200 750
0:0:0:0:0:0:0:1 - - [24/Dec/2021:13:01:58 +0530] "GET /css/main.css HTTP/1.1" 200 1539
0:0:0:0:0:0:0:1 - - [24/Dec/2021:13:01:58 +0530] "GET /css/index.css HTTP/1.1" 200 631
0:0:0:0:0:0:0:1 - - [24/Dec/2021:13:02:02 +0530] "POST /companyselect HTTP/1.1" 200 1932
0:0:0:0:0:0:0:1 - - [24/Dec/2021:13:02:02 +0530] "GET /css/index.css HTTP/1.1" 200 631
0:0:0:0:0:0:0:1 - - [24/Dec/2021:13:02:02 +0530] "GET /css/main.css HTTP/1.1" 200 1539
0:0:0:0:0:0:0:1 - - [24/Dec/2021:13:02:02 +0530] "GET /css/ledger.css HTTP/1.1" 200 750
0:0:0:0:0:0:0:1 - - [24/Dec/2021:13:02:03 +0530] "POST /StoreCompany HTTP/1.1" 302 -
0:0:0:0:0:0:0:1 - - [24/Dec/2021:13:02:03 +0530] "GET /reports HTTP/1.1" 200 1651
0:0:0:0:0:0:0:1 - - [24/Dec/2021:13:02:03 +0530] "GET /css/index.css HTTP/1.1" 200 631
0:0:0:0:0:0:0:1 - - [24/Dec/2021:13:02:03 +0530] "GET /css/main.css HTTP/1.1" 200 1539
0:0:0:0:0:0:0:1 - - [24/Dec/2021:13:02:03 +0530] "GET /css/ledger.css HTTP/1.1" 200 750
0:0:0:0:0:0:0:1 - - [24/Dec/2021:13:02:07 +0530] "POST /companyselect HTTP/1.1" 302 -
0:0:0:0:0:0:0:1 - - [24/Dec/2021:13:02:07 +0530] "GET /login HTTP/1.1" 200 1403
0:0:0:0:0:0:0:1 - - [24/Dec/2021:13:02:08 +0530] "POST /login HTTP/1.1" 302 -
0:0:0:0:0:0:0:1 - - [24/Dec/2021:13:02:08 +0530] "GET /company_selection HTTP/1.1" 200 2091
0:0:0:0:0:0:0:1 - - [24/Dec/2021:13:02:08 +0530] "GET /css/index.css HTTP/1.1" 200 631
0:0:0:0:0:0:0:1 - - [24/Dec/2021:13:02:08 +0530] "GET /css/main.css HTTP/1.1" 200 1539
0:0:0:0:0:0:0:1 - - [24/Dec/2021:13:02:08 +0530] "GET /css/ledger.css HTTP/1.1" 200 750
0:0:0:0:0:0:0:1 - - [24/Dec/2021:13:02:10 +0530] "POST /companyselect HTTP/1.1" 200 1932
0:0:0:0:0:0:0:1 - - [24/Dec/2021:13:02:10 +0530] "GET /css/index.css HTTP/1.1" 200 631
0:0:0:0:0:0:0:1 - - [24/Dec/2021:13:02:10 +0530] "GET /css/main.css HTTP/1.1" 200 1539
0:0:0:0:0:0:0:1 - - [24/Dec/2021:13:02:10 +0530] "GET /css/ledger.css HTTP/1.1" 200 750
0:0:0:0:0:0:0:1 - - [24/Dec/2021:13:02:12 +0530] "POST /StoreCompany HTTP/1.1" 302 -
0:0:0:0:0:0:0:1 - - [24/Dec/2021:13:02:12 +0530] "GET /reports HTTP/1.1" 200 1651
0:0:0:0:0:0:0:1 - - [24/Dec/2021:13:02:12 +0530] "GET /css/index.css HTTP/1.1" 200 631
0:0:0:0:0:0:0:1 - - [24/Dec/2021:13:02:12 +0530] "GET /css/main.css HTTP/1.1" 200 1539
0:0:0:0:0:0:0:1 - - [24/Dec/2021:13:02:12 +0530] "GET /css/ledger.css HTTP/1.1" 200 750
0:0:0:0:0:0:0:1 - - [24/Dec/2021:13:02:17 +0530] "GET /findDaybook HTTP/1.1" 200 2219
0:0:0:0:0:0:0:1 - - [24/Dec/2021:13:02:17 +0530] "GET /css/index.css HTTP/1.1" 200 631
0:0:0:0:0:0:0:1 - - [24/Dec/2021:13:02:17 +0530] "GET /css/ledger.css HTTP/1.1" 200 750
0:0:0:0:0:0:0:1 - - [24/Dec/2021:13:02:17 +0530] "GET /css/main.css HTTP/1.1" 200 1539
0:0:0:0:0:0:0:1 - - [24/Dec/2021:13:02:17 +0530] "GET /script/daybook.js HTTP/1.1" 200 270
0:0:0:0:0:0:0:1 - - [24/Dec/2021:13:02:19 +0530] "POST /daybooks HTTP/1.1" 200 53196
0:0:0:0:0:0:0:1 - - [24/Dec/2021:13:02:19 +0530] "GET /css/index.css HTTP/1.1" 200 631
0:0:0:0:0:0:0:1 - - [24/Dec/2021:13:02:19 +0530] "GET /css/ledger.css HTTP/1.1" 200 750
0:0:0:0:0:0:0:1 - - [24/Dec/2021:13:02:19 +0530] "GET /css/main.css HTTP/1.1" 200 1539
0:0:0:0:0:0:0:1 - - [24/Dec/2021:13:02:20 +0530] "GET /findLedger HTTP/1.1" 200 12498
0:0:0:0:0:0:0:1 - - [24/Dec/2021:13:02:20 +0530] "GET /css/main.css HTTP/1.1" 200 1539
0:0:0:0:0:0:0:1 - - [24/Dec/2021:13:02:20 +0530] "GET /css/index.css HTTP/1.1" 200 631
0:0:0:0:0:0:0:1 - - [24/Dec/2021:13:02:20 +0530] "GET /css/ledger.css HTTP/1.1" 200 750
0:0:0:0:0:0:0:1 - - [24/Dec/2021:13:02:20 +0530] "GET /script/ledger_script.js HTTP/1.1" 200 1278
0:0:0:0:0:0:0:1 - - [24/Dec/2021:13:02:21 +0530] "POST /ledger HTTP/1.1" 200 91062
0:0:0:0:0:0:0:1 - - [24/Dec/2021:13:02:21 +0530] "GET /css/ledger.css HTTP/1.1" 200 750
0:0:0:0:0:0:0:1 - - [24/Dec/2021:13:02:21 +0530] "GET /css/main.css HTTP/1.1" 200 1539
0:0:0:0:0:0:0:1 - - [24/Dec/2021:13:02:21 +0530] "GET /css/index.css HTTP/1.1" 200 631
0:0:0:0:0:0:0:1 - - [24/Dec/2021:13:03:22 +0530] "GET /reports HTTP/1.1" 200 1651
0:0:0:0:0:0:0:1 - - [24/Dec/2021:13:03:22 +0530] "GET /css/index.css HTTP/1.1" 200 631
0:0:0:0:0:0:0:1 - - [24/Dec/2021:13:03:22 +0530] "GET /css/ledger.css HTTP/1.1" 200 750
0:0:0:0:0:0:0:1 - - [24/Dec/2021:13:03:22 +0530] "GET /css/main.css HTTP/1.1" 200 1539
0:0:0:0:0:0:0:1 - - [24/Dec/2021:13:03:23 +0530] "GET /findDaybook HTTP/1.1" 200 2219
0:0:0:0:0:0:0:1 - - [24/Dec/2021:13:03:23 +0530] "GET /css/ledger.css HTTP/1.1" 200 750
0:0:0:0:0:0:0:1 - - [24/Dec/2021:13:03:23 +0530] "GET /css/index.css HTTP/1.1" 200 631
0:0:0:0:0:0:0:1 - - [24/Dec/2021:13:03:23 +0530] "GET /css/main.css HTTP/1.1" 200 1539
0:0:0:0:0:0:0:1 - - [24/Dec/2021:13:03:23 +0530] "GET /script/daybook.js HTTP/1.1" 200 270
0:0:0:0:0:0:0:1 - - [24/Dec/2021:13:03:24 +0530] "GET /reports HTTP/1.1" 200 1651
0:0:0:0:0:0:0:1 - - [24/Dec/2021:13:03:24 +0530] "GET /css/index.css HTTP/1.1" 200 631
0:0:0:0:0:0:0:1 - - [24/Dec/2021:13:03:24 +0530] "GET /css/main.css HTTP/1.1" 200 1539
0:0:0:0:0:0:0:1 - - [24/Dec/2021:13:03:24 +0530] "GET /css/ledger.css HTTP/1.1" 200 750
0:0:0:0:0:0:0:1 - - [24/Dec/2021:13:03:25 +0530] "GET /findBalSheet HTTP/1.1" 200 8669
0:0:0:0:0:0:0:1 - - [24/Dec/2021:13:03:25 +0530] "GET /css/ledger.css HTTP/1.1" 200 750
0:0:0:0:0:0:0:1 - - [24/Dec/2021:13:03:25 +0530] "GET /css/index.css HTTP/1.1" 200 631
0:0:0:0:0:0:0:1 - - [24/Dec/2021:13:03:25 +0530] "GET /css/main.css HTTP/1.1" 200 1539
0:0:0:0:0:0:0:1 - - [24/Dec/2021:13:03:25 +0530] "GET /script/disableselect.js HTTP/1.1" 200 1385
0:0:0:0:0:0:0:1 - - [24/Dec/2021:13:03:27 +0530] "GET /reports HTTP/1.1" 200 1651
0:0:0:0:0:0:0:1 - - [24/Dec/2021:13:03:27 +0530] "GET /css/ledger.css HTTP/1.1" 200 750
0:0:0:0:0:0:0:1 - - [24/Dec/2021:13:03:27 +0530] "GET /css/main.css HTTP/1.1" 200 1539
0:0:0:0:0:0:0:1 - - [24/Dec/2021:13:03:27 +0530] "GET /css/index.css HTTP/1.1" 200 631
0:0:0:0:0:0:0:1 - - [24/Dec/2021:13:03:32 +0530] "GET /reports1 HTTP/1.1" 404 9041
0:0:0:0:0:0:0:1 - - [24/Dec/2021:13:03:39 +0530] "GET /reports HTTP/1.1" 200 1651
0:0:0:0:0:0:0:1 - - [24/Dec/2021:13:03:39 +0530] "GET /css/main.css HTTP/1.1" 200 1539
0:0:0:0:0:0:0:1 - - [24/Dec/2021:13:03:39 +0530] "GET /css/index.css HTTP/1.1" 200 631
0:0:0:0:0:0:0:1 - - [24/Dec/2021:13:03:39 +0530] "GET /css/ledger.css HTTP/1.1" 200 750
