2021-03-26 14:45:16.542  INFO 13092 --- [restartedMain] in.trident.crdr.CrDrReportApplication    : Starting CrDrReportApplication using Java 1.8.0_251 on Olympus with PID 13092 (C:\Users\nandh\eclipse-workspace\CrDrReport\target\classes started by nandh in C:\Users\nandh\eclipse-workspace\CrDrReport)
2021-03-26 14:45:16.552  INFO 13092 --- [restartedMain] in.trident.crdr.CrDrReportApplication    : No active profile set, falling back to default profiles: default
2021-03-26 14:45:16.672  INFO 13092 --- [restartedMain] .e.DevToolsPropertyDefaultsPostProcessor : Devtools property defaults active! Set 'spring.devtools.add-properties' to 'false' to disable
2021-03-26 14:45:16.672  INFO 13092 --- [restartedMain] .e.DevToolsPropertyDefaultsPostProcessor : For additional web related logging consider setting the 'logging.level.web' property to 'DEBUG'
2021-03-26 14:45:18.318  INFO 13092 --- [restartedMain] .s.d.r.c.RepositoryConfigurationDelegate : Bootstrapping Spring Data JPA repositories in DEFAULT mode.
2021-03-26 14:45:18.467  INFO 13092 --- [restartedMain] .s.d.r.c.RepositoryConfigurationDelegate : Finished Spring Data repository scanning in 127 ms. Found 3 JPA repository interfaces.
2021-03-26 14:45:20.129  INFO 13092 --- [restartedMain] o.s.b.w.embedded.tomcat.TomcatWebServer  : Tomcat initialized with port(s): 8080 (http)
2021-03-26 14:45:20.150  INFO 13092 --- [restartedMain] o.apache.catalina.core.StandardService   : Starting service [Tomcat]
2021-03-26 14:45:20.151  INFO 13092 --- [restartedMain] org.apache.catalina.core.StandardEngine  : Starting Servlet engine: [Apache Tomcat/9.0.43]
2021-03-26 14:45:20.348  INFO 13092 --- [restartedMain] o.a.c.c.C.[Tomcat].[localhost].[/]       : Initializing Spring embedded WebApplicationContext
2021-03-26 14:45:20.349  INFO 13092 --- [restartedMain] w.s.c.ServletWebServerApplicationContext : Root WebApplicationContext: initialization completed in 3675 ms
2021-03-26 14:45:20.670  WARN 13092 --- [restartedMain] o.a.c.c.C.[Tomcat].[localhost].[/]       : Cannot deserialize session attribute [SPRING_SECURITY_CONTEXT] for session [BAE7F57180C993BF5D949FDDE70D6A9F]
2021-03-26 14:45:21.062  INFO 13092 --- [restartedMain] o.hibernate.jpa.internal.util.LogHelper  : HHH000204: Processing PersistenceUnitInfo [name: default]
2021-03-26 14:45:21.154  INFO 13092 --- [restartedMain] org.hibernate.Version                    : HHH000412: Hibernate ORM core version 5.4.28.Final
2021-03-26 14:45:21.415  INFO 13092 --- [restartedMain] o.hibernate.annotations.common.Version   : HCANN000001: Hibernate Commons Annotations {5.1.2.Final}
2021-03-26 14:45:21.665  INFO 13092 --- [restartedMain] com.zaxxer.hikari.HikariDataSource       : HikariPool-1 - Starting...
2021-03-26 14:45:22.849  INFO 13092 --- [restartedMain] com.zaxxer.hikari.HikariDataSource       : HikariPool-1 - Start completed.
2021-03-26 14:45:22.900  INFO 13092 --- [restartedMain] org.hibernate.dialect.Dialect            : HHH000400: Using dialect: org.hibernate.dialect.MySQL8Dialect
2021-03-26 14:45:24.160  INFO 13092 --- [restartedMain] o.h.e.t.j.p.i.JtaPlatformInitiator       : HHH000490: Using JtaPlatform implementation: [org.hibernate.engine.transaction.jta.platform.internal.NoJtaPlatform]
2021-03-26 14:45:24.173  INFO 13092 --- [restartedMain] j.LocalContainerEntityManagerFactoryBean : Initialized JPA EntityManagerFactory for persistence unit 'default'
2021-03-26 14:45:25.040  WARN 13092 --- [restartedMain] JpaBaseConfiguration$JpaWebConfiguration : spring.jpa.open-in-view is enabled by default. Therefore, database queries may be performed during view rendering. Explicitly configure spring.jpa.open-in-view to disable this warning
2021-03-26 14:45:25.370  INFO 13092 --- [restartedMain] o.s.s.web.DefaultSecurityFilterChain     : Will secure any request with [org.springframework.security.web.context.request.async.WebAsyncManagerIntegrationFilter@75b597a3, org.springframework.security.web.context.SecurityContextPersistenceFilter@135736bd, org.springframework.security.web.header.HeaderWriterFilter@1c55dc13, org.springframework.security.web.csrf.CsrfFilter@3e4d9156, org.springframework.security.web.authentication.logout.LogoutFilter@42287423, org.springframework.security.web.authentication.UsernamePasswordAuthenticationFilter@6314caff, org.springframework.security.web.authentication.ui.DefaultLoginPageGeneratingFilter@44764207, org.springframework.security.web.authentication.ui.DefaultLogoutPageGeneratingFilter@7c5ff5ea, org.springframework.security.web.savedrequest.RequestCacheAwareFilter@76efbe3f, org.springframework.security.web.servletapi.SecurityContextHolderAwareRequestFilter@6a097fa7, org.springframework.security.web.authentication.AnonymousAuthenticationFilter@583271a2, org.springframework.security.web.session.SessionManagementFilter@3fae900c, org.springframework.security.web.access.ExceptionTranslationFilter@1007b661, org.springframework.security.web.access.intercept.FilterSecurityInterceptor@3e489a01]
2021-03-26 14:45:25.516  INFO 13092 --- [restartedMain] o.s.s.concurrent.ThreadPoolTaskExecutor  : Initializing ExecutorService 'applicationTaskExecutor'
2021-03-26 14:45:25.695  INFO 13092 --- [restartedMain] o.s.b.a.w.s.WelcomePageHandlerMapping    : Adding welcome page template: index
2021-03-26 14:45:26.559  INFO 13092 --- [restartedMain] o.s.b.d.a.OptionalLiveReloadServer       : LiveReload server is running on port 35729
2021-03-26 14:45:26.570  INFO 13092 --- [restartedMain] o.s.b.a.e.web.EndpointLinksResolver      : Exposing 2 endpoint(s) beneath base path '/actuator'
2021-03-26 14:45:26.688  INFO 13092 --- [restartedMain] o.s.b.w.embedded.tomcat.TomcatWebServer  : Tomcat started on port(s): 8080 (http) with context path ''
2021-03-26 14:45:26.695  INFO 13092 --- [restartedMain] in.trident.crdr.CrDrReportApplication    : Started CrDrReportApplication in 10.732 seconds (JVM running for 12.623)
2021-03-26 14:45:26.774  INFO 13092 --- [RMI TCP Connection(3)-127.0.0.1] o.a.c.c.C.[Tomcat].[localhost].[/]       : Initializing Spring DispatcherServlet 'dispatcherServlet'
2021-03-26 14:45:26.774  INFO 13092 --- [RMI TCP Connection(3)-127.0.0.1] o.s.web.servlet.DispatcherServlet        : Initializing Servlet 'dispatcherServlet'
2021-03-26 14:45:26.777  INFO 13092 --- [RMI TCP Connection(3)-127.0.0.1] o.s.web.servlet.DispatcherServlet        : Completed initialization in 2 ms
2021-03-26 14:48:55.446  INFO 13092 --- [Thread-8] o.s.s.concurrent.ThreadPoolTaskExecutor  : Shutting down ExecutorService 'applicationTaskExecutor'
2021-03-26 14:48:55.450  INFO 13092 --- [Thread-8] j.LocalContainerEntityManagerFactoryBean : Closing JPA EntityManagerFactory for persistence unit 'default'
2021-03-26 14:48:55.459  INFO 13092 --- [Thread-8] com.zaxxer.hikari.HikariDataSource       : HikariPool-1 - Shutdown initiated...
2021-03-26 14:48:55.490  INFO 13092 --- [Thread-8] com.zaxxer.hikari.HikariDataSource       : HikariPool-1 - Shutdown completed.
2021-03-26 14:48:55.779  INFO 13092 --- [restartedMain] in.trident.crdr.CrDrReportApplication    : Starting CrDrReportApplication using Java 1.8.0_251 on Olympus with PID 13092 (C:\Users\nandh\eclipse-workspace\CrDrReport\target\classes started by nandh in C:\Users\nandh\eclipse-workspace\CrDrReport)
2021-03-26 14:48:55.780  INFO 13092 --- [restartedMain] in.trident.crdr.CrDrReportApplication    : No active profile set, falling back to default profiles: default
2021-03-26 14:48:56.331  INFO 13092 --- [restartedMain] .s.d.r.c.RepositoryConfigurationDelegate : Bootstrapping Spring Data JPA repositories in DEFAULT mode.
2021-03-26 14:48:56.371  INFO 13092 --- [restartedMain] .s.d.r.c.RepositoryConfigurationDelegate : Finished Spring Data repository scanning in 39 ms. Found 3 JPA repository interfaces.
2021-03-26 14:48:56.652  INFO 13092 --- [restartedMain] o.s.b.w.embedded.tomcat.TomcatWebServer  : Tomcat initialized with port(s): 8080 (http)
2021-03-26 14:48:56.653  INFO 13092 --- [restartedMain] o.apache.catalina.core.StandardService   : Starting service [Tomcat]
2021-03-26 14:48:56.654  INFO 13092 --- [restartedMain] org.apache.catalina.core.StandardEngine  : Starting Servlet engine: [Apache Tomcat/9.0.43]
2021-03-26 14:48:56.683  INFO 13092 --- [restartedMain] o.a.c.c.C.[Tomcat].[localhost].[/]       : Initializing Spring embedded WebApplicationContext
2021-03-26 14:48:56.685  INFO 13092 --- [restartedMain] w.s.c.ServletWebServerApplicationContext : Root WebApplicationContext: initialization completed in 903 ms
2021-03-26 14:48:56.734  WARN 13092 --- [restartedMain] o.a.c.c.C.[Tomcat].[localhost].[/]       : Cannot deserialize session attribute [SPRING_SECURITY_CONTEXT] for session [E29E9322CB59ACF3F88481EB7C0D635F]
2021-03-26 14:48:56.776  INFO 13092 --- [restartedMain] o.hibernate.jpa.internal.util.LogHelper  : HHH000204: Processing PersistenceUnitInfo [name: default]
2021-03-26 14:48:56.782  INFO 13092 --- [restartedMain] com.zaxxer.hikari.HikariDataSource       : HikariPool-2 - Starting...
2021-03-26 14:48:56.801  INFO 13092 --- [restartedMain] com.zaxxer.hikari.HikariDataSource       : HikariPool-2 - Start completed.
2021-03-26 14:48:56.802  INFO 13092 --- [restartedMain] org.hibernate.dialect.Dialect            : HHH000400: Using dialect: org.hibernate.dialect.MySQL8Dialect
2021-03-26 14:48:56.895  INFO 13092 --- [restartedMain] o.h.e.t.j.p.i.JtaPlatformInitiator       : HHH000490: Using JtaPlatform implementation: [org.hibernate.engine.transaction.jta.platform.internal.NoJtaPlatform]
2021-03-26 14:48:56.896  INFO 13092 --- [restartedMain] j.LocalContainerEntityManagerFactoryBean : Initialized JPA EntityManagerFactory for persistence unit 'default'
2021-03-26 14:48:57.110  WARN 13092 --- [restartedMain] JpaBaseConfiguration$JpaWebConfiguration : spring.jpa.open-in-view is enabled by default. Therefore, database queries may be performed during view rendering. Explicitly configure spring.jpa.open-in-view to disable this warning
2021-03-26 14:48:57.156  INFO 13092 --- [restartedMain] o.s.s.web.DefaultSecurityFilterChain     : Will secure any request with [org.springframework.security.web.context.request.async.WebAsyncManagerIntegrationFilter@67cb2cf8, org.springframework.security.web.context.SecurityContextPersistenceFilter@1c935a36, org.springframework.security.web.header.HeaderWriterFilter@2edf269c, org.springframework.security.web.csrf.CsrfFilter@75891001, org.springframework.security.web.authentication.logout.LogoutFilter@7cf388e7, org.springframework.security.web.authentication.UsernamePasswordAuthenticationFilter@7e646a97, org.springframework.security.web.authentication.ui.DefaultLoginPageGeneratingFilter@64ee3590, org.springframework.security.web.authentication.ui.DefaultLogoutPageGeneratingFilter@4f770b69, org.springframework.security.web.savedrequest.RequestCacheAwareFilter@2816ca31, org.springframework.security.web.servletapi.SecurityContextHolderAwareRequestFilter@7faae269, org.springframework.security.web.authentication.AnonymousAuthenticationFilter@440be882, org.springframework.security.web.session.SessionManagementFilter@21275f0b, org.springframework.security.web.access.ExceptionTranslationFilter@10649ab7, org.springframework.security.web.access.intercept.FilterSecurityInterceptor@519b5d98]
2021-03-26 14:48:57.215  INFO 13092 --- [restartedMain] o.s.s.concurrent.ThreadPoolTaskExecutor  : Initializing ExecutorService 'applicationTaskExecutor'
2021-03-26 14:48:57.242  INFO 13092 --- [restartedMain] o.s.b.a.w.s.WelcomePageHandlerMapping    : Adding welcome page template: index
2021-03-26 14:48:57.468  INFO 13092 --- [restartedMain] o.s.b.d.a.OptionalLiveReloadServer       : LiveReload server is running on port 35729
2021-03-26 14:48:57.473  INFO 13092 --- [restartedMain] o.s.b.a.e.web.EndpointLinksResolver      : Exposing 2 endpoint(s) beneath base path '/actuator'
2021-03-26 14:48:57.505  INFO 13092 --- [restartedMain] o.s.b.w.embedded.tomcat.TomcatWebServer  : Tomcat started on port(s): 8080 (http) with context path ''
2021-03-26 14:48:57.522  INFO 13092 --- [restartedMain] in.trident.crdr.CrDrReportApplication    : Started CrDrReportApplication in 1.77 seconds (JVM running for 223.45)
2021-03-26 14:48:57.528  INFO 13092 --- [restartedMain] .ConditionEvaluationDeltaLoggingListener : Condition evaluation unchanged
2021-03-26 14:48:57.586  INFO 13092 --- [http-nio-8080-exec-2] o.a.c.c.C.[Tomcat].[localhost].[/]       : Initializing Spring DispatcherServlet 'dispatcherServlet'
2021-03-26 14:48:57.589  INFO 13092 --- [http-nio-8080-exec-2] o.s.web.servlet.DispatcherServlet        : Initializing Servlet 'dispatcherServlet'
2021-03-26 14:48:57.592  INFO 13092 --- [http-nio-8080-exec-2] o.s.web.servlet.DispatcherServlet        : Completed initialization in 2 ms
2021-03-26 14:49:42.174  INFO 13092 --- [Thread-15] o.s.s.concurrent.ThreadPoolTaskExecutor  : Shutting down ExecutorService 'applicationTaskExecutor'
2021-03-26 14:49:42.177  INFO 13092 --- [Thread-15] j.LocalContainerEntityManagerFactoryBean : Closing JPA EntityManagerFactory for persistence unit 'default'
2021-03-26 14:49:42.180  INFO 13092 --- [Thread-15] com.zaxxer.hikari.HikariDataSource       : HikariPool-2 - Shutdown initiated...
2021-03-26 14:49:42.214  INFO 13092 --- [Thread-15] com.zaxxer.hikari.HikariDataSource       : HikariPool-2 - Shutdown completed.
2021-03-26 14:49:42.627  INFO 13092 --- [restartedMain] in.trident.crdr.CrDrReportApplication    : Starting CrDrReportApplication using Java 1.8.0_251 on Olympus with PID 13092 (C:\Users\nandh\eclipse-workspace\CrDrReport\target\classes started by nandh in C:\Users\nandh\eclipse-workspace\CrDrReport)
2021-03-26 14:49:42.627  INFO 13092 --- [restartedMain] in.trident.crdr.CrDrReportApplication    : No active profile set, falling back to default profiles: default
2021-03-26 14:49:42.907  INFO 13092 --- [restartedMain] .s.d.r.c.RepositoryConfigurationDelegate : Bootstrapping Spring Data JPA repositories in DEFAULT mode.
2021-03-26 14:49:42.935  INFO 13092 --- [restartedMain] .s.d.r.c.RepositoryConfigurationDelegate : Finished Spring Data repository scanning in 27 ms. Found 3 JPA repository interfaces.
2021-03-26 14:49:43.173  INFO 13092 --- [restartedMain] o.s.b.w.embedded.tomcat.TomcatWebServer  : Tomcat initialized with port(s): 8080 (http)
2021-03-26 14:49:43.174  INFO 13092 --- [restartedMain] o.apache.catalina.core.StandardService   : Starting service [Tomcat]
2021-03-26 14:49:43.175  INFO 13092 --- [restartedMain] org.apache.catalina.core.StandardEngine  : Starting Servlet engine: [Apache Tomcat/9.0.43]
2021-03-26 14:49:43.201  INFO 13092 --- [restartedMain] o.a.c.c.C.[Tomcat].[localhost].[/]       : Initializing Spring embedded WebApplicationContext
2021-03-26 14:49:43.202  INFO 13092 --- [restartedMain] w.s.c.ServletWebServerApplicationContext : Root WebApplicationContext: initialization completed in 572 ms
2021-03-26 14:49:43.323  INFO 13092 --- [restartedMain] o.hibernate.jpa.internal.util.LogHelper  : HHH000204: Processing PersistenceUnitInfo [name: default]
2021-03-26 14:49:43.332  INFO 13092 --- [restartedMain] com.zaxxer.hikari.HikariDataSource       : HikariPool-3 - Starting...
2021-03-26 14:49:43.361  INFO 13092 --- [restartedMain] com.zaxxer.hikari.HikariDataSource       : HikariPool-3 - Start completed.
2021-03-26 14:49:43.361  INFO 13092 --- [restartedMain] org.hibernate.dialect.Dialect            : HHH000400: Using dialect: org.hibernate.dialect.MySQL8Dialect
2021-03-26 14:49:43.471  INFO 13092 --- [restartedMain] o.h.e.t.j.p.i.JtaPlatformInitiator       : HHH000490: Using JtaPlatform implementation: [org.hibernate.engine.transaction.jta.platform.internal.NoJtaPlatform]
2021-03-26 14:49:43.472  INFO 13092 --- [restartedMain] j.LocalContainerEntityManagerFactoryBean : Initialized JPA EntityManagerFactory for persistence unit 'default'
2021-03-26 14:49:43.748  WARN 13092 --- [restartedMain] JpaBaseConfiguration$JpaWebConfiguration : spring.jpa.open-in-view is enabled by default. Therefore, database queries may be performed during view rendering. Explicitly configure spring.jpa.open-in-view to disable this warning
2021-03-26 14:49:43.792  INFO 13092 --- [restartedMain] o.s.s.web.DefaultSecurityFilterChain     : Will secure any request with [org.springframework.security.web.context.request.async.WebAsyncManagerIntegrationFilter@50c861d4, org.springframework.security.web.context.SecurityContextPersistenceFilter@2b4826e9, org.springframework.security.web.header.HeaderWriterFilter@7ab29721, org.springframework.security.web.csrf.CsrfFilter@5eb48c8e, org.springframework.security.web.authentication.logout.LogoutFilter@3b34a649, org.springframework.security.web.authentication.UsernamePasswordAuthenticationFilter@a206d8d, org.springframework.security.web.authentication.ui.DefaultLoginPageGeneratingFilter@78cc8f88, org.springframework.security.web.authentication.ui.DefaultLogoutPageGeneratingFilter@7f55f5fc, org.springframework.security.web.savedrequest.RequestCacheAwareFilter@578fd975, org.springframework.security.web.servletapi.SecurityContextHolderAwareRequestFilter@396a573a, org.springframework.security.web.authentication.AnonymousAuthenticationFilter@2831b988, org.springframework.security.web.session.SessionManagementFilter@51e200a7, org.springframework.security.web.access.ExceptionTranslationFilter@6f326134, org.springframework.security.web.access.intercept.FilterSecurityInterceptor@5730107e]
2021-03-26 14:49:43.842  INFO 13092 --- [restartedMain] o.s.s.concurrent.ThreadPoolTaskExecutor  : Initializing ExecutorService 'applicationTaskExecutor'
2021-03-26 14:49:43.867  INFO 13092 --- [restartedMain] o.s.b.a.w.s.WelcomePageHandlerMapping    : Adding welcome page template: index
2021-03-26 14:49:44.070  INFO 13092 --- [restartedMain] o.s.b.d.a.OptionalLiveReloadServer       : LiveReload server is running on port 35729
2021-03-26 14:49:44.073  INFO 13092 --- [restartedMain] o.s.b.a.e.web.EndpointLinksResolver      : Exposing 2 endpoint(s) beneath base path '/actuator'
2021-03-26 14:49:44.089  INFO 13092 --- [restartedMain] o.s.b.w.embedded.tomcat.TomcatWebServer  : Tomcat started on port(s): 8080 (http) with context path ''
2021-03-26 14:49:44.098  INFO 13092 --- [restartedMain] in.trident.crdr.CrDrReportApplication    : Started CrDrReportApplication in 1.5 seconds (JVM running for 270.027)
2021-03-26 14:49:44.101  INFO 13092 --- [restartedMain] .ConditionEvaluationDeltaLoggingListener : Condition evaluation unchanged
2021-03-26 14:49:55.646  INFO 13092 --- [http-nio-8080-exec-2] o.a.c.c.C.[Tomcat].[localhost].[/]       : Initializing Spring DispatcherServlet 'dispatcherServlet'
2021-03-26 14:49:55.647  INFO 13092 --- [http-nio-8080-exec-2] o.s.web.servlet.DispatcherServlet        : Initializing Servlet 'dispatcherServlet'
2021-03-26 14:49:55.649  INFO 13092 --- [http-nio-8080-exec-2] o.s.web.servlet.DispatcherServlet        : Completed initialization in 2 ms
2021-03-26 14:56:28.489  INFO 13092 --- [Thread-22] o.s.s.concurrent.ThreadPoolTaskExecutor  : Shutting down ExecutorService 'applicationTaskExecutor'
2021-03-26 14:56:28.490  INFO 13092 --- [Thread-22] j.LocalContainerEntityManagerFactoryBean : Closing JPA EntityManagerFactory for persistence unit 'default'
2021-03-26 14:56:28.491  INFO 13092 --- [Thread-22] com.zaxxer.hikari.HikariDataSource       : HikariPool-3 - Shutdown initiated...
2021-03-26 14:56:28.498  INFO 13092 --- [Thread-22] com.zaxxer.hikari.HikariDataSource       : HikariPool-3 - Shutdown completed.
2021-03-26 14:56:28.869  INFO 13092 --- [restartedMain] in.trident.crdr.CrDrReportApplication    : Starting CrDrReportApplication using Java 1.8.0_251 on Olympus with PID 13092 (C:\Users\nandh\eclipse-workspace\CrDrReport\target\classes started by nandh in C:\Users\nandh\eclipse-workspace\CrDrReport)
2021-03-26 14:56:28.869  INFO 13092 --- [restartedMain] in.trident.crdr.CrDrReportApplication    : No active profile set, falling back to default profiles: default
2021-03-26 14:56:29.280  INFO 13092 --- [restartedMain] .s.d.r.c.RepositoryConfigurationDelegate : Bootstrapping Spring Data JPA repositories in DEFAULT mode.
2021-03-26 14:56:29.298  INFO 13092 --- [restartedMain] .s.d.r.c.RepositoryConfigurationDelegate : Finished Spring Data repository scanning in 18 ms. Found 3 JPA repository interfaces.
2021-03-26 14:56:29.472  INFO 13092 --- [restartedMain] o.s.b.w.embedded.tomcat.TomcatWebServer  : Tomcat initialized with port(s): 8080 (http)
2021-03-26 14:56:29.473  INFO 13092 --- [restartedMain] o.apache.catalina.core.StandardService   : Starting service [Tomcat]
2021-03-26 14:56:29.473  INFO 13092 --- [restartedMain] org.apache.catalina.core.StandardEngine  : Starting Servlet engine: [Apache Tomcat/9.0.43]
2021-03-26 14:56:29.500  INFO 13092 --- [restartedMain] o.a.c.c.C.[Tomcat].[localhost].[/]       : Initializing Spring embedded WebApplicationContext
2021-03-26 14:56:29.500  INFO 13092 --- [restartedMain] w.s.c.ServletWebServerApplicationContext : Root WebApplicationContext: initialization completed in 628 ms
2021-03-26 14:56:29.556  WARN 13092 --- [restartedMain] o.a.c.c.C.[Tomcat].[localhost].[/]       : Cannot deserialize session attribute [SPRING_SECURITY_CONTEXT] for session [1CF26F4377AF41BF6B98816E8AB98CEA]
2021-03-26 14:56:29.583  INFO 13092 --- [restartedMain] o.hibernate.jpa.internal.util.LogHelper  : HHH000204: Processing PersistenceUnitInfo [name: default]
2021-03-26 14:56:29.587  INFO 13092 --- [restartedMain] com.zaxxer.hikari.HikariDataSource       : HikariPool-4 - Starting...
2021-03-26 14:56:29.601  INFO 13092 --- [restartedMain] com.zaxxer.hikari.HikariDataSource       : HikariPool-4 - Start completed.
2021-03-26 14:56:29.601  INFO 13092 --- [restartedMain] org.hibernate.dialect.Dialect            : HHH000400: Using dialect: org.hibernate.dialect.MySQL8Dialect
2021-03-26 14:56:29.650  INFO 13092 --- [restartedMain] o.h.e.t.j.p.i.JtaPlatformInitiator       : HHH000490: Using JtaPlatform implementation: [org.hibernate.engine.transaction.jta.platform.internal.NoJtaPlatform]
2021-03-26 14:56:29.650  INFO 13092 --- [restartedMain] j.LocalContainerEntityManagerFactoryBean : Initialized JPA EntityManagerFactory for persistence unit 'default'
2021-03-26 14:56:29.831  WARN 13092 --- [restartedMain] JpaBaseConfiguration$JpaWebConfiguration : spring.jpa.open-in-view is enabled by default. Therefore, database queries may be performed during view rendering. Explicitly configure spring.jpa.open-in-view to disable this warning
2021-03-26 14:56:29.885  INFO 13092 --- [restartedMain] o.s.s.web.DefaultSecurityFilterChain     : Will secure any request with [org.springframework.security.web.context.request.async.WebAsyncManagerIntegrationFilter@4321e338, org.springframework.security.web.context.SecurityContextPersistenceFilter@41becc84, org.springframework.security.web.header.HeaderWriterFilter@56089c5, org.springframework.security.web.csrf.CsrfFilter@72852833, org.springframework.security.web.authentication.logout.LogoutFilter@7218fb40, org.springframework.security.web.authentication.UsernamePasswordAuthenticationFilter@11897ecd, org.springframework.security.web.authentication.ui.DefaultLoginPageGeneratingFilter@55e933f3, org.springframework.security.web.authentication.ui.DefaultLogoutPageGeneratingFilter@6d5e5b76, org.springframework.security.web.savedrequest.RequestCacheAwareFilter@43aa74d2, org.springframework.security.web.servletapi.SecurityContextHolderAwareRequestFilter@4285e3c3, org.springframework.security.web.authentication.AnonymousAuthenticationFilter@1bc27c3c, org.springframework.security.web.session.SessionManagementFilter@1aa1ab53, org.springframework.security.web.access.ExceptionTranslationFilter@22641e47, org.springframework.security.web.access.intercept.FilterSecurityInterceptor@28abc821]
2021-03-26 14:56:29.938  INFO 13092 --- [restartedMain] o.s.s.concurrent.ThreadPoolTaskExecutor  : Initializing ExecutorService 'applicationTaskExecutor'
2021-03-26 14:56:29.962  INFO 13092 --- [restartedMain] o.s.b.a.w.s.WelcomePageHandlerMapping    : Adding welcome page template: index
2021-03-26 14:56:30.281  INFO 13092 --- [restartedMain] o.s.b.d.a.OptionalLiveReloadServer       : LiveReload server is running on port 35729
2021-03-26 14:56:30.286  INFO 13092 --- [restartedMain] o.s.b.a.e.web.EndpointLinksResolver      : Exposing 2 endpoint(s) beneath base path '/actuator'
2021-03-26 14:56:30.318  INFO 13092 --- [restartedMain] o.s.b.w.embedded.tomcat.TomcatWebServer  : Tomcat started on port(s): 8080 (http) with context path ''
2021-03-26 14:56:30.340  INFO 13092 --- [restartedMain] in.trident.crdr.CrDrReportApplication    : Started CrDrReportApplication in 1.499 seconds (JVM running for 676.269)
2021-03-26 14:56:30.345  INFO 13092 --- [restartedMain] .ConditionEvaluationDeltaLoggingListener : Condition evaluation unchanged
2021-03-26 14:56:30.372  INFO 13092 --- [http-nio-8080-exec-1] o.a.c.c.C.[Tomcat].[localhost].[/]       : Initializing Spring DispatcherServlet 'dispatcherServlet'
2021-03-26 14:56:30.374  INFO 13092 --- [http-nio-8080-exec-1] o.s.web.servlet.DispatcherServlet        : Initializing Servlet 'dispatcherServlet'
2021-03-26 14:56:30.377  INFO 13092 --- [http-nio-8080-exec-1] o.s.web.servlet.DispatcherServlet        : Completed initialization in 3 ms
