2021-Dec-12 19:04:35 [http-nio-8080-exec-5] INFO  i.t.c.c.AppController                              - from date : 2018-04-01
2021-Dec-12 19:04:38 [http-nio-8080-exec-10] INFO  i.t.c.c.AppController                              - from date : 2018-04-01
2021-Dec-12 19:11:35 [http-nio-8080-exec-6] INFO  i.t.c.c.AppController                              - from date : 2018-04-01
2021-Dec-12 19:11:48 [http-nio-8080-exec-9] INFO  i.t.c.c.AppController                              - from date : 2018-04-01
2021-Dec-12 19:11:57 [http-nio-8080-exec-5] INFO  i.t.c.c.AppController                              - from date : 2018-04-01
2021-Dec-12 19:14:42 [http-nio-8080-exec-1] INFO  i.t.c.c.AppController                              - from date : 2018-04-01
2021-Dec-12 19:14:49 [http-nio-8080-exec-6] INFO  i.t.c.c.AppController                              - from date : 2018-04-01
2021-Dec-12 19:15:22 [http-nio-8080-exec-1] INFO  i.t.c.c.AppController                              - Reports Page loading...
2021-Dec-12 19:15:23 [http-nio-8080-exec-4] INFO  i.t.c.c.AppController                              - Loading Ledgers...
2021-Dec-12 19:18:32 [Thread-29] INFO  o.s.s.c.ThreadPoolTaskExecutor                     - Shutting down ExecutorService 'applicationTaskExecutor'
2021-Dec-12 19:18:32 [Thread-29] INFO  o.s.o.j.LocalContainerEntityManagerFactoryBean     - Closing JPA EntityManagerFactory for persistence unit 'default'
2021-Dec-12 19:18:32 [Thread-29] INFO  c.z.h.HikariDataSource                             - HikariPool-4 - Shutdown initiated...
2021-Dec-12 19:18:32 [Thread-29] INFO  c.z.h.HikariDataSource                             - HikariPool-4 - Shutdown completed.
2021-Dec-12 19:18:32 [restartedMain] INFO  i.t.c.CrDrReportApplication                        - Starting CrDrReportApplication using Java 1.8.0_251 on Olympus with PID 12708 (C:\Users\nandh\eclipse-workspace\CrDrReport\target\classes started by nandh in C:\Users\nandh\eclipse-workspace\CrDrReport)
2021-Dec-12 19:18:32 [restartedMain] INFO  i.t.c.CrDrReportApplication                        - No active profile set, falling back to default profiles: default
2021-Dec-12 19:18:32 [restartedMain] TRACE o.s.b.a.s.DefaultWebSecurityCondition              - Condition DefaultWebSecurityCondition on org.springframework.boot.actuate.autoconfigure.security.servlet.ManagementWebSecurityAutoConfiguration did not match due to AllNestedConditions 1 matched 1 did not; NestedCondition on DefaultWebSecurityCondition.Beans @ConditionalOnMissingBean (types: org.springframework.security.config.annotation.web.configuration.WebSecurityConfigurerAdapter,org.springframework.security.web.SecurityFilterChain; SearchStrategy: all) found beans of type 'org.springframework.security.config.annotation.web.configuration.WebSecurityConfigurerAdapter' webSecurityConfig; NestedCondition on DefaultWebSecurityCondition.Classes @ConditionalOnClass found required classes 'org.springframework.security.web.SecurityFilterChain', 'org.springframework.security.config.annotation.web.builders.HttpSecurity'
2021-Dec-12 19:18:32 [restartedMain] INFO  o.s.d.r.c.RepositoryConfigurationDelegate          - Bootstrapping Spring Data JPA repositories in DEFAULT mode.
2021-Dec-12 19:18:33 [restartedMain] INFO  o.s.d.r.c.RepositoryConfigurationDelegate          - Finished Spring Data repository scanning in 41 ms. Found 7 JPA repository interfaces.
2021-Dec-12 19:18:33 [restartedMain] TRACE o.s.b.a.s.r.ReactiveUserDetailsServiceAutoConfiguration$ReactiveUserDetailsServiceCondition - Condition ReactiveUserDetailsServiceAutoConfiguration.ReactiveUserDetailsServiceCondition on org.springframework.boot.autoconfigure.security.reactive.ReactiveUserDetailsServiceAutoConfiguration did not match due to AnyNestedCondition 0 matched 2 did not; NestedCondition on ReactiveUserDetailsServiceAutoConfiguration.ReactiveUserDetailsServiceCondition.ReactiveWebApplicationCondition did not find reactive web application classes; NestedCondition on ReactiveUserDetailsServiceAutoConfiguration.ReactiveUserDetailsServiceCondition.RSocketSecurityEnabledCondition @ConditionalOnBean (types: org.springframework.messaging.rsocket.annotation.support.RSocketMessageHandler; SearchStrategy: all) did not find any beans of type org.springframework.messaging.rsocket.annotation.support.RSocketMessageHandler
2021-Dec-12 19:18:33 [restartedMain] TRACE o.s.b.a.s.DefaultWebSecurityCondition              - Condition DefaultWebSecurityCondition on org.springframework.boot.autoconfigure.security.servlet.SpringBootWebSecurityConfiguration did not match due to AllNestedConditions 1 matched 1 did not; NestedCondition on DefaultWebSecurityCondition.Beans @ConditionalOnMissingBean (types: org.springframework.security.config.annotation.web.configuration.WebSecurityConfigurerAdapter,org.springframework.security.web.SecurityFilterChain; SearchStrategy: all) found beans of type 'org.springframework.security.config.annotation.web.configuration.WebSecurityConfigurerAdapter' webSecurityConfig; NestedCondition on DefaultWebSecurityCondition.Classes @ConditionalOnClass found required classes 'org.springframework.security.web.SecurityFilterChain', 'org.springframework.security.config.annotation.web.builders.HttpSecurity'
2021-Dec-12 19:18:33 [restartedMain] INFO  o.s.b.w.e.t.TomcatWebServer                        - Tomcat initialized with port(s): 8080 (http)
2021-Dec-12 19:18:33 [restartedMain] INFO  o.a.c.h.Http11NioProtocol                          - Initializing ProtocolHandler ["http-nio-8080"]
2021-Dec-12 19:18:33 [restartedMain] INFO  o.a.c.c.StandardService                            - Starting service [Tomcat]
2021-Dec-12 19:18:33 [restartedMain] INFO  o.a.c.c.StandardEngine                             - Starting Servlet engine: [Apache Tomcat/9.0.43]
2021-Dec-12 19:18:33 [restartedMain] INFO  o.a.c.c.C.[.[.[/]                                  - Initializing Spring embedded WebApplicationContext
2021-Dec-12 19:18:33 [restartedMain] INFO  o.s.b.w.s.c.ServletWebServerApplicationContext     - Root WebApplicationContext: initialization completed in 437 ms
2021-Dec-12 19:18:33 [restartedMain] WARN  o.a.c.c.C.[.[.[/]                                  - Cannot deserialize session attribute [SPRING_SECURITY_CONTEXT] for session [44FD70D8CB747D308253C6C95D3EAF43]
2021-Dec-12 19:18:33 [restartedMain] INFO  o.h.j.i.u.LogHelper                                - HHH000204: Processing PersistenceUnitInfo [name: default]
2021-Dec-12 19:18:33 [restartedMain] INFO  c.z.h.HikariDataSource                             - HikariPool-5 - Starting...
2021-Dec-12 19:18:33 [restartedMain] INFO  c.z.h.HikariDataSource                             - HikariPool-5 - Start completed.
2021-Dec-12 19:18:33 [restartedMain] INFO  o.h.d.Dialect                                      - HHH000400: Using dialect: org.hibernate.dialect.MySQL8Dialect
2021-Dec-12 19:18:33 [restartedMain] INFO  o.h.e.t.j.p.i.JtaPlatformInitiator                 - HHH000490: Using JtaPlatform implementation: [org.hibernate.engine.transaction.jta.platform.internal.NoJtaPlatform]
2021-Dec-12 19:18:33 [restartedMain] INFO  o.s.o.j.LocalContainerEntityManagerFactoryBean     - Initialized JPA EntityManagerFactory for persistence unit 'default'
2021-Dec-12 19:18:33 [restartedMain] WARN  o.s.b.a.o.j.JpaBaseConfiguration$JpaWebConfiguration - spring.jpa.open-in-view is enabled by default. Therefore, database queries may be performed during view rendering. Explicitly configure spring.jpa.open-in-view to disable this warning
2021-Dec-12 19:18:33 [restartedMain] INFO  o.s.s.w.DefaultSecurityFilterChain                 - Will secure any request with [org.springframework.security.web.context.request.async.WebAsyncManagerIntegrationFilter@5468845c, org.springframework.security.web.context.SecurityContextPersistenceFilter@2a07dada, org.springframework.security.web.header.HeaderWriterFilter@33dc611c, org.springframework.security.web.csrf.CsrfFilter@341c9270, org.springframework.security.web.authentication.logout.LogoutFilter@453df1b7, org.springframework.security.web.authentication.UsernamePasswordAuthenticationFilter@3697a638, org.springframework.security.web.authentication.ui.DefaultLoginPageGeneratingFilter@5e4b1d2, org.springframework.security.web.authentication.ui.DefaultLogoutPageGeneratingFilter@3e40978d, org.springframework.security.web.savedrequest.RequestCacheAwareFilter@6dc731fc, org.springframework.security.web.servletapi.SecurityContextHolderAwareRequestFilter@3dc369d9, org.springframework.security.web.authentication.AnonymousAuthenticationFilter@61d650b1, org.springframework.security.web.session.SessionManagementFilter@7ad848e3, org.springframework.security.web.access.ExceptionTranslationFilter@3f0f110f, org.springframework.security.web.access.intercept.FilterSecurityInterceptor@4c42617d]
2021-Dec-12 19:18:33 [restartedMain] INFO  o.s.s.c.ThreadPoolTaskExecutor                     - Initializing ExecutorService 'applicationTaskExecutor'
2021-Dec-12 19:18:33 [restartedMain] INFO  o.s.b.a.w.s.WelcomePageHandlerMapping              - Adding welcome page template: index
2021-Dec-12 19:18:33 [restartedMain] INFO  o.s.b.d.a.OptionalLiveReloadServer                 - LiveReload server is running on port 35729
2021-Dec-12 19:18:33 [restartedMain] INFO  o.s.b.a.e.w.EndpointLinksResolver                  - Exposing 14 endpoint(s) beneath base path '/actuator'
2021-Dec-12 19:18:33 [restartedMain] INFO  o.a.c.h.Http11NioProtocol                          - Starting ProtocolHandler ["http-nio-8080"]
2021-Dec-12 19:18:33 [restartedMain] INFO  o.s.b.w.e.t.TomcatWebServer                        - Tomcat started on port(s): 8080 (http) with context path ''
2021-Dec-12 19:18:33 [restartedMain] INFO  i.t.c.CrDrReportApplication                        - Started CrDrReportApplication in 1.131 seconds (JVM running for 2437.166)
2021-Dec-12 19:18:33 [restartedMain] INFO  o.s.b.d.a.ConditionEvaluationDeltaLoggingListener  - Condition evaluation unchanged
2021-Dec-12 19:19:06 [http-nio-8080-exec-1] INFO  o.a.c.c.C.[.[.[/]                                  - Initializing Spring DispatcherServlet 'dispatcherServlet'
2021-Dec-12 19:19:06 [http-nio-8080-exec-1] INFO  o.s.w.s.DispatcherServlet                          - Initializing Servlet 'dispatcherServlet'
2021-Dec-12 19:19:06 [http-nio-8080-exec-1] INFO  o.s.w.s.DispatcherServlet                          - Completed initialization in 1 ms
2021-Dec-12 19:19:07 [http-nio-8080-exec-3] INFO  i.t.c.c.AppController                              - Reports Page loading...
2021-Dec-12 19:19:09 [http-nio-8080-exec-7] INFO  i.t.c.c.AppController                              - Loading Ledgers...
2021-Dec-12 19:29:28 [Thread-36] INFO  o.s.s.c.ThreadPoolTaskExecutor                     - Shutting down ExecutorService 'applicationTaskExecutor'
2021-Dec-12 19:29:28 [Thread-36] INFO  o.s.o.j.LocalContainerEntityManagerFactoryBean     - Closing JPA EntityManagerFactory for persistence unit 'default'
2021-Dec-12 19:29:28 [Thread-36] INFO  c.z.h.HikariDataSource                             - HikariPool-5 - Shutdown initiated...
2021-Dec-12 19:29:28 [Thread-36] INFO  c.z.h.HikariDataSource                             - HikariPool-5 - Shutdown completed.
2021-Dec-12 19:29:29 [restartedMain] INFO  i.t.c.CrDrReportApplication                        - Starting CrDrReportApplication using Java 1.8.0_251 on Olympus with PID 12708 (C:\Users\nandh\eclipse-workspace\CrDrReport\target\classes started by nandh in C:\Users\nandh\eclipse-workspace\CrDrReport)
2021-Dec-12 19:29:29 [restartedMain] INFO  i.t.c.CrDrReportApplication                        - No active profile set, falling back to default profiles: default
2021-Dec-12 19:29:29 [restartedMain] TRACE o.s.b.a.s.DefaultWebSecurityCondition              - Condition DefaultWebSecurityCondition on org.springframework.boot.actuate.autoconfigure.security.servlet.ManagementWebSecurityAutoConfiguration did not match due to AllNestedConditions 1 matched 1 did not; NestedCondition on DefaultWebSecurityCondition.Beans @ConditionalOnMissingBean (types: org.springframework.security.config.annotation.web.configuration.WebSecurityConfigurerAdapter,org.springframework.security.web.SecurityFilterChain; SearchStrategy: all) found beans of type 'org.springframework.security.config.annotation.web.configuration.WebSecurityConfigurerAdapter' webSecurityConfig; NestedCondition on DefaultWebSecurityCondition.Classes @ConditionalOnClass found required classes 'org.springframework.security.web.SecurityFilterChain', 'org.springframework.security.config.annotation.web.builders.HttpSecurity'
2021-Dec-12 19:29:29 [restartedMain] INFO  o.s.d.r.c.RepositoryConfigurationDelegate          - Bootstrapping Spring Data JPA repositories in DEFAULT mode.
2021-Dec-12 19:29:29 [restartedMain] INFO  o.s.d.r.c.RepositoryConfigurationDelegate          - Finished Spring Data repository scanning in 41 ms. Found 7 JPA repository interfaces.
2021-Dec-12 19:29:29 [restartedMain] TRACE o.s.b.a.s.r.ReactiveUserDetailsServiceAutoConfiguration$ReactiveUserDetailsServiceCondition - Condition ReactiveUserDetailsServiceAutoConfiguration.ReactiveUserDetailsServiceCondition on org.springframework.boot.autoconfigure.security.reactive.ReactiveUserDetailsServiceAutoConfiguration did not match due to AnyNestedCondition 0 matched 2 did not; NestedCondition on ReactiveUserDetailsServiceAutoConfiguration.ReactiveUserDetailsServiceCondition.ReactiveWebApplicationCondition did not find reactive web application classes; NestedCondition on ReactiveUserDetailsServiceAutoConfiguration.ReactiveUserDetailsServiceCondition.RSocketSecurityEnabledCondition @ConditionalOnBean (types: org.springframework.messaging.rsocket.annotation.support.RSocketMessageHandler; SearchStrategy: all) did not find any beans of type org.springframework.messaging.rsocket.annotation.support.RSocketMessageHandler
2021-Dec-12 19:29:29 [restartedMain] TRACE o.s.b.a.s.DefaultWebSecurityCondition              - Condition DefaultWebSecurityCondition on org.springframework.boot.autoconfigure.security.servlet.SpringBootWebSecurityConfiguration did not match due to AllNestedConditions 1 matched 1 did not; NestedCondition on DefaultWebSecurityCondition.Beans @ConditionalOnMissingBean (types: org.springframework.security.config.annotation.web.configuration.WebSecurityConfigurerAdapter,org.springframework.security.web.SecurityFilterChain; SearchStrategy: all) found beans of type 'org.springframework.security.config.annotation.web.configuration.WebSecurityConfigurerAdapter' webSecurityConfig; NestedCondition on DefaultWebSecurityCondition.Classes @ConditionalOnClass found required classes 'org.springframework.security.web.SecurityFilterChain', 'org.springframework.security.config.annotation.web.builders.HttpSecurity'
2021-Dec-12 19:29:29 [restartedMain] INFO  o.s.b.w.e.t.TomcatWebServer                        - Tomcat initialized with port(s): 8080 (http)
2021-Dec-12 19:29:29 [restartedMain] INFO  o.a.c.h.Http11NioProtocol                          - Initializing ProtocolHandler ["http-nio-8080"]
2021-Dec-12 19:29:29 [restartedMain] INFO  o.a.c.c.StandardService                            - Starting service [Tomcat]
2021-Dec-12 19:29:29 [restartedMain] INFO  o.a.c.c.StandardEngine                             - Starting Servlet engine: [Apache Tomcat/9.0.43]
2021-Dec-12 19:29:29 [restartedMain] INFO  o.a.c.c.C.[.[.[/]                                  - Initializing Spring embedded WebApplicationContext
2021-Dec-12 19:29:29 [restartedMain] INFO  o.s.b.w.s.c.ServletWebServerApplicationContext     - Root WebApplicationContext: initialization completed in 635 ms
2021-Dec-12 19:29:29 [restartedMain] WARN  o.a.c.c.C.[.[.[/]                                  - Cannot deserialize session attribute [SPRING_SECURITY_CONTEXT] for session [15AB04965A105D471287AAADD3CDAF35]
2021-Dec-12 19:29:30 [restartedMain] INFO  o.h.j.i.u.LogHelper                                - HHH000204: Processing PersistenceUnitInfo [name: default]
2021-Dec-12 19:29:30 [restartedMain] INFO  c.z.h.HikariDataSource                             - HikariPool-6 - Starting...
2021-Dec-12 19:29:30 [restartedMain] INFO  c.z.h.HikariDataSource                             - HikariPool-6 - Start completed.
2021-Dec-12 19:29:30 [restartedMain] INFO  o.h.d.Dialect                                      - HHH000400: Using dialect: org.hibernate.dialect.MySQL8Dialect
2021-Dec-12 19:29:30 [restartedMain] INFO  o.h.e.t.j.p.i.JtaPlatformInitiator                 - HHH000490: Using JtaPlatform implementation: [org.hibernate.engine.transaction.jta.platform.internal.NoJtaPlatform]
2021-Dec-12 19:29:30 [restartedMain] INFO  o.s.o.j.LocalContainerEntityManagerFactoryBean     - Initialized JPA EntityManagerFactory for persistence unit 'default'
2021-Dec-12 19:29:30 [restartedMain] WARN  o.s.b.a.o.j.JpaBaseConfiguration$JpaWebConfiguration - spring.jpa.open-in-view is enabled by default. Therefore, database queries may be performed during view rendering. Explicitly configure spring.jpa.open-in-view to disable this warning
2021-Dec-12 19:29:30 [restartedMain] INFO  o.s.s.w.DefaultSecurityFilterChain                 - Will secure any request with [org.springframework.security.web.context.request.async.WebAsyncManagerIntegrationFilter@232bf62c, org.springframework.security.web.context.SecurityContextPersistenceFilter@7109de81, org.springframework.security.web.header.HeaderWriterFilter@508732b3, org.springframework.security.web.csrf.CsrfFilter@2528bc40, org.springframework.security.web.authentication.logout.LogoutFilter@35300abe, org.springframework.security.web.authentication.UsernamePasswordAuthenticationFilter@6ee7cf20, org.springframework.security.web.authentication.ui.DefaultLoginPageGeneratingFilter@5b5b42b0, org.springframework.security.web.authentication.ui.DefaultLogoutPageGeneratingFilter@208abe9e, org.springframework.security.web.savedrequest.RequestCacheAwareFilter@3e5de4bd, org.springframework.security.web.servletapi.SecurityContextHolderAwareRequestFilter@57264b6f, org.springframework.security.web.authentication.AnonymousAuthenticationFilter@5ec08078, org.springframework.security.web.session.SessionManagementFilter@1123aa59, org.springframework.security.web.access.ExceptionTranslationFilter@5e622f22, org.springframework.security.web.access.intercept.FilterSecurityInterceptor@6003c6f9]
2021-Dec-12 19:29:30 [restartedMain] INFO  o.s.s.c.ThreadPoolTaskExecutor                     - Initializing ExecutorService 'applicationTaskExecutor'
2021-Dec-12 19:29:30 [restartedMain] INFO  o.s.b.a.w.s.WelcomePageHandlerMapping              - Adding welcome page template: index
2021-Dec-12 19:29:30 [restartedMain] INFO  o.s.b.d.a.OptionalLiveReloadServer                 - LiveReload server is running on port 35729
2021-Dec-12 19:29:30 [restartedMain] INFO  o.s.b.a.e.w.EndpointLinksResolver                  - Exposing 14 endpoint(s) beneath base path '/actuator'
2021-Dec-12 19:29:30 [restartedMain] INFO  o.a.c.h.Http11NioProtocol                          - Starting ProtocolHandler ["http-nio-8080"]
2021-Dec-12 19:29:30 [restartedMain] INFO  o.s.b.w.e.t.TomcatWebServer                        - Tomcat started on port(s): 8080 (http) with context path ''
2021-Dec-12 19:29:30 [restartedMain] INFO  i.t.c.CrDrReportApplication                        - Started CrDrReportApplication in 1.443 seconds (JVM running for 3094.046)
2021-Dec-12 19:29:30 [restartedMain] INFO  o.s.b.d.a.ConditionEvaluationDeltaLoggingListener  - Condition evaluation unchanged
2021-Dec-12 19:29:36 [http-nio-8080-exec-1] INFO  o.a.c.c.C.[.[.[/]                                  - Initializing Spring DispatcherServlet 'dispatcherServlet'
2021-Dec-12 19:29:36 [http-nio-8080-exec-1] INFO  o.s.w.s.DispatcherServlet                          - Initializing Servlet 'dispatcherServlet'
2021-Dec-12 19:29:36 [http-nio-8080-exec-1] INFO  o.s.w.s.DispatcherServlet                          - Completed initialization in 2 ms
2021-Dec-12 19:29:38 [http-nio-8080-exec-7] INFO  i.t.c.c.AppController                              - show company accessed
2021-Dec-12 19:29:43 [http-nio-8080-exec-1] INFO  i.t.c.c.AppController                              - Reports Page loading...
2021-Dec-12 19:29:46 [http-nio-8080-exec-5] INFO  i.t.c.c.AppController                              - Loading Ledgers...
2021-Dec-12 19:29:47 [http-nio-8080-exec-10] INFO  i.t.c.c.AppController                              - Reports Page loading...
2021-Dec-12 19:29:48 [http-nio-8080-exec-4] INFO  i.t.c.c.AppController                              - Loading Trial Balance...
2021-Dec-12 19:30:45 [http-nio-8080-exec-9] INFO  i.t.c.c.AppController                              - Loading Trial Balance...
2021-Dec-12 19:30:51 [http-nio-8080-exec-4] INFO  i.t.c.c.AppController                              - Reports Page loading...
2021-Dec-12 19:30:52 [http-nio-8080-exec-7] INFO  i.t.c.c.AppController                              - Loading TradingPL...
2021-Dec-12 19:32:05 [http-nio-8080-exec-8] INFO  i.t.c.c.AppController                              - Loading TradingPL...
2021-Dec-12 19:32:10 [http-nio-8080-exec-9] INFO  i.t.c.c.AppController                              - Loading TradingPL...
2021-Dec-12 19:32:12 [http-nio-8080-exec-8] INFO  i.t.c.c.AppController                              - Reports Page loading...
2021-Dec-12 19:32:13 [http-nio-8080-exec-3] INFO  i.t.c.c.AppController                              - Loading Balance Sheet...
2021-Dec-12 19:32:15 [http-nio-8080-exec-5] INFO  i.t.c.c.AppController                              - Loading Balance Sheet...
2021-Dec-12 19:32:23 [http-nio-8080-exec-3] INFO  i.t.c.c.AppController                              - Reports Page loading...
2021-Dec-12 19:33:18 [Thread-43] INFO  o.s.s.c.ThreadPoolTaskExecutor                     - Shutting down ExecutorService 'applicationTaskExecutor'
2021-Dec-12 19:33:18 [Thread-43] INFO  o.s.o.j.LocalContainerEntityManagerFactoryBean     - Closing JPA EntityManagerFactory for persistence unit 'default'
2021-Dec-12 19:33:18 [Thread-43] INFO  c.z.h.HikariDataSource                             - HikariPool-6 - Shutdown initiated...
2021-Dec-12 19:33:18 [Thread-43] INFO  c.z.h.HikariDataSource                             - HikariPool-6 - Shutdown completed.
2021-Dec-12 19:33:19 [restartedMain] INFO  i.t.c.CrDrReportApplication                        - Starting CrDrReportApplication using Java 1.8.0_251 on Olympus with PID 12708 (C:\Users\nandh\eclipse-workspace\CrDrReport\target\classes started by nandh in C:\Users\nandh\eclipse-workspace\CrDrReport)
2021-Dec-12 19:33:19 [restartedMain] INFO  i.t.c.CrDrReportApplication                        - No active profile set, falling back to default profiles: default
2021-Dec-12 19:33:19 [restartedMain] TRACE o.s.b.a.s.DefaultWebSecurityCondition              - Condition DefaultWebSecurityCondition on org.springframework.boot.actuate.autoconfigure.security.servlet.ManagementWebSecurityAutoConfiguration did not match due to AllNestedConditions 1 matched 1 did not; NestedCondition on DefaultWebSecurityCondition.Beans @ConditionalOnMissingBean (types: org.springframework.security.config.annotation.web.configuration.WebSecurityConfigurerAdapter,org.springframework.security.web.SecurityFilterChain; SearchStrategy: all) found beans of type 'org.springframework.security.config.annotation.web.configuration.WebSecurityConfigurerAdapter' webSecurityConfig; NestedCondition on DefaultWebSecurityCondition.Classes @ConditionalOnClass found required classes 'org.springframework.security.web.SecurityFilterChain', 'org.springframework.security.config.annotation.web.builders.HttpSecurity'
2021-Dec-12 19:33:19 [restartedMain] INFO  o.s.d.r.c.RepositoryConfigurationDelegate          - Bootstrapping Spring Data JPA repositories in DEFAULT mode.
2021-Dec-12 19:33:20 [restartedMain] INFO  o.s.d.r.c.RepositoryConfigurationDelegate          - Finished Spring Data repository scanning in 37 ms. Found 7 JPA repository interfaces.
2021-Dec-12 19:33:20 [restartedMain] TRACE o.s.b.a.s.r.ReactiveUserDetailsServiceAutoConfiguration$ReactiveUserDetailsServiceCondition - Condition ReactiveUserDetailsServiceAutoConfiguration.ReactiveUserDetailsServiceCondition on org.springframework.boot.autoconfigure.security.reactive.ReactiveUserDetailsServiceAutoConfiguration did not match due to AnyNestedCondition 0 matched 2 did not; NestedCondition on ReactiveUserDetailsServiceAutoConfiguration.ReactiveUserDetailsServiceCondition.ReactiveWebApplicationCondition did not find reactive web application classes; NestedCondition on ReactiveUserDetailsServiceAutoConfiguration.ReactiveUserDetailsServiceCondition.RSocketSecurityEnabledCondition @ConditionalOnBean (types: org.springframework.messaging.rsocket.annotation.support.RSocketMessageHandler; SearchStrategy: all) did not find any beans of type org.springframework.messaging.rsocket.annotation.support.RSocketMessageHandler
2021-Dec-12 19:33:20 [restartedMain] TRACE o.s.b.a.s.DefaultWebSecurityCondition              - Condition DefaultWebSecurityCondition on org.springframework.boot.autoconfigure.security.servlet.SpringBootWebSecurityConfiguration did not match due to AllNestedConditions 1 matched 1 did not; NestedCondition on DefaultWebSecurityCondition.Beans @ConditionalOnMissingBean (types: org.springframework.security.config.annotation.web.configuration.WebSecurityConfigurerAdapter,org.springframework.security.web.SecurityFilterChain; SearchStrategy: all) found beans of type 'org.springframework.security.config.annotation.web.configuration.WebSecurityConfigurerAdapter' webSecurityConfig; NestedCondition on DefaultWebSecurityCondition.Classes @ConditionalOnClass found required classes 'org.springframework.security.web.SecurityFilterChain', 'org.springframework.security.config.annotation.web.builders.HttpSecurity'
2021-Dec-12 19:33:20 [restartedMain] INFO  o.s.b.w.e.t.TomcatWebServer                        - Tomcat initialized with port(s): 8080 (http)
2021-Dec-12 19:33:20 [restartedMain] INFO  o.a.c.h.Http11NioProtocol                          - Initializing ProtocolHandler ["http-nio-8080"]
2021-Dec-12 19:33:20 [restartedMain] INFO  o.a.c.c.StandardService                            - Starting service [Tomcat]
2021-Dec-12 19:33:20 [restartedMain] INFO  o.a.c.c.StandardEngine                             - Starting Servlet engine: [Apache Tomcat/9.0.43]
2021-Dec-12 19:33:20 [restartedMain] INFO  o.a.c.c.C.[.[.[/]                                  - Initializing Spring embedded WebApplicationContext
2021-Dec-12 19:33:20 [restartedMain] INFO  o.s.b.w.s.c.ServletWebServerApplicationContext     - Root WebApplicationContext: initialization completed in 545 ms
2021-Dec-12 19:33:20 [restartedMain] WARN  o.a.c.c.C.[.[.[/]                                  - Cannot deserialize session attribute [SPRING_SECURITY_CONTEXT] for session [7746707DC5A6EE656755989D23EF3699]
2021-Dec-12 19:33:20 [restartedMain] INFO  o.h.j.i.u.LogHelper                                - HHH000204: Processing PersistenceUnitInfo [name: default]
2021-Dec-12 19:33:20 [restartedMain] INFO  c.z.h.HikariDataSource                             - HikariPool-7 - Starting...
2021-Dec-12 19:33:20 [restartedMain] INFO  c.z.h.HikariDataSource                             - HikariPool-7 - Start completed.
2021-Dec-12 19:33:20 [restartedMain] INFO  o.h.d.Dialect                                      - HHH000400: Using dialect: org.hibernate.dialect.MySQL8Dialect
2021-Dec-12 19:33:20 [restartedMain] INFO  o.h.e.t.j.p.i.JtaPlatformInitiator                 - HHH000490: Using JtaPlatform implementation: [org.hibernate.engine.transaction.jta.platform.internal.NoJtaPlatform]
2021-Dec-12 19:33:20 [restartedMain] INFO  o.s.o.j.LocalContainerEntityManagerFactoryBean     - Initialized JPA EntityManagerFactory for persistence unit 'default'
2021-Dec-12 19:33:20 [restartedMain] WARN  o.s.b.a.o.j.JpaBaseConfiguration$JpaWebConfiguration - spring.jpa.open-in-view is enabled by default. Therefore, database queries may be performed during view rendering. Explicitly configure spring.jpa.open-in-view to disable this warning
2021-Dec-12 19:33:20 [restartedMain] INFO  o.s.s.w.DefaultSecurityFilterChain                 - Will secure any request with [org.springframework.security.web.context.request.async.WebAsyncManagerIntegrationFilter@295065e2, org.springframework.security.web.context.SecurityContextPersistenceFilter@1d4de44a, org.springframework.security.web.header.HeaderWriterFilter@39229d60, org.springframework.security.web.csrf.CsrfFilter@5df22a74, org.springframework.security.web.authentication.logout.LogoutFilter@53ba6e10, org.springframework.security.web.authentication.UsernamePasswordAuthenticationFilter@54762256, org.springframework.security.web.authentication.ui.DefaultLoginPageGeneratingFilter@7114f11e, org.springframework.security.web.authentication.ui.DefaultLogoutPageGeneratingFilter@59a90b5f, org.springframework.security.web.savedrequest.RequestCacheAwareFilter@bab691a, org.springframework.security.web.servletapi.SecurityContextHolderAwareRequestFilter@26cf2c92, org.springframework.security.web.authentication.AnonymousAuthenticationFilter@486cef37, org.springframework.security.web.session.SessionManagementFilter@51a0d580, org.springframework.security.web.access.ExceptionTranslationFilter@3044d697, org.springframework.security.web.access.intercept.FilterSecurityInterceptor@4d0b8be6]
2021-Dec-12 19:33:20 [restartedMain] INFO  o.s.s.c.ThreadPoolTaskExecutor                     - Initializing ExecutorService 'applicationTaskExecutor'
2021-Dec-12 19:33:20 [restartedMain] INFO  o.s.b.a.w.s.WelcomePageHandlerMapping              - Adding welcome page template: index
2021-Dec-12 19:33:20 [restartedMain] INFO  o.s.b.d.a.OptionalLiveReloadServer                 - LiveReload server is running on port 35729
2021-Dec-12 19:33:20 [restartedMain] INFO  o.s.b.a.e.w.EndpointLinksResolver                  - Exposing 14 endpoint(s) beneath base path '/actuator'
2021-Dec-12 19:33:20 [restartedMain] INFO  o.a.c.h.Http11NioProtocol                          - Starting ProtocolHandler ["http-nio-8080"]
2021-Dec-12 19:33:20 [restartedMain] INFO  o.s.b.w.e.t.TomcatWebServer                        - Tomcat started on port(s): 8080 (http) with context path ''
2021-Dec-12 19:33:20 [restartedMain] INFO  i.t.c.CrDrReportApplication                        - Started CrDrReportApplication in 1.333 seconds (JVM running for 3324.262)
2021-Dec-12 19:33:20 [restartedMain] INFO  o.s.b.d.a.ConditionEvaluationDeltaLoggingListener  - Condition evaluation unchanged
2021-Dec-12 19:33:24 [http-nio-8080-exec-1] INFO  o.a.c.c.C.[.[.[/]                                  - Initializing Spring DispatcherServlet 'dispatcherServlet'
2021-Dec-12 19:33:24 [http-nio-8080-exec-1] INFO  o.s.w.s.DispatcherServlet                          - Initializing Servlet 'dispatcherServlet'
2021-Dec-12 19:33:24 [http-nio-8080-exec-1] INFO  o.s.w.s.DispatcherServlet                          - Completed initialization in 2 ms
2021-Dec-12 19:33:25 [http-nio-8080-exec-4] INFO  i.t.c.c.AppController                              - Loading TradingPL...
2021-Dec-12 19:34:19 [Thread-50] INFO  o.s.s.c.ThreadPoolTaskExecutor                     - Shutting down ExecutorService 'applicationTaskExecutor'
2021-Dec-12 19:34:19 [Thread-50] INFO  o.s.o.j.LocalContainerEntityManagerFactoryBean     - Closing JPA EntityManagerFactory for persistence unit 'default'
2021-Dec-12 19:34:19 [Thread-50] INFO  c.z.h.HikariDataSource                             - HikariPool-7 - Shutdown initiated...
2021-Dec-12 19:34:19 [Thread-50] INFO  c.z.h.HikariDataSource                             - HikariPool-7 - Shutdown completed.
2021-Dec-12 19:34:19 [restartedMain] INFO  i.t.c.CrDrReportApplication                        - Starting CrDrReportApplication using Java 1.8.0_251 on Olympus with PID 12708 (C:\Users\nandh\eclipse-workspace\CrDrReport\target\classes started by nandh in C:\Users\nandh\eclipse-workspace\CrDrReport)
2021-Dec-12 19:34:19 [restartedMain] INFO  i.t.c.CrDrReportApplication                        - No active profile set, falling back to default profiles: default
2021-Dec-12 19:34:19 [restartedMain] TRACE o.s.b.a.s.DefaultWebSecurityCondition              - Condition DefaultWebSecurityCondition on org.springframework.boot.actuate.autoconfigure.security.servlet.ManagementWebSecurityAutoConfiguration did not match due to AllNestedConditions 1 matched 1 did not; NestedCondition on DefaultWebSecurityCondition.Beans @ConditionalOnMissingBean (types: org.springframework.security.config.annotation.web.configuration.WebSecurityConfigurerAdapter,org.springframework.security.web.SecurityFilterChain; SearchStrategy: all) found beans of type 'org.springframework.security.config.annotation.web.configuration.WebSecurityConfigurerAdapter' webSecurityConfig; NestedCondition on DefaultWebSecurityCondition.Classes @ConditionalOnClass found required classes 'org.springframework.security.web.SecurityFilterChain', 'org.springframework.security.config.annotation.web.builders.HttpSecurity'
2021-Dec-12 19:34:19 [restartedMain] INFO  o.s.d.r.c.RepositoryConfigurationDelegate          - Bootstrapping Spring Data JPA repositories in DEFAULT mode.
2021-Dec-12 19:34:19 [restartedMain] INFO  o.s.d.r.c.RepositoryConfigurationDelegate          - Finished Spring Data repository scanning in 34 ms. Found 7 JPA repository interfaces.
2021-Dec-12 19:34:19 [restartedMain] TRACE o.s.b.a.s.r.ReactiveUserDetailsServiceAutoConfiguration$ReactiveUserDetailsServiceCondition - Condition ReactiveUserDetailsServiceAutoConfiguration.ReactiveUserDetailsServiceCondition on org.springframework.boot.autoconfigure.security.reactive.ReactiveUserDetailsServiceAutoConfiguration did not match due to AnyNestedCondition 0 matched 2 did not; NestedCondition on ReactiveUserDetailsServiceAutoConfiguration.ReactiveUserDetailsServiceCondition.ReactiveWebApplicationCondition did not find reactive web application classes; NestedCondition on ReactiveUserDetailsServiceAutoConfiguration.ReactiveUserDetailsServiceCondition.RSocketSecurityEnabledCondition @ConditionalOnBean (types: org.springframework.messaging.rsocket.annotation.support.RSocketMessageHandler; SearchStrategy: all) did not find any beans of type org.springframework.messaging.rsocket.annotation.support.RSocketMessageHandler
2021-Dec-12 19:34:19 [restartedMain] TRACE o.s.b.a.s.DefaultWebSecurityCondition              - Condition DefaultWebSecurityCondition on org.springframework.boot.autoconfigure.security.servlet.SpringBootWebSecurityConfiguration did not match due to AllNestedConditions 1 matched 1 did not; NestedCondition on DefaultWebSecurityCondition.Beans @ConditionalOnMissingBean (types: org.springframework.security.config.annotation.web.configuration.WebSecurityConfigurerAdapter,org.springframework.security.web.SecurityFilterChain; SearchStrategy: all) found beans of type 'org.springframework.security.config.annotation.web.configuration.WebSecurityConfigurerAdapter' webSecurityConfig; NestedCondition on DefaultWebSecurityCondition.Classes @ConditionalOnClass found required classes 'org.springframework.security.web.SecurityFilterChain', 'org.springframework.security.config.annotation.web.builders.HttpSecurity'
2021-Dec-12 19:34:20 [restartedMain] INFO  o.s.b.w.e.t.TomcatWebServer                        - Tomcat initialized with port(s): 8080 (http)
2021-Dec-12 19:34:20 [restartedMain] INFO  o.a.c.h.Http11NioProtocol                          - Initializing ProtocolHandler ["http-nio-8080"]
2021-Dec-12 19:34:20 [restartedMain] INFO  o.a.c.c.StandardService                            - Starting service [Tomcat]
2021-Dec-12 19:34:20 [restartedMain] INFO  o.a.c.c.StandardEngine                             - Starting Servlet engine: [Apache Tomcat/9.0.43]
2021-Dec-12 19:34:20 [restartedMain] INFO  o.a.c.c.C.[.[.[/]                                  - Initializing Spring embedded WebApplicationContext
2021-Dec-12 19:34:20 [restartedMain] INFO  o.s.b.w.s.c.ServletWebServerApplicationContext     - Root WebApplicationContext: initialization completed in 506 ms
2021-Dec-12 19:34:20 [restartedMain] WARN  o.a.c.c.C.[.[.[/]                                  - Cannot deserialize session attribute [SPRING_SECURITY_CONTEXT] for session [B91260B7FEEE9BB6A56D45CED4C43757]
2021-Dec-12 19:34:20 [restartedMain] INFO  o.h.j.i.u.LogHelper                                - HHH000204: Processing PersistenceUnitInfo [name: default]
2021-Dec-12 19:34:20 [restartedMain] INFO  c.z.h.HikariDataSource                             - HikariPool-8 - Starting...
2021-Dec-12 19:34:20 [restartedMain] INFO  c.z.h.HikariDataSource                             - HikariPool-8 - Start completed.
2021-Dec-12 19:34:20 [restartedMain] INFO  o.h.d.Dialect                                      - HHH000400: Using dialect: org.hibernate.dialect.MySQL8Dialect
2021-Dec-12 19:34:20 [restartedMain] INFO  o.h.e.t.j.p.i.JtaPlatformInitiator                 - HHH000490: Using JtaPlatform implementation: [org.hibernate.engine.transaction.jta.platform.internal.NoJtaPlatform]
2021-Dec-12 19:34:20 [restartedMain] INFO  o.s.o.j.LocalContainerEntityManagerFactoryBean     - Initialized JPA EntityManagerFactory for persistence unit 'default'
2021-Dec-12 19:34:20 [restartedMain] WARN  o.s.b.a.o.j.JpaBaseConfiguration$JpaWebConfiguration - spring.jpa.open-in-view is enabled by default. Therefore, database queries may be performed during view rendering. Explicitly configure spring.jpa.open-in-view to disable this warning
2021-Dec-12 19:34:20 [restartedMain] INFO  o.s.s.w.DefaultSecurityFilterChain                 - Will secure any request with [org.springframework.security.web.context.request.async.WebAsyncManagerIntegrationFilter@7990334a, org.springframework.security.web.context.SecurityContextPersistenceFilter@436ff1cd, org.springframework.security.web.header.HeaderWriterFilter@7ad65eb9, org.springframework.security.web.csrf.CsrfFilter@3675ab2, org.springframework.security.web.authentication.logout.LogoutFilter@5b4eb932, org.springframework.security.web.authentication.UsernamePasswordAuthenticationFilter@31681408, org.springframework.security.web.authentication.ui.DefaultLoginPageGeneratingFilter@135881ae, org.springframework.security.web.authentication.ui.DefaultLogoutPageGeneratingFilter@46bd828c, org.springframework.security.web.savedrequest.RequestCacheAwareFilter@5be302b, org.springframework.security.web.servletapi.SecurityContextHolderAwareRequestFilter@4d5595b3, org.springframework.security.web.authentication.AnonymousAuthenticationFilter@53bcb9df, org.springframework.security.web.session.SessionManagementFilter@7a6486f9, org.springframework.security.web.access.ExceptionTranslationFilter@4da166c5, org.springframework.security.web.access.intercept.FilterSecurityInterceptor@7ced2f33]
2021-Dec-12 19:34:20 [restartedMain] INFO  o.s.s.c.ThreadPoolTaskExecutor                     - Initializing ExecutorService 'applicationTaskExecutor'
2021-Dec-12 19:34:20 [restartedMain] INFO  o.s.b.a.w.s.WelcomePageHandlerMapping              - Adding welcome page template: index
2021-Dec-12 19:34:20 [restartedMain] INFO  o.s.b.d.a.OptionalLiveReloadServer                 - LiveReload server is running on port 35729
2021-Dec-12 19:34:20 [restartedMain] INFO  o.s.b.a.e.w.EndpointLinksResolver                  - Exposing 14 endpoint(s) beneath base path '/actuator'
2021-Dec-12 19:34:20 [restartedMain] INFO  o.a.c.h.Http11NioProtocol                          - Starting ProtocolHandler ["http-nio-8080"]
2021-Dec-12 19:34:20 [restartedMain] INFO  o.s.b.w.e.t.TomcatWebServer                        - Tomcat started on port(s): 8080 (http) with context path ''
2021-Dec-12 19:34:20 [restartedMain] INFO  i.t.c.CrDrReportApplication                        - Started CrDrReportApplication in 1.251 seconds (JVM running for 3384.067)
2021-Dec-12 19:34:20 [restartedMain] INFO  o.s.b.d.a.ConditionEvaluationDeltaLoggingListener  - Condition evaluation unchanged
2021-Dec-12 19:35:14 [http-nio-8080-exec-1] INFO  o.a.c.c.C.[.[.[/]                                  - Initializing Spring DispatcherServlet 'dispatcherServlet'
2021-Dec-12 19:35:14 [http-nio-8080-exec-1] INFO  o.s.w.s.DispatcherServlet                          - Initializing Servlet 'dispatcherServlet'
2021-Dec-12 19:35:14 [http-nio-8080-exec-1] INFO  o.s.w.s.DispatcherServlet                          - Completed initialization in 1 ms
2021-Dec-12 19:35:17 [http-nio-8080-exec-4] INFO  i.t.c.c.AppController                              - Reports Page loading...
2021-Dec-12 19:35:19 [http-nio-8080-exec-7] INFO  i.t.c.c.AppController                              - Loading TradingPL...
2021-Dec-12 19:35:28 [http-nio-8080-exec-3] INFO  i.t.c.c.AppController                              - Reports Page loading...
2021-Dec-12 19:35:29 [http-nio-8080-exec-6] INFO  i.t.c.c.AppController                              - Loading Balance Sheet...
2021-Dec-12 19:36:07 [http-nio-8080-exec-10] INFO  i.t.c.c.AppController                              - Reports Page loading...
2021-Dec-12 19:36:08 [http-nio-8080-exec-8] INFO  i.t.c.c.AppController                              - Loading TradingPL...
2021-Dec-12 19:36:55 [http-nio-8080-exec-1] INFO  i.t.c.c.AppController                              - Loading TradingPL...
2021-Dec-12 19:36:57 [http-nio-8080-exec-8] INFO  i.t.c.c.AppController                              - Loading TradingPL...
2021-Dec-12 19:37:03 [http-nio-8080-exec-1] INFO  i.t.c.c.AppController                              - Loading TradingPL...
2021-Dec-12 19:38:58 [http-nio-8080-exec-6] INFO  i.t.c.c.AppController                              - Loading TradingPL...
2021-Dec-12 19:39:00 [http-nio-8080-exec-5] INFO  i.t.c.c.AppController                              - Loading TradingPL...
2021-Dec-12 19:47:13 [http-nio-8080-exec-4] INFO  i.t.c.c.AppController                              - Loading TradingPL...
2021-Dec-12 19:47:30 [http-nio-8080-exec-9] INFO  i.t.c.c.AppController                              - Reports Page loading...
2021-Dec-12 19:47:31 [http-nio-8080-exec-1] INFO  i.t.c.c.AppController                              - Loading TradingPL...
2021-Dec-12 19:48:14 [http-nio-8080-exec-7] INFO  i.t.c.c.AppController                              - Loading TradingPL...
2021-Dec-12 19:48:24 [http-nio-8080-exec-1] INFO  i.t.c.c.AppController                              - Reports Page loading...
2021-Dec-12 19:48:25 [http-nio-8080-exec-5] INFO  i.t.c.c.AppController                              - Loading Balance Sheet...
2021-Dec-12 19:48:31 [http-nio-8080-exec-3] INFO  i.t.c.c.AppController                              - Reports Page loading...
2021-Dec-12 19:48:32 [http-nio-8080-exec-4] INFO  i.t.c.c.AppController                              - Loading Balance Sheet...
2021-Dec-12 19:48:34 [http-nio-8080-exec-6] INFO  i.t.c.c.AppController                              - Reports Page loading...
2021-Dec-12 19:48:35 [http-nio-8080-exec-2] INFO  i.t.c.c.AppController                              - Loading Trial Balance...
2021-Dec-12 19:48:46 [RMI TCP Connection(114)-127.0.0.1] INFO  o.s.b.a.SpringApplicationAdminMXBeanRegistrar$SpringApplicationAdmin - Application shutdown requested.
2021-Dec-12 19:48:47 [RMI TCP Connection(114)-127.0.0.1] INFO  o.s.s.c.ThreadPoolTaskExecutor                     - Shutting down ExecutorService 'applicationTaskExecutor'
2021-Dec-12 19:48:47 [RMI TCP Connection(114)-127.0.0.1] INFO  o.s.o.j.LocalContainerEntityManagerFactoryBean     - Closing JPA EntityManagerFactory for persistence unit 'default'
2021-Dec-12 19:48:47 [RMI TCP Connection(114)-127.0.0.1] INFO  c.z.h.HikariDataSource                             - HikariPool-8 - Shutdown initiated...
2021-Dec-12 19:48:47 [RMI TCP Connection(114)-127.0.0.1] INFO  c.z.h.HikariDataSource                             - HikariPool-8 - Shutdown completed.
2021-Dec-13 12:45:56 [restartedMain] INFO  i.t.c.CrDrReportApplication                        - Starting CrDrReportApplication using Java 1.8.0_251 on Olympus with PID 16260 (C:\Users\nandh\eclipse-workspace\CrDrReport\target\classes started by nandh in C:\Users\nandh\eclipse-workspace\CrDrReport)
2021-Dec-13 12:45:56 [restartedMain] INFO  i.t.c.CrDrReportApplication                        - No active profile set, falling back to default profiles: default
2021-Dec-13 12:45:56 [restartedMain] INFO  o.s.b.d.e.DevToolsPropertyDefaultsPostProcessor    - Devtools property defaults active! Set 'spring.devtools.add-properties' to 'false' to disable
2021-Dec-13 12:45:56 [restartedMain] INFO  o.s.b.d.e.DevToolsPropertyDefaultsPostProcessor    - For additional web related logging consider setting the 'logging.level.web' property to 'DEBUG'
2021-Dec-13 12:45:56 [restartedMain] TRACE o.s.b.a.s.DefaultWebSecurityCondition              - Condition DefaultWebSecurityCondition on org.springframework.boot.actuate.autoconfigure.security.servlet.ManagementWebSecurityAutoConfiguration did not match due to AllNestedConditions 1 matched 1 did not; NestedCondition on DefaultWebSecurityCondition.Beans @ConditionalOnMissingBean (types: org.springframework.security.config.annotation.web.configuration.WebSecurityConfigurerAdapter,org.springframework.security.web.SecurityFilterChain; SearchStrategy: all) found beans of type 'org.springframework.security.config.annotation.web.configuration.WebSecurityConfigurerAdapter' webSecurityConfig; NestedCondition on DefaultWebSecurityCondition.Classes @ConditionalOnClass found required classes 'org.springframework.security.web.SecurityFilterChain', 'org.springframework.security.config.annotation.web.builders.HttpSecurity'
2021-Dec-13 12:45:56 [restartedMain] INFO  o.s.d.r.c.RepositoryConfigurationDelegate          - Bootstrapping Spring Data JPA repositories in DEFAULT mode.
2021-Dec-13 12:45:57 [restartedMain] INFO  o.s.d.r.c.RepositoryConfigurationDelegate          - Finished Spring Data repository scanning in 85 ms. Found 7 JPA repository interfaces.
2021-Dec-13 12:45:57 [restartedMain] TRACE o.s.b.a.s.r.ReactiveUserDetailsServiceAutoConfiguration$ReactiveUserDetailsServiceCondition - Condition ReactiveUserDetailsServiceAutoConfiguration.ReactiveUserDetailsServiceCondition on org.springframework.boot.autoconfigure.security.reactive.ReactiveUserDetailsServiceAutoConfiguration did not match due to AnyNestedCondition 0 matched 2 did not; NestedCondition on ReactiveUserDetailsServiceAutoConfiguration.ReactiveUserDetailsServiceCondition.ReactiveWebApplicationCondition did not find reactive web application classes; NestedCondition on ReactiveUserDetailsServiceAutoConfiguration.ReactiveUserDetailsServiceCondition.RSocketSecurityEnabledCondition @ConditionalOnBean (types: org.springframework.messaging.rsocket.annotation.support.RSocketMessageHandler; SearchStrategy: all) did not find any beans of type org.springframework.messaging.rsocket.annotation.support.RSocketMessageHandler
2021-Dec-13 12:45:57 [restartedMain] TRACE o.s.b.a.s.DefaultWebSecurityCondition              - Condition DefaultWebSecurityCondition on org.springframework.boot.autoconfigure.security.servlet.SpringBootWebSecurityConfiguration did not match due to AllNestedConditions 1 matched 1 did not; NestedCondition on DefaultWebSecurityCondition.Beans @ConditionalOnMissingBean (types: org.springframework.security.config.annotation.web.configuration.WebSecurityConfigurerAdapter,org.springframework.security.web.SecurityFilterChain; SearchStrategy: all) found beans of type 'org.springframework.security.config.annotation.web.configuration.WebSecurityConfigurerAdapter' webSecurityConfig; NestedCondition on DefaultWebSecurityCondition.Classes @ConditionalOnClass found required classes 'org.springframework.security.web.SecurityFilterChain', 'org.springframework.security.config.annotation.web.builders.HttpSecurity'
2021-Dec-13 12:45:57 [restartedMain] INFO  o.s.b.w.e.t.TomcatWebServer                        - Tomcat initialized with port(s): 8080 (http)
2021-Dec-13 12:45:57 [restartedMain] INFO  o.a.c.h.Http11NioProtocol                          - Initializing ProtocolHandler ["http-nio-8080"]
2021-Dec-13 12:45:57 [restartedMain] INFO  o.a.c.c.StandardService                            - Starting service [Tomcat]
2021-Dec-13 12:45:57 [restartedMain] INFO  o.a.c.c.StandardEngine                             - Starting Servlet engine: [Apache Tomcat/9.0.43]
2021-Dec-13 12:45:58 [restartedMain] INFO  o.a.c.c.C.[.[.[/]                                  - Initializing Spring embedded WebApplicationContext
2021-Dec-13 12:45:58 [restartedMain] INFO  o.s.b.w.s.c.ServletWebServerApplicationContext     - Root WebApplicationContext: initialization completed in 1963 ms
2021-Dec-13 12:45:58 [restartedMain] WARN  o.a.c.c.C.[.[.[/]                                  - Cannot deserialize session attribute [SPRING_SECURITY_CONTEXT] for session [57A96B24A21EAFD570480E434212E9F5]
2021-Dec-13 12:45:58 [restartedMain] INFO  o.h.j.i.u.LogHelper                                - HHH000204: Processing PersistenceUnitInfo [name: default]
2021-Dec-13 12:45:58 [restartedMain] INFO  o.h.Version                                        - HHH000412: Hibernate ORM core version 5.4.28.Final
2021-Dec-13 12:45:58 [restartedMain] INFO  o.h.a.c.Version                                    - HCANN000001: Hibernate Commons Annotations {5.1.2.Final}
2021-Dec-13 12:45:58 [restartedMain] INFO  c.z.h.HikariDataSource                             - HikariPool-1 - Starting...
2021-Dec-13 12:45:59 [restartedMain] INFO  c.z.h.HikariDataSource                             - HikariPool-1 - Start completed.
2021-Dec-13 12:45:59 [restartedMain] INFO  o.h.d.Dialect                                      - HHH000400: Using dialect: org.hibernate.dialect.MySQL8Dialect
2021-Dec-13 12:46:00 [restartedMain] INFO  o.h.e.t.j.p.i.JtaPlatformInitiator                 - HHH000490: Using JtaPlatform implementation: [org.hibernate.engine.transaction.jta.platform.internal.NoJtaPlatform]
2021-Dec-13 12:46:00 [restartedMain] INFO  o.s.o.j.LocalContainerEntityManagerFactoryBean     - Initialized JPA EntityManagerFactory for persistence unit 'default'
2021-Dec-13 12:46:02 [restartedMain] WARN  o.s.b.a.o.j.JpaBaseConfiguration$JpaWebConfiguration - spring.jpa.open-in-view is enabled by default. Therefore, database queries may be performed during view rendering. Explicitly configure spring.jpa.open-in-view to disable this warning
2021-Dec-13 12:46:02 [restartedMain] INFO  o.s.s.w.DefaultSecurityFilterChain                 - Will secure any request with [org.springframework.security.web.context.request.async.WebAsyncManagerIntegrationFilter@629f4259, org.springframework.security.web.context.SecurityContextPersistenceFilter@256ad05e, org.springframework.security.web.header.HeaderWriterFilter@102955e6, org.springframework.security.web.csrf.CsrfFilter@fe95f7, org.springframework.security.web.authentication.logout.LogoutFilter@4f1be422, org.springframework.security.web.authentication.UsernamePasswordAuthenticationFilter@75b32dbf, org.springframework.security.web.authentication.ui.DefaultLoginPageGeneratingFilter@5336d077, org.springframework.security.web.authentication.ui.DefaultLogoutPageGeneratingFilter@5e51e072, org.springframework.security.web.savedrequest.RequestCacheAwareFilter@7763542f, org.springframework.security.web.servletapi.SecurityContextHolderAwareRequestFilter@5c9f2553, org.springframework.security.web.authentication.AnonymousAuthenticationFilter@30a09026, org.springframework.security.web.session.SessionManagementFilter@2d2387a5, org.springframework.security.web.access.ExceptionTranslationFilter@5df4098b, org.springframework.security.web.access.intercept.FilterSecurityInterceptor@6796a30e]
2021-Dec-13 12:46:02 [restartedMain] INFO  o.s.s.c.ThreadPoolTaskExecutor                     - Initializing ExecutorService 'applicationTaskExecutor'
2021-Dec-13 12:46:02 [restartedMain] INFO  o.s.b.a.w.s.WelcomePageHandlerMapping              - Adding welcome page template: index
2021-Dec-13 12:46:03 [restartedMain] INFO  o.s.b.d.a.OptionalLiveReloadServer                 - LiveReload server is running on port 35729
2021-Dec-13 12:46:03 [restartedMain] INFO  o.s.b.a.e.w.EndpointLinksResolver                  - Exposing 14 endpoint(s) beneath base path '/actuator'
2021-Dec-13 12:46:03 [restartedMain] INFO  o.a.c.h.Http11NioProtocol                          - Starting ProtocolHandler ["http-nio-8080"]
2021-Dec-13 12:46:03 [restartedMain] INFO  o.s.b.w.e.t.TomcatWebServer                        - Tomcat started on port(s): 8080 (http) with context path ''
2021-Dec-13 12:46:03 [restartedMain] INFO  i.t.c.CrDrReportApplication                        - Started CrDrReportApplication in 7.902 seconds (JVM running for 9.334)
2021-Dec-13 12:46:05 [RMI TCP Connection(3)-127.0.0.1] INFO  o.a.c.c.C.[.[.[/]                                  - Initializing Spring DispatcherServlet 'dispatcherServlet'
2021-Dec-13 12:46:05 [RMI TCP Connection(3)-127.0.0.1] INFO  o.s.w.s.DispatcherServlet                          - Initializing Servlet 'dispatcherServlet'
2021-Dec-13 12:46:05 [RMI TCP Connection(3)-127.0.0.1] INFO  o.s.w.s.DispatcherServlet                          - Completed initialization in 1 ms
